process id: 5
sorted processes: None
ip: 0.0.0.0
port: 3005
client port: 4005
addresses: [("10.10.1.11:3006", Some(85ms)), ("10.10.1.13:3007", Some(104ms)), ("10.10.1.15:3008", Some(121ms)), ("10.10.1.17:3009", Some(77ms)), ("10.10.1.1:3001", Some(56ms)), ("10.10.1.3:3002", Some(81ms)), ("10.10.1.5:3003", Some(110ms)), ("10.10.1.7:3004", Some(60ms))]
config: Config { n: 9, f: 2, shard_count: 1, execute_at_commit: false, executor_cleanup_interval: 10ms, executor_executed_notification_interval: 50ms, executor_monitor_pending_interval: None, executor_monitor_execution_order: false, gc_interval: Some(50ms), leader: None, nfr: false, tempo_tiny_quorums: false, tempo_clock_bump_interval: None, tempo_detached_send_interval: Some(5ms), caesar_wait_condition: true, skip_fast_ack: false }
tcp_nodelay: true
tcp buffer size: 16777216
tcp flush interval: Some(5ms)
process channel buffer size: 100000000
client channel buffer size: 10000
workers: 16
executors: 16
multiplexing: 16
execution log: None
ping_interval: Some(500ms)
metrics file: Some("server_5.metrics")
stack size: 33554432
cpus: 8 of 16
failed to connect to "10.10.1.11:3006": Connection refused (os error 111)
will try again in 1 second (1 out of 100)
[metrics_logger] started with log server_5.metrics
process 5 started
[ping_task] 2: avg=162   std=0     p95=162   p99=162   p99.9=162   p99.99=162   min=162   max=162  
[ping_task] 8: avg=242   std=0     p95=242   p99=242   p99.9=242   p99.99=242   min=242   max=242  
[ping_task] 9: avg=154   std=0     p95=154   p99=154   p99.9=154   p99.99=154   min=154   max=154  
[ping_task] 1: avg=112   std=0     p95=112   p99=112   p99.9=112   p99.99=112   min=112   max=112  
[ping_task] 7: avg=208   std=0     p95=208   p99=208   p99.9=208   p99.99=208   min=208   max=208  
[ping_task] 3: avg=220   std=0     p95=220   p99=220   p99.9=220   p99.99=220   min=220   max=220  
[ping_task] 6: avg=170   std=0     p95=170   p99=170   p99.9=170   p99.99=170   min=170   max=170  
[ping_task] 4: avg=120   std=0     p95=120   p99=120   p99.9=120   p99.99=120   min=120   max=120  
[ping_task] 2: avg=162   std=0     p95=162   p99=162   p99.9=162   p99.99=162   min=162   max=162  
[ping_task] 8: avg=242   std=0     p95=242   p99=242   p99.9=242   p99.99=242   min=242   max=242  
[ping_task] 9: avg=154   std=0     p95=154   p99=154   p99.9=154   p99.99=154   min=154   max=154  
[ping_task] 1: avg=112   std=0     p95=112   p99=112   p99.9=112   p99.99=112   min=112   max=112  
[ping_task] 7: avg=208   std=0     p95=208   p99=208   p99.9=208   p99.99=208   min=208   max=208  
[ping_task] 3: avg=220   std=0     p95=220   p99=220   p99.9=220   p99.99=220   min=220   max=220  
[ping_task] 6: avg=170   std=0     p95=170   p99=170   p99.9=170   p99.99=170   min=170   max=170  
[ping_task] 4: avg=120   std=0     p95=120   p99=120   p99.9=120   p99.99=120   min=120   max=120  
[ping_task] 2: avg=162   std=0     p95=162   p99=162   p99.9=162   p99.99=162   min=162   max=162  
[ping_task] 8: avg=242   std=0     p95=242   p99=242   p99.9=242   p99.99=242   min=242   max=242  
[ping_task] 9: avg=154   std=0     p95=154   p99=154   p99.9=154   p99.99=154   min=154   max=154  
[ping_task] 1: avg=112   std=0     p95=112   p99=112   p99.9=112   p99.99=112   min=112   max=112  
[ping_task] 7: avg=208   std=0     p95=208   p99=208   p99.9=208   p99.99=208   min=208   max=208  
[ping_task] 3: avg=220   std=0     p95=220   p99=220   p99.9=220   p99.99=220   min=220   max=220  
[ping_task] 6: avg=170   std=0     p95=170   p99=170   p99.9=170   p99.99=170   min=170   max=170  
[ping_task] 4: avg=120   std=0     p95=120   p99=120   p99.9=120   p99.99=120   min=120   max=120  
[ping_task] 2: avg=162   std=0     p95=162   p99=162   p99.9=162   p99.99=162   min=162   max=162  
[ping_task] 8: avg=242   std=0     p95=242   p99=242   p99.9=242   p99.99=242   min=242   max=242  
[ping_task] 9: avg=154   std=0     p95=154   p99=154   p99.9=154   p99.99=154   min=154   max=154  
[ping_task] 1: avg=112   std=0     p95=112   p99=112   p99.9=112   p99.99=112   min=112   max=112  
[ping_task] 7: avg=208   std=0     p95=208   p99=208   p99.9=208   p99.99=208   min=208   max=208  
[ping_task] 3: avg=220   std=0     p95=220   p99=220   p99.9=220   p99.99=220   min=220   max=220  
[ping_task] 6: avg=170   std=0     p95=170   p99=170   p99.9=170   p99.99=170   min=170   max=170  
[ping_task] 4: avg=120   std=0     p95=120   p99=120   p99.9=120   p99.99=120   min=120   max=120  
[ping_task] 2: avg=162   std=0     p95=162   p99=162   p99.9=162   p99.99=162   min=162   max=162  
[ping_task] 8: avg=242   std=0     p95=242   p99=242   p99.9=242   p99.99=242   min=242   max=242  
[ping_task] 9: avg=154   std=0     p95=154   p99=154   p99.9=154   p99.99=154   min=154   max=154  
[ping_task] 1: avg=112   std=0     p95=112   p99=112   p99.9=112   p99.99=112   min=112   max=112  
[ping_task] 7: avg=208   std=0     p95=208   p99=208   p99.9=208   p99.99=208   min=208   max=208  
[ping_task] 3: avg=220   std=0     p95=220   p99=220   p99.9=220   p99.99=220   min=220   max=220  
[ping_task] 6: avg=170   std=0     p95=170   p99=170   p99.9=170   p99.99=170   min=170   max=170  
[ping_task] 4: avg=120   std=0     p95=120   p99=120   p99.9=120   p99.99=120   min=120   max=120  
[ping_task] 2: avg=162   std=0     p95=162   p99=162   p99.9=162   p99.99=162   min=162   max=162  
[ping_task] 8: avg=242   std=0     p95=242   p99=242   p99.9=242   p99.99=242   min=242   max=242  
[ping_task] 9: avg=154   std=0     p95=154   p99=154   p99.9=154   p99.99=154   min=154   max=154  
[ping_task] 1: avg=112   std=0     p95=112   p99=112   p99.9=112   p99.99=112   min=112   max=112  
[ping_task] 7: avg=208   std=0     p95=208   p99=208   p99.9=208   p99.99=208   min=208   max=208  
[ping_task] 3: avg=220   std=0     p95=220   p99=220   p99.9=220   p99.99=220   min=220   max=220  
[ping_task] 6: avg=170   std=0     p95=170   p99=170   p99.9=170   p99.99=170   min=170   max=170  
[ping_task] 4: avg=120   std=0     p95=120   p99=120   p99.9=120   p99.99=120   min=120   max=120  
[ping_task] 2: avg=162   std=0     p95=162   p99=162   p99.9=162   p99.99=162   min=162   max=162  
[ping_task] 8: avg=242   std=0     p95=242   p99=242   p99.9=242   p99.99=242   min=242   max=242  
[ping_task] 9: avg=154   std=0     p95=154   p99=154   p99.9=154   p99.99=154   min=154   max=154  
[ping_task] 1: avg=112   std=0     p95=112   p99=112   p99.9=112   p99.99=112   min=112   max=112  
[ping_task] 7: avg=208   std=0     p95=208   p99=208   p99.9=208   p99.99=208   min=208   max=208  
[ping_task] 3: avg=220   std=0     p95=220   p99=220   p99.9=220   p99.99=220   min=220   max=220  
[ping_task] 6: avg=170   std=0     p95=170   p99=170   p99.9=170   p99.99=170   min=170   max=170  
[ping_task] 4: avg=120   std=0     p95=120   p99=120   p99.9=120   p99.99=120   min=120   max=120  
[ping_task] 2: avg=162   std=0     p95=162   p99=162   p99.9=162   p99.99=162   min=162   max=162  
[ping_task] 8: avg=242   std=0     p95=242   p99=242   p99.9=242   p99.99=242   min=242   max=242  
[ping_task] 9: avg=154   std=0     p95=154   p99=154   p99.9=154   p99.99=154   min=154   max=154  
[ping_task] 1: avg=112   std=0     p95=112   p99=112   p99.9=112   p99.99=112   min=112   max=112  
[ping_task] 7: avg=208   std=0     p95=208   p99=208   p99.9=208   p99.99=208   min=208   max=208  
[ping_task] 3: avg=220   std=0     p95=220   p99=220   p99.9=220   p99.99=220   min=220   max=220  
[ping_task] 6: avg=170   std=0     p95=170   p99=170   p99.9=170   p99.99=170   min=170   max=170  
[ping_task] 4: avg=120   std=0     p95=120   p99=120   p99.9=120   p99.99=120   min=120   max=120  
[ping_task] 2: avg=162   std=0     p95=162   p99=162   p99.9=162   p99.99=162   min=162   max=162  
[ping_task] 8: avg=242   std=0     p95=242   p99=242   p99.9=242   p99.99=242   min=242   max=242  
[ping_task] 9: avg=154   std=0     p95=154   p99=154   p99.9=154   p99.99=154   min=154   max=154  
[ping_task] 1: avg=112   std=0     p95=112   p99=112   p99.9=112   p99.99=112   min=112   max=112  
[ping_task] 7: avg=208   std=0     p95=208   p99=208   p99.9=208   p99.99=208   min=208   max=208  
[ping_task] 3: avg=220   std=0     p95=220   p99=220   p99.9=220   p99.99=220   min=220   max=220  
[ping_task] 6: avg=170   std=0     p95=170   p99=170   p99.9=170   p99.99=170   min=170   max=170  
[ping_task] 4: avg=120   std=0     p95=120   p99=120   p99.9=120   p99.99=120   min=120   max=120  
[ping_task] 2: avg=162   std=0     p95=162   p99=162   p99.9=162   p99.99=162   min=162   max=162  
[ping_task] 8: avg=242   std=0     p95=242   p99=242   p99.9=242   p99.99=242   min=242   max=242  
[ping_task] 9: avg=154   std=0     p95=154   p99=154   p99.9=154   p99.99=154   min=154   max=154  
[ping_task] 1: avg=112   std=0     p95=112   p99=112   p99.9=112   p99.99=112   min=112   max=112  
[ping_task] 7: avg=208   std=0     p95=208   p99=208   p99.9=208   p99.99=208   min=208   max=208  
[ping_task] 3: avg=220   std=0     p95=220   p99=220   p99.9=220   p99.99=220   min=220   max=220  
[ping_task] 6: avg=170   std=0     p95=170   p99=170   p99.9=170   p99.99=170   min=170   max=170  
[ping_task] 4: avg=120   std=0     p95=120   p99=120   p99.9=120   p99.99=120   min=120   max=120  
[ping_task] 2: avg=162   std=0     p95=162   p99=162   p99.9=162   p99.99=162   min=162   max=162  
[ping_task] 8: avg=242   std=0     p95=242   p99=242   p99.9=242   p99.99=242   min=242   max=242  
[ping_task] 9: avg=154   std=0     p95=154   p99=154   p99.9=154   p99.99=154   min=154   max=154  
[ping_task] 1: avg=112   std=0     p95=112   p99=112   p99.9=112   p99.99=112   min=112   max=112  
[ping_task] 7: avg=208   std=0     p95=208   p99=208   p99.9=208   p99.99=208   min=208   max=208  
[ping_task] 3: avg=220   std=0     p95=220   p99=220   p99.9=220   p99.99=220   min=220   max=220  
[ping_task] 6: avg=170   std=0     p95=170   p99=170   p99.9=170   p99.99=170   min=170   max=170  
[ping_task] 4: avg=120   std=0     p95=120   p99=120   p99.9=120   p99.99=120   min=120   max=120  
[ping_task] 2: avg=162   std=0     p95=162   p99=162   p99.9=162   p99.99=162   min=162   max=162  
[ping_task] 8: avg=242   std=0     p95=242   p99=242   p99.9=242   p99.99=242   min=242   max=242  
[ping_task] 9: avg=154   std=0     p95=154   p99=154   p99.9=154   p99.99=154   min=154   max=154  
[ping_task] 1: avg=112   std=0     p95=112   p99=112   p99.9=112   p99.99=112   min=112   max=112  
[ping_task] 7: avg=208   std=0     p95=208   p99=208   p99.9=208   p99.99=208   min=208   max=208  
[ping_task] 3: avg=220   std=0     p95=220   p99=220   p99.9=220   p99.99=220   min=220   max=220  
[ping_task] 6: avg=170   std=0     p95=170   p99=170   p99.9=170   p99.99=170   min=170   max=170  
[ping_task] 4: avg=120   std=0     p95=120   p99=120   p99.9=120   p99.99=120   min=120   max=120  
[ping_task] 2: avg=162   std=0     p95=162   p99=162   p99.9=162   p99.99=162   min=162   max=162  
[ping_task] 8: avg=242   std=0     p95=242   p99=242   p99.9=242   p99.99=242   min=242   max=242  
[ping_task] 9: avg=154   std=0     p95=154   p99=154   p99.9=154   p99.99=154   min=154   max=154  
[ping_task] 1: avg=112   std=0     p95=112   p99=112   p99.9=112   p99.99=112   min=112   max=112  
[ping_task] 7: avg=208   std=0     p95=208   p99=208   p99.9=208   p99.99=208   min=208   max=208  
[ping_task] 3: avg=220   std=0     p95=220   p99=220   p99.9=220   p99.99=220   min=220   max=220  
[ping_task] 6: avg=170   std=0     p95=170   p99=170   p99.9=170   p99.99=170   min=170   max=170  
[ping_task] 4: avg=120   std=0     p95=120   p99=120   p99.9=120   p99.99=120   min=120   max=120  
[ping_task] 2: avg=162   std=0     p95=162   p99=162   p99.9=162   p99.99=162   min=162   max=162  
[ping_task] 8: avg=242   std=0     p95=242   p99=242   p99.9=242   p99.99=242   min=242   max=242  
[ping_task] 9: avg=154   std=0     p95=154   p99=154   p99.9=154   p99.99=154   min=154   max=154  
[ping_task] 1: avg=112   std=0     p95=112   p99=112   p99.9=112   p99.99=112   min=112   max=112  
[ping_task] 7: avg=208   std=0     p95=208   p99=208   p99.9=208   p99.99=208   min=208   max=208  
[ping_task] 3: avg=220   std=0     p95=220   p99=220   p99.9=220   p99.99=220   min=220   max=220  
[ping_task] 6: avg=170   std=0     p95=170   p99=170   p99.9=170   p99.99=170   min=170   max=170  
[ping_task] 4: avg=120   std=0     p95=120   p99=120   p99.9=120   p99.99=120   min=120   max=120  
[ping_task] 2: avg=162   std=0     p95=162   p99=162   p99.9=162   p99.99=162   min=162   max=162  
[ping_task] 8: avg=242   std=0     p95=242   p99=242   p99.9=242   p99.99=242   min=242   max=242  
[ping_task] 9: avg=154   std=0     p95=154   p99=154   p99.9=154   p99.99=154   min=154   max=154  
[ping_task] 1: avg=112   std=0     p95=112   p99=112   p99.9=112   p99.99=112   min=112   max=112  
[ping_task] 7: avg=208   std=0     p95=208   p99=208   p99.9=208   p99.99=208   min=208   max=208  
[ping_task] 3: avg=220   std=0     p95=220   p99=220   p99.9=220   p99.99=220   min=220   max=220  
[ping_task] 6: avg=170   std=0     p95=170   p99=170   p99.9=170   p99.99=170   min=170   max=170  
[ping_task] 4: avg=120   std=0     p95=120   p99=120   p99.9=120   p99.99=120   min=120   max=120  
[ping_task] 2: avg=162   std=0     p95=162   p99=162   p99.9=162   p99.99=162   min=162   max=162  
[ping_task] 8: avg=242   std=0     p95=242   p99=242   p99.9=242   p99.99=242   min=242   max=242  
[ping_task] 9: avg=154   std=0     p95=154   p99=154   p99.9=154   p99.99=154   min=154   max=154  
[ping_task] 1: avg=112   std=0     p95=112   p99=112   p99.9=112   p99.99=112   min=112   max=112  
[ping_task] 7: avg=208   std=0     p95=208   p99=208   p99.9=208   p99.99=208   min=208   max=208  
[ping_task] 3: avg=220   std=0     p95=220   p99=220   p99.9=220   p99.99=220   min=220   max=220  
[ping_task] 6: avg=170   std=0     p95=170   p99=170   p99.9=170   p99.99=170   min=170   max=170  
[ping_task] 4: avg=120   std=0     p95=120   p99=120   p99.9=120   p99.99=120   min=120   max=120  
[ping_task] 2: avg=162   std=0     p95=162   p99=162   p99.9=162   p99.99=162   min=162   max=162  
[ping_task] 8: avg=242   std=0     p95=242   p99=242   p99.9=242   p99.99=242   min=242   max=242  
[ping_task] 9: avg=154   std=0     p95=154   p99=154   p99.9=154   p99.99=154   min=154   max=154  
[ping_task] 1: avg=112   std=0     p95=112   p99=112   p99.9=112   p99.99=112   min=112   max=112  
[ping_task] 7: avg=208   std=0     p95=208   p99=208   p99.9=208   p99.99=208   min=208   max=208  
[ping_task] 3: avg=220   std=0     p95=220   p99=220   p99.9=220   p99.99=220   min=220   max=220  
[ping_task] 6: avg=170   std=0     p95=170   p99=170   p99.9=170   p99.99=170   min=170   max=170  
[ping_task] 4: avg=120   std=0     p95=120   p99=120   p99.9=120   p99.99=120   min=120   max=120  
[ping_task] 2: avg=162   std=0     p95=162   p99=162   p99.9=162   p99.99=162   min=162   max=162  
[ping_task] 8: avg=242   std=0     p95=242   p99=242   p99.9=242   p99.99=242   min=242   max=242  
[ping_task] 9: avg=154   std=0     p95=154   p99=154   p99.9=154   p99.99=154   min=154   max=154  
[ping_task] 1: avg=112   std=0     p95=112   p99=112   p99.9=112   p99.99=112   min=112   max=112  
[ping_task] 7: avg=208   std=0     p95=208   p99=208   p99.9=208   p99.99=208   min=208   max=208  
[ping_task] 3: avg=220   std=0     p95=220   p99=220   p99.9=220   p99.99=220   min=220   max=220  
[ping_task] 6: avg=170   std=0     p95=170   p99=170   p99.9=170   p99.99=170   min=170   max=170  
[ping_task] 4: avg=120   std=0     p95=120   p99=120   p99.9=120   p99.99=120   min=120   max=120  
[ping_task] 2: avg=162   std=0     p95=162   p99=162   p99.9=162   p99.99=162   min=162   max=162  
[ping_task] 8: avg=242   std=0     p95=242   p99=242   p99.9=242   p99.99=242   min=242   max=242  
[ping_task] 9: avg=154   std=0     p95=154   p99=154   p99.9=154   p99.99=154   min=154   max=154  
[ping_task] 1: avg=112   std=0     p95=112   p99=112   p99.9=112   p99.99=112   min=112   max=112  
[ping_task] 7: avg=208   std=0     p95=208   p99=208   p99.9=208   p99.99=208   min=208   max=208  
[ping_task] 3: avg=220   std=0     p95=220   p99=220   p99.9=220   p99.99=220   min=220   max=220  
[ping_task] 6: avg=170   std=0     p95=170   p99=170   p99.9=170   p99.99=170   min=170   max=170  
[ping_task] 4: avg=120   std=0     p95=120   p99=120   p99.9=120   p99.99=120   min=120   max=120  
[client_server] client disconnected.
[client_server] client disconnected.
[client_server] client disconnected.
[client_server] client disconnected.
[client_server] client disconnected.
[client_server] client disconnected.
[client_server] client disconnected.
[client_server] client disconnected.
[client_server] client disconnected.
[client_server] client disconnected.
[client_server] client disconnected.
[client_server] client disconnected.
[client_server] client disconnected.
[client_server] client disconnected.
[client_server] client disconnected.
[client_server] client disconnected.
[ping_task] 2: avg=162   std=0     p95=162   p99=162   p99.9=162   p99.99=162   min=162   max=162  
[ping_task] 8: avg=242   std=0     p95=242   p99=242   p99.9=242   p99.99=242   min=242   max=242  
[ping_task] 9: avg=154   std=0     p95=154   p99=154   p99.9=154   p99.99=154   min=154   max=154  
[ping_task] 1: avg=112   std=0     p95=112   p99=112   p99.9=112   p99.99=112   min=112   max=112  
[ping_task] 7: avg=208   std=0     p95=208   p99=208   p99.9=208   p99.99=208   min=208   max=208  
[ping_task] 3: avg=220   std=0     p95=220   p99=220   p99.9=220   p99.99=220   min=220   max=220  
[ping_task] 6: avg=170   std=0     p95=170   p99=170   p99.9=170   p99.99=170   min=170   max=170  
[ping_task] 4: avg=120   std=0     p95=120   p99=120   p99.9=120   p99.99=120   min=120   max=120  
[ping_task] 2: avg=162   std=0     p95=162   p99=162   p99.9=162   p99.99=162   min=162   max=162  
[ping_task] 8: avg=242   std=0     p95=242   p99=242   p99.9=242   p99.99=242   min=242   max=242  
[ping_task] 9: avg=154   std=0     p95=154   p99=154   p99.9=154   p99.99=154   min=154   max=154  
[ping_task] 1: avg=112   std=0     p95=112   p99=112   p99.9=112   p99.99=112   min=112   max=112  
[ping_task] 7: avg=208   std=0     p95=208   p99=208   p99.9=208   p99.99=208   min=208   max=208  
[ping_task] 3: avg=220   std=0     p95=220   p99=220   p99.9=220   p99.99=220   min=220   max=220  
[ping_task] 6: avg=170   std=0     p95=170   p99=170   p99.9=170   p99.99=170   min=170   max=170  
[ping_task] 4: avg=120   std=0     p95=120   p99=120   p99.9=120   p99.99=120   min=120   max=120  
[ping_task] 2: avg=162   std=0     p95=162   p99=162   p99.9=162   p99.99=162   min=162   max=162  
[ping_task] 8: avg=242   std=0     p95=242   p99=242   p99.9=242   p99.99=242   min=242   max=242  
[ping_task] 9: avg=154   std=0     p95=154   p99=154   p99.9=154   p99.99=154   min=154   max=154  
[ping_task] 1: avg=112   std=0     p95=112   p99=112   p99.9=112   p99.99=112   min=112   max=112  
[ping_task] 7: avg=208   std=0     p95=208   p99=208   p99.9=208   p99.99=208   min=208   max=208  
[ping_task] 3: avg=220   std=0     p95=220   p99=220   p99.9=220   p99.99=220   min=220   max=220  
[ping_task] 6: avg=170   std=0     p95=170   p99=170   p99.9=170   p99.99=170   min=170   max=170  
[ping_task] 4: avg=120   std=0     p95=120   p99=120   p99.9=120   p99.99=120   min=120   max=120  
