process id: 9
sorted processes: None
ip: 0.0.0.0
port: 3009
client port: 4009
addresses: [("10.10.1.1:3001", Some(39ms)), ("10.10.1.3:3002", Some(7ms)), ("10.10.1.5:3003", Some(36ms)), ("10.10.1.7:3004", Some(32ms)), ("10.10.1.9:3005", Some(77ms)), ("10.10.1.11:3006", Some(103ms)), ("10.10.1.13:3007", Some(44ms)), ("10.10.1.15:3008", Some(46ms))]
config: Config { n: 9, f: 2, shard_count: 1, execute_at_commit: false, executor_cleanup_interval: 10ms, executor_executed_notification_interval: 50ms, executor_monitor_pending_interval: None, executor_monitor_execution_order: false, gc_interval: Some(50ms), leader: None, nfr: false, tempo_tiny_quorums: false, tempo_clock_bump_interval: None, tempo_detached_send_interval: Some(5ms), caesar_wait_condition: true, skip_fast_ack: false }
tcp_nodelay: true
tcp buffer size: 16777216
tcp flush interval: Some(5ms)
process channel buffer size: 100000000
client channel buffer size: 10000
workers: 16
executors: 16
multiplexing: 16
execution log: None
ping_interval: Some(500ms)
metrics file: Some("server_9.metrics")
stack size: 33554432
cpus: 8 of 16
failed to connect to "10.10.1.3:3002": Connection refused (os error 111)
will try again in 1 second (1 out of 100)
[ping_task] 3: avg=72    std=0     p95=72    p99=72    p99.9=72    p99.99=72    min=72    max=72   
[ping_task] 1: avg=78    std=0     p95=78    p99=78    p99.9=78    p99.99=78    min=78    max=78   
[ping_task] 8: avg=92    std=0     p95=92    p99=92    p99.9=92    p99.99=92    min=92    max=92   
[ping_task] 7: avg=88    std=0     p95=88    p99=88    p99.9=88    p99.99=88    min=88    max=88   
[ping_task] 4: avg=64    std=0     p95=64    p99=64    p99.9=64    p99.99=64    min=64    max=64   
[ping_task] 5: avg=154   std=0     p95=154   p99=154   p99.9=154   p99.99=154   min=154   max=154  
[ping_task] 6: avg=206   std=0     p95=206   p99=206   p99.9=206   p99.99=206   min=206   max=206  
[ping_task] 2: avg=14    std=0     p95=14    p99=14    p99.9=14    p99.99=14    min=14    max=14   
[metrics_logger] started with log server_9.metrics
process 9 started
[ping_task] 3: avg=72    std=0     p95=72    p99=72    p99.9=72    p99.99=72    min=72    max=72   
[ping_task] 1: avg=78    std=0     p95=78    p99=78    p99.9=78    p99.99=78    min=78    max=78   
[ping_task] 8: avg=92    std=0     p95=92    p99=92    p99.9=92    p99.99=92    min=92    max=92   
[ping_task] 7: avg=88    std=0     p95=88    p99=88    p99.9=88    p99.99=88    min=88    max=88   
[ping_task] 4: avg=64    std=0     p95=64    p99=64    p99.9=64    p99.99=64    min=64    max=64   
[ping_task] 5: avg=154   std=0     p95=154   p99=154   p99.9=154   p99.99=154   min=154   max=154  
[ping_task] 6: avg=206   std=0     p95=206   p99=206   p99.9=206   p99.99=206   min=206   max=206  
[ping_task] 2: avg=14    std=0     p95=14    p99=14    p99.9=14    p99.99=14    min=14    max=14   
[ping_task] 3: avg=72    std=0     p95=72    p99=72    p99.9=72    p99.99=72    min=72    max=72   
[ping_task] 1: avg=78    std=0     p95=78    p99=78    p99.9=78    p99.99=78    min=78    max=78   
[ping_task] 8: avg=92    std=0     p95=92    p99=92    p99.9=92    p99.99=92    min=92    max=92   
[ping_task] 7: avg=88    std=0     p95=88    p99=88    p99.9=88    p99.99=88    min=88    max=88   
[ping_task] 4: avg=64    std=0     p95=64    p99=64    p99.9=64    p99.99=64    min=64    max=64   
[ping_task] 5: avg=154   std=0     p95=154   p99=154   p99.9=154   p99.99=154   min=154   max=154  
[ping_task] 6: avg=206   std=0     p95=206   p99=206   p99.9=206   p99.99=206   min=206   max=206  
[ping_task] 2: avg=14    std=0     p95=14    p99=14    p99.9=14    p99.99=14    min=14    max=14   
[ping_task] 3: avg=72    std=0     p95=72    p99=72    p99.9=72    p99.99=72    min=72    max=72   
[ping_task] 1: avg=78    std=0     p95=78    p99=78    p99.9=78    p99.99=78    min=78    max=78   
[ping_task] 8: avg=92    std=0     p95=92    p99=92    p99.9=92    p99.99=92    min=92    max=92   
[ping_task] 7: avg=88    std=0     p95=88    p99=88    p99.9=88    p99.99=88    min=88    max=88   
[ping_task] 4: avg=64    std=0     p95=64    p99=64    p99.9=64    p99.99=64    min=64    max=64   
[ping_task] 5: avg=154   std=0     p95=154   p99=154   p99.9=154   p99.99=154   min=154   max=154  
[ping_task] 6: avg=206   std=0     p95=206   p99=206   p99.9=206   p99.99=206   min=206   max=206  
[ping_task] 2: avg=14    std=0     p95=14    p99=14    p99.9=14    p99.99=14    min=14    max=14   
[ping_task] 3: avg=72    std=0     p95=72    p99=72    p99.9=72    p99.99=72    min=72    max=72   
[ping_task] 1: avg=78    std=0     p95=78    p99=78    p99.9=78    p99.99=78    min=78    max=78   
[ping_task] 8: avg=92    std=0     p95=92    p99=92    p99.9=92    p99.99=92    min=92    max=92   
[ping_task] 7: avg=88    std=0     p95=88    p99=88    p99.9=88    p99.99=88    min=88    max=88   
[ping_task] 4: avg=64    std=0     p95=64    p99=64    p99.9=64    p99.99=64    min=64    max=64   
[ping_task] 5: avg=154   std=0     p95=154   p99=154   p99.9=154   p99.99=154   min=154   max=154  
[ping_task] 6: avg=206   std=0     p95=206   p99=206   p99.9=206   p99.99=206   min=206   max=206  
[ping_task] 2: avg=14    std=0     p95=14    p99=14    p99.9=14    p99.99=14    min=14    max=14   
[ping_task] 3: avg=72    std=0     p95=72    p99=72    p99.9=72    p99.99=72    min=72    max=72   
[ping_task] 1: avg=78    std=0     p95=78    p99=78    p99.9=78    p99.99=78    min=78    max=78   
[ping_task] 8: avg=92    std=0     p95=92    p99=92    p99.9=92    p99.99=92    min=92    max=92   
[ping_task] 7: avg=88    std=0     p95=88    p99=88    p99.9=88    p99.99=88    min=88    max=88   
[ping_task] 4: avg=64    std=0     p95=64    p99=64    p99.9=64    p99.99=64    min=64    max=64   
[ping_task] 5: avg=154   std=0     p95=154   p99=154   p99.9=154   p99.99=154   min=154   max=154  
[ping_task] 6: avg=206   std=0     p95=206   p99=206   p99.9=206   p99.99=206   min=206   max=206  
[ping_task] 2: avg=14    std=0     p95=14    p99=14    p99.9=14    p99.99=14    min=14    max=14   
[ping_task] 3: avg=72    std=0     p95=72    p99=72    p99.9=72    p99.99=72    min=72    max=72   
[ping_task] 1: avg=78    std=0     p95=78    p99=78    p99.9=78    p99.99=78    min=78    max=78   
[ping_task] 8: avg=92    std=0     p95=92    p99=92    p99.9=92    p99.99=92    min=92    max=92   
[ping_task] 7: avg=88    std=0     p95=88    p99=88    p99.9=88    p99.99=88    min=88    max=88   
[ping_task] 4: avg=64    std=0     p95=64    p99=64    p99.9=64    p99.99=64    min=64    max=64   
[ping_task] 5: avg=154   std=0     p95=154   p99=154   p99.9=154   p99.99=154   min=154   max=154  
[ping_task] 6: avg=206   std=0     p95=206   p99=206   p99.9=206   p99.99=206   min=206   max=206  
[ping_task] 2: avg=14    std=0     p95=14    p99=14    p99.9=14    p99.99=14    min=14    max=14   
[ping_task] 3: avg=72    std=0     p95=72    p99=72    p99.9=72    p99.99=72    min=72    max=72   
[ping_task] 1: avg=78    std=0     p95=78    p99=78    p99.9=78    p99.99=78    min=78    max=78   
[ping_task] 8: avg=92    std=0     p95=92    p99=92    p99.9=92    p99.99=92    min=92    max=92   
[ping_task] 7: avg=88    std=0     p95=88    p99=88    p99.9=88    p99.99=88    min=88    max=88   
[ping_task] 4: avg=64    std=0     p95=64    p99=64    p99.9=64    p99.99=64    min=64    max=64   
[ping_task] 5: avg=154   std=0     p95=154   p99=154   p99.9=154   p99.99=154   min=154   max=154  
[ping_task] 6: avg=206   std=0     p95=206   p99=206   p99.9=206   p99.99=206   min=206   max=206  
[ping_task] 2: avg=14    std=0     p95=14    p99=14    p99.9=14    p99.99=14    min=14    max=14   
[ping_task] 3: avg=72    std=0     p95=72    p99=72    p99.9=72    p99.99=72    min=72    max=72   
[ping_task] 1: avg=78    std=0     p95=78    p99=78    p99.9=78    p99.99=78    min=78    max=78   
[ping_task] 8: avg=92    std=0     p95=92    p99=92    p99.9=92    p99.99=92    min=92    max=92   
[ping_task] 7: avg=88    std=0     p95=88    p99=88    p99.9=88    p99.99=88    min=88    max=88   
[ping_task] 4: avg=64    std=0     p95=64    p99=64    p99.9=64    p99.99=64    min=64    max=64   
[ping_task] 5: avg=154   std=0     p95=154   p99=154   p99.9=154   p99.99=154   min=154   max=154  
[ping_task] 6: avg=206   std=0     p95=206   p99=206   p99.9=206   p99.99=206   min=206   max=206  
[ping_task] 2: avg=14    std=0     p95=14    p99=14    p99.9=14    p99.99=14    min=14    max=14   
[ping_task] 3: avg=72    std=0     p95=72    p99=72    p99.9=72    p99.99=72    min=72    max=72   
[ping_task] 1: avg=78    std=0     p95=78    p99=78    p99.9=78    p99.99=78    min=78    max=78   
[ping_task] 8: avg=92    std=0     p95=92    p99=92    p99.9=92    p99.99=92    min=92    max=92   
[ping_task] 7: avg=88    std=0     p95=88    p99=88    p99.9=88    p99.99=88    min=88    max=88   
[ping_task] 4: avg=64    std=0     p95=64    p99=64    p99.9=64    p99.99=64    min=64    max=64   
[ping_task] 5: avg=154   std=0     p95=154   p99=154   p99.9=154   p99.99=154   min=154   max=154  
[ping_task] 6: avg=206   std=0     p95=206   p99=206   p99.9=206   p99.99=206   min=206   max=206  
[ping_task] 2: avg=14    std=0     p95=14    p99=14    p99.9=14    p99.99=14    min=14    max=14   
[client_server] client disconnected.
[ping_task] 3: avg=72    std=0     p95=72    p99=72    p99.9=72    p99.99=72    min=72    max=72   
[ping_task] 1: avg=78    std=0     p95=78    p99=78    p99.9=78    p99.99=78    min=78    max=78   
[ping_task] 8: avg=92    std=0     p95=92    p99=92    p99.9=92    p99.99=92    min=92    max=92   
[ping_task] 7: avg=88    std=0     p95=88    p99=88    p99.9=88    p99.99=88    min=88    max=88   
[ping_task] 4: avg=64    std=0     p95=64    p99=64    p99.9=64    p99.99=64    min=64    max=64   
[ping_task] 5: avg=154   std=0     p95=154   p99=154   p99.9=154   p99.99=154   min=154   max=154  
[ping_task] 6: avg=206   std=0     p95=206   p99=206   p99.9=206   p99.99=206   min=206   max=206  
[ping_task] 2: avg=14    std=0     p95=14    p99=14    p99.9=14    p99.99=14    min=14    max=14   
[client_server] client disconnected.
[client_server] client disconnected.
[client_server] client disconnected.
[client_server] client disconnected.
[client_server] client disconnected.
[client_server] client disconnected.
[client_server] client disconnected.
[client_server] client disconnected.
[client_server] client disconnected.
[client_server] client disconnected.
[client_server] client disconnected.
[client_server] client disconnected.
[client_server] client disconnected.
[client_server] client disconnected.
[client_server] client disconnected.
[ping_task] 3: avg=72    std=0     p95=72    p99=72    p99.9=72    p99.99=72    min=72    max=72   
[ping_task] 1: avg=78    std=0     p95=78    p99=78    p99.9=78    p99.99=78    min=78    max=78   
[ping_task] 8: avg=92    std=0     p95=92    p99=92    p99.9=92    p99.99=92    min=92    max=92   
[ping_task] 7: avg=88    std=0     p95=88    p99=88    p99.9=88    p99.99=88    min=88    max=88   
[ping_task] 4: avg=64    std=0     p95=64    p99=64    p99.9=64    p99.99=64    min=64    max=64   
[ping_task] 5: avg=154   std=0     p95=154   p99=154   p99.9=154   p99.99=154   min=154   max=154  
[ping_task] 6: avg=206   std=0     p95=206   p99=206   p99.9=206   p99.99=206   min=206   max=206  
[ping_task] 2: avg=14    std=0     p95=14    p99=14    p99.9=14    p99.99=14    min=14    max=14   
[ping_task] 3: avg=72    std=0     p95=72    p99=72    p99.9=72    p99.99=72    min=72    max=72   
[ping_task] 1: avg=78    std=0     p95=78    p99=78    p99.9=78    p99.99=78    min=78    max=78   
[ping_task] 8: avg=92    std=0     p95=92    p99=92    p99.9=92    p99.99=92    min=92    max=92   
[ping_task] 7: avg=88    std=0     p95=88    p99=88    p99.9=88    p99.99=88    min=88    max=88   
[ping_task] 4: avg=64    std=0     p95=64    p99=64    p99.9=64    p99.99=64    min=64    max=64   
[ping_task] 5: avg=154   std=0     p95=154   p99=154   p99.9=154   p99.99=154   min=154   max=154  
[ping_task] 6: avg=206   std=0     p95=206   p99=206   p99.9=206   p99.99=206   min=206   max=206  
[ping_task] 2: avg=14    std=0     p95=14    p99=14    p99.9=14    p99.99=14    min=14    max=14   
[ping_task] 3: avg=72    std=0     p95=72    p99=72    p99.9=72    p99.99=72    min=72    max=72   
[ping_task] 1: avg=78    std=0     p95=78    p99=78    p99.9=78    p99.99=78    min=78    max=78   
[ping_task] 8: avg=92    std=0     p95=92    p99=92    p99.9=92    p99.99=92    min=92    max=92   
[ping_task] 7: avg=88    std=0     p95=88    p99=88    p99.9=88    p99.99=88    min=88    max=88   
[ping_task] 4: avg=64    std=0     p95=64    p99=64    p99.9=64    p99.99=64    min=64    max=64   
[ping_task] 5: avg=154   std=0     p95=154   p99=154   p99.9=154   p99.99=154   min=154   max=154  
[ping_task] 6: avg=206   std=0     p95=206   p99=206   p99.9=206   p99.99=206   min=206   max=206  
[ping_task] 2: avg=14    std=0     p95=14    p99=14    p99.9=14    p99.99=14    min=14    max=14   
[ping_task] 3: avg=72    std=0     p95=72    p99=72    p99.9=72    p99.99=72    min=72    max=72   
[ping_task] 1: avg=78    std=0     p95=78    p99=78    p99.9=78    p99.99=78    min=78    max=78   
[ping_task] 8: avg=92    std=0     p95=92    p99=92    p99.9=92    p99.99=92    min=92    max=92   
[ping_task] 7: avg=88    std=0     p95=88    p99=88    p99.9=88    p99.99=88    min=88    max=88   
[ping_task] 4: avg=64    std=0     p95=64    p99=64    p99.9=64    p99.99=64    min=64    max=64   
[ping_task] 5: avg=154   std=0     p95=154   p99=154   p99.9=154   p99.99=154   min=154   max=154  
[ping_task] 6: avg=206   std=0     p95=206   p99=206   p99.9=206   p99.99=206   min=206   max=206  
[ping_task] 2: avg=14    std=0     p95=14    p99=14    p99.9=14    p99.99=14    min=14    max=14   
[ping_task] 3: avg=72    std=0     p95=72    p99=72    p99.9=72    p99.99=72    min=72    max=72   
[ping_task] 1: avg=78    std=0     p95=78    p99=78    p99.9=78    p99.99=78    min=78    max=78   
[ping_task] 8: avg=92    std=0     p95=92    p99=92    p99.9=92    p99.99=92    min=92    max=92   
[ping_task] 7: avg=88    std=0     p95=88    p99=88    p99.9=88    p99.99=88    min=88    max=88   
[ping_task] 4: avg=64    std=0     p95=64    p99=64    p99.9=64    p99.99=64    min=64    max=64   
[ping_task] 5: avg=154   std=0     p95=154   p99=154   p99.9=154   p99.99=154   min=154   max=154  
[ping_task] 6: avg=206   std=0     p95=206   p99=206   p99.9=206   p99.99=206   min=206   max=206  
[ping_task] 2: avg=14    std=0     p95=14    p99=14    p99.9=14    p99.99=14    min=14    max=14   
[ping_task] 3: avg=72    std=0     p95=72    p99=72    p99.9=72    p99.99=72    min=72    max=72   
[ping_task] 1: avg=78    std=0     p95=78    p99=78    p99.9=78    p99.99=78    min=78    max=78   
[ping_task] 8: avg=92    std=0     p95=92    p99=92    p99.9=92    p99.99=92    min=92    max=92   
[ping_task] 7: avg=88    std=0     p95=88    p99=88    p99.9=88    p99.99=88    min=88    max=88   
[ping_task] 4: avg=64    std=0     p95=64    p99=64    p99.9=64    p99.99=64    min=64    max=64   
[ping_task] 5: avg=154   std=0     p95=154   p99=154   p99.9=154   p99.99=154   min=154   max=154  
[ping_task] 6: avg=206   std=0     p95=206   p99=206   p99.9=206   p99.99=206   min=206   max=206  
[ping_task] 2: avg=14    std=0     p95=14    p99=14    p99.9=14    p99.99=14    min=14    max=14   
[ping_task] 3: avg=72    std=0     p95=72    p99=72    p99.9=72    p99.99=72    min=72    max=72   
[ping_task] 1: avg=78    std=0     p95=78    p99=78    p99.9=78    p99.99=78    min=78    max=78   
[ping_task] 8: avg=92    std=0     p95=92    p99=92    p99.9=92    p99.99=92    min=92    max=92   
[ping_task] 7: avg=88    std=0     p95=88    p99=88    p99.9=88    p99.99=88    min=88    max=88   
[ping_task] 4: avg=64    std=0     p95=64    p99=64    p99.9=64    p99.99=64    min=64    max=64   
[ping_task] 5: avg=154   std=0     p95=154   p99=154   p99.9=154   p99.99=154   min=154   max=154  
[ping_task] 6: avg=206   std=0     p95=206   p99=206   p99.9=206   p99.99=206   min=206   max=206  
[ping_task] 2: avg=14    std=0     p95=14    p99=14    p99.9=14    p99.99=14    min=14    max=14   
[ping_task] 3: avg=72    std=0     p95=72    p99=72    p99.9=72    p99.99=72    min=72    max=72   
[ping_task] 1: avg=78    std=0     p95=78    p99=78    p99.9=78    p99.99=78    min=78    max=78   
[ping_task] 8: avg=92    std=0     p95=92    p99=92    p99.9=92    p99.99=92    min=92    max=92   
[ping_task] 7: avg=88    std=0     p95=88    p99=88    p99.9=88    p99.99=88    min=88    max=88   
[ping_task] 4: avg=64    std=0     p95=64    p99=64    p99.9=64    p99.99=64    min=64    max=64   
[ping_task] 5: avg=154   std=0     p95=154   p99=154   p99.9=154   p99.99=154   min=154   max=154  
[ping_task] 6: avg=206   std=0     p95=206   p99=206   p99.9=206   p99.99=206   min=206   max=206  
[ping_task] 2: avg=14    std=0     p95=14    p99=14    p99.9=14    p99.99=14    min=14    max=14   
[ping_task] 3: avg=72    std=0     p95=72    p99=72    p99.9=72    p99.99=72    min=72    max=72   
[ping_task] 1: avg=78    std=0     p95=78    p99=78    p99.9=78    p99.99=78    min=78    max=78   
[ping_task] 8: avg=92    std=0     p95=92    p99=92    p99.9=92    p99.99=92    min=92    max=92   
[ping_task] 7: avg=88    std=0     p95=88    p99=88    p99.9=88    p99.99=88    min=88    max=88   
[ping_task] 4: avg=64    std=0     p95=64    p99=64    p99.9=64    p99.99=64    min=64    max=64   
[ping_task] 5: avg=154   std=0     p95=154   p99=154   p99.9=154   p99.99=154   min=154   max=154  
[ping_task] 6: avg=206   std=0     p95=206   p99=206   p99.9=206   p99.99=206   min=206   max=206  
[ping_task] 2: avg=14    std=0     p95=14    p99=14    p99.9=14    p99.99=14    min=14    max=14   
[ping_task] 3: avg=72    std=0     p95=72    p99=72    p99.9=72    p99.99=72    min=72    max=72   
[ping_task] 1: avg=78    std=0     p95=78    p99=78    p99.9=78    p99.99=78    min=78    max=78   
[ping_task] 8: avg=92    std=0     p95=92    p99=92    p99.9=92    p99.99=92    min=92    max=92   
[ping_task] 7: avg=88    std=0     p95=88    p99=88    p99.9=88    p99.99=88    min=88    max=88   
[ping_task] 4: avg=64    std=0     p95=64    p99=64    p99.9=64    p99.99=64    min=64    max=64   
[ping_task] 5: avg=154   std=0     p95=154   p99=154   p99.9=154   p99.99=154   min=154   max=154  
[ping_task] 6: avg=206   std=0     p95=206   p99=206   p99.9=206   p99.99=206   min=206   max=206  
[ping_task] 2: avg=14    std=0     p95=14    p99=14    p99.9=14    p99.99=14    min=14    max=14   
[ping_task] 3: avg=72    std=0     p95=72    p99=72    p99.9=72    p99.99=72    min=72    max=72   
[ping_task] 1: avg=78    std=0     p95=78    p99=78    p99.9=78    p99.99=78    min=78    max=78   
[ping_task] 8: avg=92    std=0     p95=92    p99=92    p99.9=92    p99.99=92    min=92    max=92   
[ping_task] 7: avg=88    std=0     p95=88    p99=88    p99.9=88    p99.99=88    min=88    max=88   
[ping_task] 4: avg=64    std=0     p95=64    p99=64    p99.9=64    p99.99=64    min=64    max=64   
[ping_task] 5: avg=154   std=0     p95=154   p99=154   p99.9=154   p99.99=154   min=154   max=154  
[ping_task] 6: avg=206   std=0     p95=206   p99=206   p99.9=206   p99.99=206   min=206   max=206  
[ping_task] 2: avg=14    std=0     p95=14    p99=14    p99.9=14    p99.99=14    min=14    max=14   
