process id: 6
sorted processes: None
ip: 0.0.0.0
port: 3006
client port: 4006
addresses: [("10.10.1.13:3007", Some(61ms)), ("10.10.1.15:3008", Some(58ms)), ("10.10.1.17:3009", Some(103ms)), ("10.10.1.1:3001", Some(126ms)), ("10.10.1.3:3002", Some(96ms)), ("10.10.1.5:3003", Some(65ms)), ("10.10.1.7:3004", Some(129ms)), ("10.10.1.9:3005", Some(85ms))]
config: Config { n: 9, f: 2, shard_count: 1, execute_at_commit: false, executor_cleanup_interval: 10ms, executor_executed_notification_interval: 50ms, executor_monitor_pending_interval: None, executor_monitor_execution_order: false, gc_interval: Some(50ms), leader: None, nfr: false, tempo_tiny_quorums: false, tempo_clock_bump_interval: None, tempo_detached_send_interval: Some(5ms), caesar_wait_condition: true, skip_fast_ack: false }
tcp_nodelay: true
tcp buffer size: 16777216
tcp flush interval: Some(5ms)
process channel buffer size: 100000000
client channel buffer size: 10000
workers: 16
executors: 16
multiplexing: 16
execution log: None
ping_interval: Some(500ms)
metrics file: Some("server_6.metrics")
stack size: 33554432
cpus: 8 of 16
[metrics_logger] started with log server_6.metrics
process 6 started
[ping_task] 4: avg=258   std=0     p95=258   p99=258   p99.9=258   p99.99=258   min=258   max=258  
[ping_task] 5: avg=170   std=0     p95=170   p99=170   p99.9=170   p99.99=170   min=170   max=170  
[ping_task] 3: avg=130   std=0     p95=130   p99=130   p99.9=130   p99.99=130   min=130   max=130  
[ping_task] 1: avg=252   std=0     p95=252   p99=252   p99.9=252   p99.99=252   min=252   max=252  
[ping_task] 2: avg=192   std=0     p95=192   p99=192   p99.9=192   p99.99=192   min=192   max=192  
[ping_task] 8: avg=116   std=0     p95=116   p99=116   p99.9=116   p99.99=116   min=116   max=116  
[ping_task] 7: avg=122   std=0     p95=122   p99=122   p99.9=122   p99.99=122   min=122   max=122  
[ping_task] 9: avg=206   std=0     p95=206   p99=206   p99.9=206   p99.99=206   min=206   max=206  
[ping_task] 4: avg=258   std=0     p95=258   p99=258   p99.9=258   p99.99=258   min=258   max=258  
[ping_task] 5: avg=170   std=0     p95=170   p99=170   p99.9=170   p99.99=170   min=170   max=170  
[ping_task] 3: avg=130   std=0     p95=130   p99=130   p99.9=130   p99.99=130   min=130   max=130  
[ping_task] 1: avg=252   std=0     p95=252   p99=252   p99.9=252   p99.99=252   min=252   max=252  
[ping_task] 2: avg=192   std=0     p95=192   p99=192   p99.9=192   p99.99=192   min=192   max=192  
[ping_task] 8: avg=116   std=0     p95=116   p99=116   p99.9=116   p99.99=116   min=116   max=116  
[ping_task] 7: avg=122   std=0     p95=122   p99=122   p99.9=122   p99.99=122   min=122   max=122  
[ping_task] 9: avg=206   std=0     p95=206   p99=206   p99.9=206   p99.99=206   min=206   max=206  
[ping_task] 4: avg=258   std=0     p95=258   p99=258   p99.9=258   p99.99=258   min=258   max=258  
[ping_task] 5: avg=170   std=0     p95=170   p99=170   p99.9=170   p99.99=170   min=170   max=170  
[ping_task] 3: avg=130   std=0     p95=130   p99=130   p99.9=130   p99.99=130   min=130   max=130  
[ping_task] 1: avg=252   std=0     p95=252   p99=252   p99.9=252   p99.99=252   min=252   max=252  
[ping_task] 2: avg=192   std=0     p95=192   p99=192   p99.9=192   p99.99=192   min=192   max=192  
[ping_task] 8: avg=116   std=0     p95=116   p99=116   p99.9=116   p99.99=116   min=116   max=116  
[ping_task] 7: avg=122   std=0     p95=122   p99=122   p99.9=122   p99.99=122   min=122   max=122  
[ping_task] 9: avg=206   std=0     p95=206   p99=206   p99.9=206   p99.99=206   min=206   max=206  
[ping_task] 4: avg=258   std=0     p95=258   p99=258   p99.9=258   p99.99=258   min=258   max=258  
[ping_task] 5: avg=170   std=0     p95=170   p99=170   p99.9=170   p99.99=170   min=170   max=170  
[ping_task] 3: avg=130   std=0     p95=130   p99=130   p99.9=130   p99.99=130   min=130   max=130  
[ping_task] 1: avg=252   std=0     p95=252   p99=252   p99.9=252   p99.99=252   min=252   max=252  
[ping_task] 2: avg=192   std=0     p95=192   p99=192   p99.9=192   p99.99=192   min=192   max=192  
[ping_task] 8: avg=116   std=0     p95=116   p99=116   p99.9=116   p99.99=116   min=116   max=116  
[ping_task] 7: avg=122   std=0     p95=122   p99=122   p99.9=122   p99.99=122   min=122   max=122  
[ping_task] 9: avg=206   std=0     p95=206   p99=206   p99.9=206   p99.99=206   min=206   max=206  
[ping_task] 4: avg=258   std=0     p95=258   p99=258   p99.9=258   p99.99=258   min=258   max=258  
[ping_task] 5: avg=170   std=0     p95=170   p99=170   p99.9=170   p99.99=170   min=170   max=170  
[ping_task] 3: avg=130   std=0     p95=130   p99=130   p99.9=130   p99.99=130   min=130   max=130  
[ping_task] 1: avg=252   std=0     p95=252   p99=252   p99.9=252   p99.99=252   min=252   max=252  
[ping_task] 2: avg=192   std=0     p95=192   p99=192   p99.9=192   p99.99=192   min=192   max=192  
[ping_task] 8: avg=116   std=0     p95=116   p99=116   p99.9=116   p99.99=116   min=116   max=116  
[ping_task] 7: avg=122   std=0     p95=122   p99=122   p99.9=122   p99.99=122   min=122   max=122  
[ping_task] 9: avg=206   std=0     p95=206   p99=206   p99.9=206   p99.99=206   min=206   max=206  
[ping_task] 4: avg=258   std=0     p95=258   p99=258   p99.9=258   p99.99=258   min=258   max=258  
[ping_task] 5: avg=170   std=0     p95=170   p99=170   p99.9=170   p99.99=170   min=170   max=170  
[ping_task] 3: avg=130   std=0     p95=130   p99=130   p99.9=130   p99.99=130   min=130   max=130  
[ping_task] 1: avg=252   std=0     p95=252   p99=252   p99.9=252   p99.99=252   min=252   max=252  
[ping_task] 2: avg=192   std=0     p95=192   p99=192   p99.9=192   p99.99=192   min=192   max=192  
[ping_task] 8: avg=116   std=0     p95=116   p99=116   p99.9=116   p99.99=116   min=116   max=116  
[ping_task] 7: avg=122   std=0     p95=122   p99=122   p99.9=122   p99.99=122   min=122   max=122  
[ping_task] 9: avg=206   std=0     p95=206   p99=206   p99.9=206   p99.99=206   min=206   max=206  
[ping_task] 4: avg=258   std=0     p95=258   p99=258   p99.9=258   p99.99=258   min=258   max=258  
[ping_task] 5: avg=170   std=0     p95=170   p99=170   p99.9=170   p99.99=170   min=170   max=170  
[ping_task] 3: avg=130   std=0     p95=130   p99=130   p99.9=130   p99.99=130   min=130   max=130  
[ping_task] 1: avg=252   std=0     p95=252   p99=252   p99.9=252   p99.99=252   min=252   max=252  
[ping_task] 2: avg=192   std=0     p95=192   p99=192   p99.9=192   p99.99=192   min=192   max=192  
[ping_task] 8: avg=116   std=0     p95=116   p99=116   p99.9=116   p99.99=116   min=116   max=116  
[ping_task] 7: avg=122   std=0     p95=122   p99=122   p99.9=122   p99.99=122   min=122   max=122  
[ping_task] 9: avg=206   std=0     p95=206   p99=206   p99.9=206   p99.99=206   min=206   max=206  
[ping_task] 4: avg=258   std=0     p95=258   p99=258   p99.9=258   p99.99=258   min=258   max=258  
[ping_task] 5: avg=170   std=0     p95=170   p99=170   p99.9=170   p99.99=170   min=170   max=170  
[ping_task] 3: avg=130   std=0     p95=130   p99=130   p99.9=130   p99.99=130   min=130   max=130  
[ping_task] 1: avg=252   std=0     p95=252   p99=252   p99.9=252   p99.99=252   min=252   max=252  
[ping_task] 2: avg=192   std=0     p95=192   p99=192   p99.9=192   p99.99=192   min=192   max=192  
[ping_task] 8: avg=116   std=0     p95=116   p99=116   p99.9=116   p99.99=116   min=116   max=116  
[ping_task] 7: avg=122   std=0     p95=122   p99=122   p99.9=122   p99.99=122   min=122   max=122  
[ping_task] 9: avg=206   std=0     p95=206   p99=206   p99.9=206   p99.99=206   min=206   max=206  
[ping_task] 4: avg=258   std=0     p95=258   p99=258   p99.9=258   p99.99=258   min=258   max=258  
[ping_task] 5: avg=170   std=0     p95=170   p99=170   p99.9=170   p99.99=170   min=170   max=170  
[ping_task] 3: avg=130   std=0     p95=130   p99=130   p99.9=130   p99.99=130   min=130   max=130  
[ping_task] 1: avg=252   std=0     p95=252   p99=252   p99.9=252   p99.99=252   min=252   max=252  
[ping_task] 2: avg=192   std=0     p95=192   p99=192   p99.9=192   p99.99=192   min=192   max=192  
[ping_task] 8: avg=116   std=0     p95=116   p99=116   p99.9=116   p99.99=116   min=116   max=116  
[ping_task] 7: avg=122   std=0     p95=122   p99=122   p99.9=122   p99.99=122   min=122   max=122  
[ping_task] 9: avg=206   std=0     p95=206   p99=206   p99.9=206   p99.99=206   min=206   max=206  
[ping_task] 4: avg=258   std=0     p95=258   p99=258   p99.9=258   p99.99=258   min=258   max=258  
[ping_task] 5: avg=170   std=0     p95=170   p99=170   p99.9=170   p99.99=170   min=170   max=170  
[ping_task] 3: avg=130   std=0     p95=130   p99=130   p99.9=130   p99.99=130   min=130   max=130  
[ping_task] 1: avg=252   std=0     p95=252   p99=252   p99.9=252   p99.99=252   min=252   max=252  
[ping_task] 2: avg=192   std=0     p95=192   p99=192   p99.9=192   p99.99=192   min=192   max=192  
[ping_task] 8: avg=116   std=0     p95=116   p99=116   p99.9=116   p99.99=116   min=116   max=116  
[ping_task] 7: avg=122   std=0     p95=122   p99=122   p99.9=122   p99.99=122   min=122   max=122  
[ping_task] 9: avg=206   std=0     p95=206   p99=206   p99.9=206   p99.99=206   min=206   max=206  
[ping_task] 4: avg=258   std=0     p95=258   p99=258   p99.9=258   p99.99=258   min=258   max=258  
[ping_task] 5: avg=170   std=0     p95=170   p99=170   p99.9=170   p99.99=170   min=170   max=170  
[ping_task] 3: avg=130   std=0     p95=130   p99=130   p99.9=130   p99.99=130   min=130   max=130  
[ping_task] 1: avg=252   std=0     p95=252   p99=252   p99.9=252   p99.99=252   min=252   max=252  
[ping_task] 2: avg=192   std=0     p95=192   p99=192   p99.9=192   p99.99=192   min=192   max=192  
[ping_task] 8: avg=116   std=0     p95=116   p99=116   p99.9=116   p99.99=116   min=116   max=116  
[ping_task] 7: avg=122   std=0     p95=122   p99=122   p99.9=122   p99.99=122   min=122   max=122  
[ping_task] 9: avg=206   std=0     p95=206   p99=206   p99.9=206   p99.99=206   min=206   max=206  
[ping_task] 4: avg=258   std=0     p95=258   p99=258   p99.9=258   p99.99=258   min=258   max=258  
[ping_task] 5: avg=170   std=0     p95=170   p99=170   p99.9=170   p99.99=170   min=170   max=170  
[ping_task] 3: avg=130   std=0     p95=130   p99=130   p99.9=130   p99.99=130   min=130   max=130  
[ping_task] 1: avg=252   std=0     p95=252   p99=252   p99.9=252   p99.99=252   min=252   max=252  
[ping_task] 2: avg=192   std=0     p95=192   p99=192   p99.9=192   p99.99=192   min=192   max=192  
[ping_task] 8: avg=116   std=0     p95=116   p99=116   p99.9=116   p99.99=116   min=116   max=116  
[ping_task] 7: avg=122   std=0     p95=122   p99=122   p99.9=122   p99.99=122   min=122   max=122  
[ping_task] 9: avg=206   std=0     p95=206   p99=206   p99.9=206   p99.99=206   min=206   max=206  
[ping_task] 4: avg=258   std=0     p95=258   p99=258   p99.9=258   p99.99=258   min=258   max=258  
[ping_task] 5: avg=170   std=0     p95=170   p99=170   p99.9=170   p99.99=170   min=170   max=170  
[ping_task] 3: avg=130   std=0     p95=130   p99=130   p99.9=130   p99.99=130   min=130   max=130  
[ping_task] 1: avg=252   std=0     p95=252   p99=252   p99.9=252   p99.99=252   min=252   max=252  
[ping_task] 2: avg=192   std=0     p95=192   p99=192   p99.9=192   p99.99=192   min=192   max=192  
[ping_task] 8: avg=116   std=0     p95=116   p99=116   p99.9=116   p99.99=116   min=116   max=116  
[ping_task] 7: avg=122   std=0     p95=122   p99=122   p99.9=122   p99.99=122   min=122   max=122  
[ping_task] 9: avg=206   std=0     p95=206   p99=206   p99.9=206   p99.99=206   min=206   max=206  
[ping_task] 4: avg=258   std=0     p95=258   p99=258   p99.9=258   p99.99=258   min=258   max=258  
[ping_task] 5: avg=170   std=0     p95=170   p99=170   p99.9=170   p99.99=170   min=170   max=170  
[ping_task] 3: avg=130   std=0     p95=130   p99=130   p99.9=130   p99.99=130   min=130   max=130  
[ping_task] 1: avg=252   std=0     p95=252   p99=252   p99.9=252   p99.99=252   min=252   max=252  
[ping_task] 2: avg=192   std=0     p95=192   p99=192   p99.9=192   p99.99=192   min=192   max=192  
[ping_task] 8: avg=116   std=0     p95=116   p99=116   p99.9=116   p99.99=116   min=116   max=116  
[ping_task] 7: avg=122   std=0     p95=122   p99=122   p99.9=122   p99.99=122   min=122   max=122  
[ping_task] 9: avg=206   std=0     p95=206   p99=206   p99.9=206   p99.99=206   min=206   max=206  
[ping_task] 4: avg=258   std=0     p95=258   p99=258   p99.9=258   p99.99=258   min=258   max=258  
[ping_task] 5: avg=170   std=0     p95=170   p99=170   p99.9=170   p99.99=170   min=170   max=170  
[ping_task] 3: avg=130   std=0     p95=130   p99=130   p99.9=130   p99.99=130   min=130   max=130  
[ping_task] 1: avg=252   std=0     p95=252   p99=252   p99.9=252   p99.99=252   min=252   max=252  
[ping_task] 2: avg=192   std=0     p95=192   p99=192   p99.9=192   p99.99=192   min=192   max=192  
[ping_task] 8: avg=116   std=0     p95=116   p99=116   p99.9=116   p99.99=116   min=116   max=116  
[ping_task] 7: avg=122   std=0     p95=122   p99=122   p99.9=122   p99.99=122   min=122   max=122  
[ping_task] 9: avg=206   std=0     p95=206   p99=206   p99.9=206   p99.99=206   min=206   max=206  
[ping_task] 4: avg=258   std=0     p95=258   p99=258   p99.9=258   p99.99=258   min=258   max=258  
[ping_task] 5: avg=170   std=0     p95=170   p99=170   p99.9=170   p99.99=170   min=170   max=170  
[ping_task] 3: avg=130   std=0     p95=130   p99=130   p99.9=130   p99.99=130   min=130   max=130  
[ping_task] 1: avg=252   std=0     p95=252   p99=252   p99.9=252   p99.99=252   min=252   max=252  
[ping_task] 2: avg=192   std=0     p95=192   p99=192   p99.9=192   p99.99=192   min=192   max=192  
[ping_task] 8: avg=116   std=0     p95=116   p99=116   p99.9=116   p99.99=116   min=116   max=116  
[ping_task] 7: avg=122   std=0     p95=122   p99=122   p99.9=122   p99.99=122   min=122   max=122  
[ping_task] 9: avg=206   std=0     p95=206   p99=206   p99.9=206   p99.99=206   min=206   max=206  
[ping_task] 4: avg=258   std=0     p95=258   p99=258   p99.9=258   p99.99=258   min=258   max=258  
[ping_task] 5: avg=170   std=0     p95=170   p99=170   p99.9=170   p99.99=170   min=170   max=170  
[ping_task] 3: avg=130   std=0     p95=130   p99=130   p99.9=130   p99.99=130   min=130   max=130  
[ping_task] 1: avg=252   std=0     p95=252   p99=252   p99.9=252   p99.99=252   min=252   max=252  
[ping_task] 2: avg=192   std=0     p95=192   p99=192   p99.9=192   p99.99=192   min=192   max=192  
[ping_task] 8: avg=116   std=0     p95=116   p99=116   p99.9=116   p99.99=116   min=116   max=116  
[ping_task] 7: avg=122   std=0     p95=122   p99=122   p99.9=122   p99.99=122   min=122   max=122  
[ping_task] 9: avg=206   std=0     p95=206   p99=206   p99.9=206   p99.99=206   min=206   max=206  
[ping_task] 4: avg=258   std=0     p95=258   p99=258   p99.9=258   p99.99=258   min=258   max=258  
[ping_task] 5: avg=170   std=0     p95=170   p99=170   p99.9=170   p99.99=170   min=170   max=170  
[ping_task] 3: avg=130   std=0     p95=130   p99=130   p99.9=130   p99.99=130   min=130   max=130  
[ping_task] 1: avg=252   std=0     p95=252   p99=252   p99.9=252   p99.99=252   min=252   max=252  
[ping_task] 2: avg=192   std=0     p95=192   p99=192   p99.9=192   p99.99=192   min=192   max=192  
[ping_task] 8: avg=116   std=0     p95=116   p99=116   p99.9=116   p99.99=116   min=116   max=116  
[ping_task] 7: avg=122   std=0     p95=122   p99=122   p99.9=122   p99.99=122   min=122   max=122  
[ping_task] 9: avg=206   std=0     p95=206   p99=206   p99.9=206   p99.99=206   min=206   max=206  
[ping_task] 4: avg=258   std=0     p95=258   p99=258   p99.9=258   p99.99=258   min=258   max=258  
[ping_task] 5: avg=170   std=0     p95=170   p99=170   p99.9=170   p99.99=170   min=170   max=170  
[ping_task] 3: avg=130   std=0     p95=130   p99=130   p99.9=130   p99.99=130   min=130   max=130  
[ping_task] 1: avg=252   std=0     p95=252   p99=252   p99.9=252   p99.99=252   min=252   max=252  
[ping_task] 2: avg=192   std=0     p95=192   p99=192   p99.9=192   p99.99=192   min=192   max=192  
[ping_task] 8: avg=116   std=0     p95=116   p99=116   p99.9=116   p99.99=116   min=116   max=116  
[ping_task] 7: avg=122   std=0     p95=122   p99=122   p99.9=122   p99.99=122   min=122   max=122  
[ping_task] 9: avg=206   std=0     p95=206   p99=206   p99.9=206   p99.99=206   min=206   max=206  
[ping_task] 4: avg=258   std=0     p95=258   p99=258   p99.9=258   p99.99=258   min=258   max=258  
[ping_task] 5: avg=170   std=0     p95=170   p99=170   p99.9=170   p99.99=170   min=170   max=170  
[ping_task] 3: avg=130   std=0     p95=130   p99=130   p99.9=130   p99.99=130   min=130   max=130  
[ping_task] 1: avg=252   std=0     p95=252   p99=252   p99.9=252   p99.99=252   min=252   max=252  
[ping_task] 2: avg=192   std=0     p95=192   p99=192   p99.9=192   p99.99=192   min=192   max=192  
[ping_task] 8: avg=116   std=0     p95=116   p99=116   p99.9=116   p99.99=116   min=116   max=116  
[ping_task] 7: avg=122   std=0     p95=122   p99=122   p99.9=122   p99.99=122   min=122   max=122  
[ping_task] 9: avg=206   std=0     p95=206   p99=206   p99.9=206   p99.99=206   min=206   max=206  
[ping_task] 4: avg=258   std=0     p95=258   p99=258   p99.9=258   p99.99=258   min=258   max=258  
[ping_task] 5: avg=170   std=0     p95=170   p99=170   p99.9=170   p99.99=170   min=170   max=170  
[ping_task] 3: avg=130   std=0     p95=130   p99=130   p99.9=130   p99.99=130   min=130   max=130  
[ping_task] 1: avg=252   std=0     p95=252   p99=252   p99.9=252   p99.99=252   min=252   max=252  
[ping_task] 2: avg=192   std=0     p95=192   p99=192   p99.9=192   p99.99=192   min=192   max=192  
[ping_task] 8: avg=116   std=0     p95=116   p99=116   p99.9=116   p99.99=116   min=116   max=116  
[ping_task] 7: avg=122   std=0     p95=122   p99=122   p99.9=122   p99.99=122   min=122   max=122  
[ping_task] 9: avg=206   std=0     p95=206   p99=206   p99.9=206   p99.99=206   min=206   max=206  
[client_server] client disconnected.
[client_server] client disconnected.
[client_server] client disconnected.
[client_server] client disconnected.
[client_server] client disconnected.
[client_server] client disconnected.
[client_server] client disconnected.
[client_server] client disconnected.
[client_server] client disconnected.
[client_server] client disconnected.
[client_server] client disconnected.
[client_server] client disconnected.
[client_server] client disconnected.
[client_server] client disconnected.
[client_server] client disconnected.
[client_server] client disconnected.
[ping_task] 4: avg=258   std=0     p95=258   p99=258   p99.9=258   p99.99=258   min=258   max=258  
[ping_task] 5: avg=170   std=0     p95=170   p99=170   p99.9=170   p99.99=170   min=170   max=170  
[ping_task] 3: avg=130   std=0     p95=130   p99=130   p99.9=130   p99.99=130   min=130   max=130  
[ping_task] 1: avg=252   std=0     p95=252   p99=252   p99.9=252   p99.99=252   min=252   max=252  
[ping_task] 2: avg=192   std=0     p95=192   p99=192   p99.9=192   p99.99=192   min=192   max=192  
[ping_task] 8: avg=116   std=0     p95=116   p99=116   p99.9=116   p99.99=116   min=116   max=116  
[ping_task] 7: avg=122   std=0     p95=122   p99=122   p99.9=122   p99.99=122   min=122   max=122  
[ping_task] 9: avg=206   std=0     p95=206   p99=206   p99.9=206   p99.99=206   min=206   max=206  
