process id: 10
sorted processes: None
ip: 0.0.0.0
port: 3010
client port: 4010
addresses: [("10.10.1.21:3011", Some(164ms)), ("10.10.1.1:3001", Some(137ms)), ("10.10.1.3:3002", Some(107ms)), ("10.10.1.5:3003", Some(75ms)), ("10.10.1.7:3004", Some(135ms)), ("10.10.1.9:3005", Some(191ms)), ("10.10.1.11:3006", Some(139ms)), ("10.10.1.13:3007", Some(71ms)), ("10.10.1.15:3008", Some(73ms)), ("10.10.1.17:3009", Some(111ms))]
config: Config { n: 11, f: 3, shard_count: 1, execute_at_commit: false, executor_cleanup_interval: 10ms, executor_executed_notification_interval: 50ms, executor_monitor_pending_interval: None, executor_monitor_execution_order: false, gc_interval: Some(50ms), leader: None, nfr: false, tempo_tiny_quorums: false, tempo_clock_bump_interval: None, tempo_detached_send_interval: Some(5ms), caesar_wait_condition: true, skip_fast_ack: false }
tcp_nodelay: true
tcp buffer size: 16777216
tcp flush interval: Some(5ms)
process channel buffer size: 100000000
client channel buffer size: 10000
workers: 16
executors: 16
multiplexing: 16
execution log: None
ping_interval: Some(500ms)
metrics file: Some("server_10.metrics")
stack size: 33554432
cpus: 8 of 16
[metrics_logger] started with log server_10.metrics
process 10 started
[ping_task] 1: avg=274   std=0     p95=274   p99=274   p99.9=274   p99.99=274   min=274   max=274  
[ping_task] 3: avg=150   std=0     p95=150   p99=150   p99.9=150   p99.99=150   min=150   max=150  
[ping_task] 6: avg=278   std=0     p95=278   p99=278   p99.9=278   p99.99=278   min=278   max=278  
[ping_task] 5: avg=382   std=0     p95=382   p99=382   p99.9=382   p99.99=382   min=382   max=382  
[ping_task] 9: avg=222   std=0     p95=222   p99=222   p99.9=222   p99.99=222   min=222   max=222  
[ping_task] 8: avg=146   std=0     p95=146   p99=146   p99.9=146   p99.99=146   min=146   max=146  
[ping_task] 4: avg=270   std=0     p95=270   p99=270   p99.9=270   p99.99=270   min=270   max=270  
[ping_task] 7: avg=142   std=0     p95=142   p99=142   p99.9=142   p99.99=142   min=142   max=142  
[ping_task] 2: avg=214   std=0     p95=214   p99=214   p99.9=214   p99.99=214   min=214   max=214  
[ping_task] 11: avg=328   std=0     p95=328   p99=328   p99.9=328   p99.99=328   min=328   max=328  
[ping_task] 1: avg=274   std=0     p95=274   p99=274   p99.9=274   p99.99=274   min=274   max=274  
[ping_task] 3: avg=150   std=0     p95=150   p99=150   p99.9=150   p99.99=150   min=150   max=150  
[ping_task] 6: avg=278   std=0     p95=278   p99=278   p99.9=278   p99.99=278   min=278   max=278  
[ping_task] 5: avg=382   std=0     p95=382   p99=382   p99.9=382   p99.99=382   min=382   max=382  
[ping_task] 9: avg=222   std=0     p95=222   p99=222   p99.9=222   p99.99=222   min=222   max=222  
[ping_task] 8: avg=146   std=0     p95=146   p99=146   p99.9=146   p99.99=146   min=146   max=146  
[ping_task] 4: avg=270   std=0     p95=270   p99=270   p99.9=270   p99.99=270   min=270   max=270  
[ping_task] 7: avg=142   std=0     p95=142   p99=142   p99.9=142   p99.99=142   min=142   max=142  
[ping_task] 2: avg=214   std=0     p95=214   p99=214   p99.9=214   p99.99=214   min=214   max=214  
[ping_task] 11: avg=328   std=0     p95=328   p99=328   p99.9=328   p99.99=328   min=328   max=328  
[ping_task] 1: avg=274   std=0     p95=274   p99=274   p99.9=274   p99.99=274   min=274   max=274  
[ping_task] 3: avg=150   std=0     p95=150   p99=150   p99.9=150   p99.99=150   min=150   max=150  
[ping_task] 6: avg=278   std=0     p95=278   p99=278   p99.9=278   p99.99=278   min=278   max=278  
[ping_task] 5: avg=382   std=0     p95=382   p99=382   p99.9=382   p99.99=382   min=382   max=382  
[ping_task] 9: avg=222   std=0     p95=222   p99=222   p99.9=222   p99.99=222   min=222   max=222  
[ping_task] 8: avg=146   std=0     p95=146   p99=146   p99.9=146   p99.99=146   min=146   max=146  
[ping_task] 4: avg=270   std=0     p95=270   p99=270   p99.9=270   p99.99=270   min=270   max=270  
[ping_task] 7: avg=142   std=0     p95=142   p99=142   p99.9=142   p99.99=142   min=142   max=142  
[ping_task] 2: avg=214   std=0     p95=214   p99=214   p99.9=214   p99.99=214   min=214   max=214  
[ping_task] 11: avg=328   std=0     p95=328   p99=328   p99.9=328   p99.99=328   min=328   max=328  
[ping_task] 1: avg=274   std=0     p95=274   p99=274   p99.9=274   p99.99=274   min=274   max=274  
[ping_task] 3: avg=150   std=0     p95=150   p99=150   p99.9=150   p99.99=150   min=150   max=150  
[ping_task] 6: avg=278   std=0     p95=278   p99=278   p99.9=278   p99.99=278   min=278   max=278  
[ping_task] 5: avg=382   std=0     p95=382   p99=382   p99.9=382   p99.99=382   min=382   max=382  
[ping_task] 9: avg=222   std=0     p95=222   p99=222   p99.9=222   p99.99=222   min=222   max=222  
[ping_task] 8: avg=146   std=0     p95=146   p99=146   p99.9=146   p99.99=146   min=146   max=146  
[ping_task] 4: avg=270   std=0     p95=270   p99=270   p99.9=270   p99.99=270   min=270   max=270  
[ping_task] 7: avg=142   std=0     p95=142   p99=142   p99.9=142   p99.99=142   min=142   max=142  
[ping_task] 2: avg=214   std=0     p95=214   p99=214   p99.9=214   p99.99=214   min=214   max=214  
[ping_task] 11: avg=328   std=0     p95=328   p99=328   p99.9=328   p99.99=328   min=328   max=328  
[ping_task] 1: avg=274   std=0     p95=274   p99=274   p99.9=274   p99.99=274   min=274   max=274  
[ping_task] 3: avg=150   std=0     p95=150   p99=150   p99.9=150   p99.99=150   min=150   max=150  
[ping_task] 6: avg=278   std=0     p95=278   p99=278   p99.9=278   p99.99=278   min=278   max=278  
[ping_task] 5: avg=382   std=0     p95=382   p99=382   p99.9=382   p99.99=382   min=382   max=382  
[ping_task] 9: avg=222   std=0     p95=222   p99=222   p99.9=222   p99.99=222   min=222   max=222  
[ping_task] 8: avg=146   std=0     p95=146   p99=146   p99.9=146   p99.99=146   min=146   max=146  
[ping_task] 4: avg=270   std=0     p95=270   p99=270   p99.9=270   p99.99=270   min=270   max=270  
[ping_task] 7: avg=142   std=0     p95=142   p99=142   p99.9=142   p99.99=142   min=142   max=142  
[ping_task] 2: avg=214   std=0     p95=214   p99=214   p99.9=214   p99.99=214   min=214   max=214  
[ping_task] 11: avg=328   std=0     p95=328   p99=328   p99.9=328   p99.99=328   min=328   max=328  
[ping_task] 1: avg=274   std=0     p95=274   p99=274   p99.9=274   p99.99=274   min=274   max=274  
[ping_task] 3: avg=150   std=0     p95=150   p99=150   p99.9=150   p99.99=150   min=150   max=150  
[ping_task] 6: avg=278   std=0     p95=278   p99=278   p99.9=278   p99.99=278   min=278   max=278  
[ping_task] 5: avg=382   std=0     p95=382   p99=382   p99.9=382   p99.99=382   min=382   max=382  
[ping_task] 9: avg=222   std=0     p95=222   p99=222   p99.9=222   p99.99=222   min=222   max=222  
[ping_task] 8: avg=146   std=0     p95=146   p99=146   p99.9=146   p99.99=146   min=146   max=146  
[ping_task] 4: avg=270   std=0     p95=270   p99=270   p99.9=270   p99.99=270   min=270   max=270  
[ping_task] 7: avg=142   std=0     p95=142   p99=142   p99.9=142   p99.99=142   min=142   max=142  
[ping_task] 2: avg=214   std=0     p95=214   p99=214   p99.9=214   p99.99=214   min=214   max=214  
[ping_task] 11: avg=328   std=0     p95=328   p99=328   p99.9=328   p99.99=328   min=328   max=328  
[ping_task] 1: avg=274   std=0     p95=274   p99=274   p99.9=274   p99.99=274   min=274   max=274  
[ping_task] 3: avg=150   std=0     p95=150   p99=150   p99.9=150   p99.99=150   min=150   max=150  
[ping_task] 6: avg=278   std=0     p95=278   p99=278   p99.9=278   p99.99=278   min=278   max=278  
[ping_task] 5: avg=382   std=0     p95=382   p99=382   p99.9=382   p99.99=382   min=382   max=382  
[ping_task] 9: avg=222   std=0     p95=222   p99=222   p99.9=222   p99.99=222   min=222   max=222  
[ping_task] 8: avg=146   std=0     p95=146   p99=146   p99.9=146   p99.99=146   min=146   max=146  
[ping_task] 4: avg=270   std=0     p95=270   p99=270   p99.9=270   p99.99=270   min=270   max=270  
[ping_task] 7: avg=142   std=0     p95=142   p99=142   p99.9=142   p99.99=142   min=142   max=142  
[ping_task] 2: avg=214   std=0     p95=214   p99=214   p99.9=214   p99.99=214   min=214   max=214  
[ping_task] 11: avg=328   std=0     p95=328   p99=328   p99.9=328   p99.99=328   min=328   max=328  
[ping_task] 1: avg=274   std=0     p95=274   p99=274   p99.9=274   p99.99=274   min=274   max=274  
[ping_task] 3: avg=150   std=0     p95=150   p99=150   p99.9=150   p99.99=150   min=150   max=150  
[ping_task] 6: avg=278   std=0     p95=278   p99=278   p99.9=278   p99.99=278   min=278   max=278  
[ping_task] 5: avg=382   std=0     p95=382   p99=382   p99.9=382   p99.99=382   min=382   max=382  
[ping_task] 9: avg=222   std=0     p95=222   p99=222   p99.9=222   p99.99=222   min=222   max=222  
[ping_task] 8: avg=146   std=0     p95=146   p99=146   p99.9=146   p99.99=146   min=146   max=146  
[ping_task] 4: avg=270   std=0     p95=270   p99=270   p99.9=270   p99.99=270   min=270   max=270  
[ping_task] 7: avg=142   std=0     p95=142   p99=142   p99.9=142   p99.99=142   min=142   max=142  
[ping_task] 2: avg=214   std=0     p95=214   p99=214   p99.9=214   p99.99=214   min=214   max=214  
[ping_task] 11: avg=328   std=0     p95=328   p99=328   p99.9=328   p99.99=328   min=328   max=328  
[ping_task] 1: avg=274   std=0     p95=274   p99=274   p99.9=274   p99.99=274   min=274   max=274  
[ping_task] 3: avg=150   std=0     p95=150   p99=150   p99.9=150   p99.99=150   min=150   max=150  
[ping_task] 6: avg=278   std=0     p95=278   p99=278   p99.9=278   p99.99=278   min=278   max=278  
[ping_task] 5: avg=382   std=0     p95=382   p99=382   p99.9=382   p99.99=382   min=382   max=382  
[ping_task] 9: avg=222   std=0     p95=222   p99=222   p99.9=222   p99.99=222   min=222   max=222  
[ping_task] 8: avg=146   std=0     p95=146   p99=146   p99.9=146   p99.99=146   min=146   max=146  
[ping_task] 4: avg=270   std=0     p95=270   p99=270   p99.9=270   p99.99=270   min=270   max=270  
[ping_task] 7: avg=142   std=0     p95=142   p99=142   p99.9=142   p99.99=142   min=142   max=142  
[ping_task] 2: avg=214   std=0     p95=214   p99=214   p99.9=214   p99.99=214   min=214   max=214  
[ping_task] 11: avg=328   std=0     p95=328   p99=328   p99.9=328   p99.99=328   min=328   max=328  
[ping_task] 1: avg=274   std=0     p95=274   p99=274   p99.9=274   p99.99=274   min=274   max=274  
[ping_task] 3: avg=150   std=0     p95=150   p99=150   p99.9=150   p99.99=150   min=150   max=150  
[ping_task] 6: avg=278   std=0     p95=278   p99=278   p99.9=278   p99.99=278   min=278   max=278  
[ping_task] 5: avg=382   std=0     p95=382   p99=382   p99.9=382   p99.99=382   min=382   max=382  
[ping_task] 9: avg=222   std=0     p95=222   p99=222   p99.9=222   p99.99=222   min=222   max=222  
[ping_task] 8: avg=146   std=0     p95=146   p99=146   p99.9=146   p99.99=146   min=146   max=146  
[ping_task] 4: avg=270   std=0     p95=270   p99=270   p99.9=270   p99.99=270   min=270   max=270  
[ping_task] 7: avg=142   std=0     p95=142   p99=142   p99.9=142   p99.99=142   min=142   max=142  
[ping_task] 2: avg=214   std=0     p95=214   p99=214   p99.9=214   p99.99=214   min=214   max=214  
[ping_task] 11: avg=328   std=0     p95=328   p99=328   p99.9=328   p99.99=328   min=328   max=328  
[ping_task] 1: avg=274   std=0     p95=274   p99=274   p99.9=274   p99.99=274   min=274   max=274  
[ping_task] 3: avg=150   std=0     p95=150   p99=150   p99.9=150   p99.99=150   min=150   max=150  
[ping_task] 6: avg=278   std=0     p95=278   p99=278   p99.9=278   p99.99=278   min=278   max=278  
[ping_task] 5: avg=382   std=0     p95=382   p99=382   p99.9=382   p99.99=382   min=382   max=382  
[ping_task] 9: avg=222   std=0     p95=222   p99=222   p99.9=222   p99.99=222   min=222   max=222  
[ping_task] 8: avg=146   std=0     p95=146   p99=146   p99.9=146   p99.99=146   min=146   max=146  
[ping_task] 4: avg=270   std=0     p95=270   p99=270   p99.9=270   p99.99=270   min=270   max=270  
[ping_task] 7: avg=142   std=0     p95=142   p99=142   p99.9=142   p99.99=142   min=142   max=142  
[ping_task] 2: avg=214   std=0     p95=214   p99=214   p99.9=214   p99.99=214   min=214   max=214  
[ping_task] 11: avg=328   std=0     p95=328   p99=328   p99.9=328   p99.99=328   min=328   max=328  
[ping_task] 1: avg=274   std=0     p95=274   p99=274   p99.9=274   p99.99=274   min=274   max=274  
[ping_task] 3: avg=150   std=0     p95=150   p99=150   p99.9=150   p99.99=150   min=150   max=150  
[ping_task] 6: avg=278   std=0     p95=278   p99=278   p99.9=278   p99.99=278   min=278   max=278  
[ping_task] 5: avg=382   std=0     p95=382   p99=382   p99.9=382   p99.99=382   min=382   max=382  
[ping_task] 9: avg=222   std=0     p95=222   p99=222   p99.9=222   p99.99=222   min=222   max=222  
[ping_task] 8: avg=146   std=0     p95=146   p99=146   p99.9=146   p99.99=146   min=146   max=146  
[ping_task] 4: avg=270   std=0     p95=270   p99=270   p99.9=270   p99.99=270   min=270   max=270  
[ping_task] 7: avg=142   std=0     p95=142   p99=142   p99.9=142   p99.99=142   min=142   max=142  
[ping_task] 2: avg=214   std=0     p95=214   p99=214   p99.9=214   p99.99=214   min=214   max=214  
[ping_task] 11: avg=328   std=0     p95=328   p99=328   p99.9=328   p99.99=328   min=328   max=328  
[ping_task] 1: avg=274   std=0     p95=274   p99=274   p99.9=274   p99.99=274   min=274   max=274  
[ping_task] 3: avg=150   std=0     p95=150   p99=150   p99.9=150   p99.99=150   min=150   max=150  
[ping_task] 6: avg=278   std=0     p95=278   p99=278   p99.9=278   p99.99=278   min=278   max=278  
[ping_task] 5: avg=382   std=0     p95=382   p99=382   p99.9=382   p99.99=382   min=382   max=382  
[ping_task] 9: avg=222   std=0     p95=222   p99=222   p99.9=222   p99.99=222   min=222   max=222  
[ping_task] 8: avg=146   std=0     p95=146   p99=146   p99.9=146   p99.99=146   min=146   max=146  
[ping_task] 4: avg=270   std=0     p95=270   p99=270   p99.9=270   p99.99=270   min=270   max=270  
[ping_task] 7: avg=142   std=0     p95=142   p99=142   p99.9=142   p99.99=142   min=142   max=142  
[ping_task] 2: avg=214   std=0     p95=214   p99=214   p99.9=214   p99.99=214   min=214   max=214  
[ping_task] 11: avg=328   std=0     p95=328   p99=328   p99.9=328   p99.99=328   min=328   max=328  
[ping_task] 1: avg=274   std=0     p95=274   p99=274   p99.9=274   p99.99=274   min=274   max=274  
[ping_task] 3: avg=150   std=0     p95=150   p99=150   p99.9=150   p99.99=150   min=150   max=150  
[ping_task] 6: avg=278   std=0     p95=278   p99=278   p99.9=278   p99.99=278   min=278   max=278  
[ping_task] 5: avg=382   std=0     p95=382   p99=382   p99.9=382   p99.99=382   min=382   max=382  
[ping_task] 9: avg=222   std=0     p95=222   p99=222   p99.9=222   p99.99=222   min=222   max=222  
[ping_task] 8: avg=146   std=0     p95=146   p99=146   p99.9=146   p99.99=146   min=146   max=146  
[ping_task] 4: avg=270   std=0     p95=270   p99=270   p99.9=270   p99.99=270   min=270   max=270  
[ping_task] 7: avg=142   std=0     p95=142   p99=142   p99.9=142   p99.99=142   min=142   max=142  
[ping_task] 2: avg=214   std=0     p95=214   p99=214   p99.9=214   p99.99=214   min=214   max=214  
[ping_task] 11: avg=328   std=0     p95=328   p99=328   p99.9=328   p99.99=328   min=328   max=328  
[ping_task] 1: avg=274   std=0     p95=274   p99=274   p99.9=274   p99.99=274   min=274   max=274  
[ping_task] 3: avg=150   std=0     p95=150   p99=150   p99.9=150   p99.99=150   min=150   max=150  
[ping_task] 6: avg=278   std=0     p95=278   p99=278   p99.9=278   p99.99=278   min=278   max=278  
[ping_task] 5: avg=382   std=0     p95=382   p99=382   p99.9=382   p99.99=382   min=382   max=382  
[ping_task] 9: avg=222   std=0     p95=222   p99=222   p99.9=222   p99.99=222   min=222   max=222  
[ping_task] 8: avg=146   std=0     p95=146   p99=146   p99.9=146   p99.99=146   min=146   max=146  
[ping_task] 4: avg=270   std=0     p95=270   p99=270   p99.9=270   p99.99=270   min=270   max=270  
[ping_task] 7: avg=142   std=0     p95=142   p99=142   p99.9=142   p99.99=142   min=142   max=142  
[ping_task] 2: avg=214   std=0     p95=214   p99=214   p99.9=214   p99.99=214   min=214   max=214  
[ping_task] 11: avg=328   std=0     p95=328   p99=328   p99.9=328   p99.99=328   min=328   max=328  
[ping_task] 1: avg=274   std=0     p95=274   p99=274   p99.9=274   p99.99=274   min=274   max=274  
[ping_task] 3: avg=150   std=0     p95=150   p99=150   p99.9=150   p99.99=150   min=150   max=150  
[ping_task] 6: avg=278   std=0     p95=278   p99=278   p99.9=278   p99.99=278   min=278   max=278  
[ping_task] 5: avg=382   std=0     p95=382   p99=382   p99.9=382   p99.99=382   min=382   max=382  
[ping_task] 9: avg=222   std=0     p95=222   p99=222   p99.9=222   p99.99=222   min=222   max=222  
[ping_task] 8: avg=146   std=0     p95=146   p99=146   p99.9=146   p99.99=146   min=146   max=146  
[ping_task] 4: avg=270   std=0     p95=270   p99=270   p99.9=270   p99.99=270   min=270   max=270  
[ping_task] 7: avg=142   std=0     p95=142   p99=142   p99.9=142   p99.99=142   min=142   max=142  
[ping_task] 2: avg=214   std=0     p95=214   p99=214   p99.9=214   p99.99=214   min=214   max=214  
[ping_task] 11: avg=328   std=0     p95=328   p99=328   p99.9=328   p99.99=328   min=328   max=328  
[ping_task] 1: avg=274   std=0     p95=274   p99=274   p99.9=274   p99.99=274   min=274   max=274  
[ping_task] 3: avg=150   std=0     p95=150   p99=150   p99.9=150   p99.99=150   min=150   max=150  
[ping_task] 6: avg=278   std=0     p95=278   p99=278   p99.9=278   p99.99=278   min=278   max=278  
[ping_task] 5: avg=382   std=0     p95=382   p99=382   p99.9=382   p99.99=382   min=382   max=382  
[ping_task] 9: avg=222   std=0     p95=222   p99=222   p99.9=222   p99.99=222   min=222   max=222  
[ping_task] 8: avg=146   std=0     p95=146   p99=146   p99.9=146   p99.99=146   min=146   max=146  
[ping_task] 4: avg=270   std=0     p95=270   p99=270   p99.9=270   p99.99=270   min=270   max=270  
[ping_task] 7: avg=142   std=0     p95=142   p99=142   p99.9=142   p99.99=142   min=142   max=142  
[ping_task] 2: avg=214   std=0     p95=214   p99=214   p99.9=214   p99.99=214   min=214   max=214  
[ping_task] 11: avg=328   std=0     p95=328   p99=328   p99.9=328   p99.99=328   min=328   max=328  
[ping_task] 1: avg=274   std=0     p95=274   p99=274   p99.9=274   p99.99=274   min=274   max=274  
[ping_task] 3: avg=150   std=0     p95=150   p99=150   p99.9=150   p99.99=150   min=150   max=150  
[ping_task] 6: avg=278   std=0     p95=278   p99=278   p99.9=278   p99.99=278   min=278   max=278  
[ping_task] 5: avg=382   std=0     p95=382   p99=382   p99.9=382   p99.99=382   min=382   max=382  
[ping_task] 9: avg=222   std=0     p95=222   p99=222   p99.9=222   p99.99=222   min=222   max=222  
[ping_task] 8: avg=146   std=0     p95=146   p99=146   p99.9=146   p99.99=146   min=146   max=146  
[ping_task] 4: avg=270   std=0     p95=270   p99=270   p99.9=270   p99.99=270   min=270   max=270  
[ping_task] 7: avg=142   std=0     p95=142   p99=142   p99.9=142   p99.99=142   min=142   max=142  
[ping_task] 2: avg=214   std=0     p95=214   p99=214   p99.9=214   p99.99=214   min=214   max=214  
[ping_task] 11: avg=328   std=0     p95=328   p99=328   p99.9=328   p99.99=328   min=328   max=328  
[ping_task] 1: avg=274   std=0     p95=274   p99=274   p99.9=274   p99.99=274   min=274   max=274  
[ping_task] 3: avg=150   std=0     p95=150   p99=150   p99.9=150   p99.99=150   min=150   max=150  
[ping_task] 6: avg=278   std=0     p95=278   p99=278   p99.9=278   p99.99=278   min=278   max=278  
[ping_task] 5: avg=382   std=0     p95=382   p99=382   p99.9=382   p99.99=382   min=382   max=382  
[ping_task] 9: avg=222   std=0     p95=222   p99=222   p99.9=222   p99.99=222   min=222   max=222  
[ping_task] 8: avg=146   std=0     p95=146   p99=146   p99.9=146   p99.99=146   min=146   max=146  
[ping_task] 4: avg=270   std=0     p95=270   p99=270   p99.9=270   p99.99=270   min=270   max=270  
[ping_task] 7: avg=142   std=0     p95=142   p99=142   p99.9=142   p99.99=142   min=142   max=142  
[ping_task] 2: avg=214   std=0     p95=214   p99=214   p99.9=214   p99.99=214   min=214   max=214  
[ping_task] 11: avg=328   std=0     p95=328   p99=328   p99.9=328   p99.99=328   min=328   max=328  
[ping_task] 1: avg=274   std=0     p95=274   p99=274   p99.9=274   p99.99=274   min=274   max=274  
[ping_task] 3: avg=150   std=0     p95=150   p99=150   p99.9=150   p99.99=150   min=150   max=150  
[ping_task] 6: avg=278   std=0     p95=278   p99=278   p99.9=278   p99.99=278   min=278   max=278  
[ping_task] 5: avg=382   std=0     p95=382   p99=382   p99.9=382   p99.99=382   min=382   max=382  
[ping_task] 9: avg=222   std=0     p95=222   p99=222   p99.9=222   p99.99=222   min=222   max=222  
[ping_task] 8: avg=146   std=0     p95=146   p99=146   p99.9=146   p99.99=146   min=146   max=146  
[ping_task] 4: avg=270   std=0     p95=270   p99=270   p99.9=270   p99.99=270   min=270   max=270  
[ping_task] 7: avg=142   std=0     p95=142   p99=142   p99.9=142   p99.99=142   min=142   max=142  
[ping_task] 2: avg=214   std=0     p95=214   p99=214   p99.9=214   p99.99=214   min=214   max=214  
[ping_task] 11: avg=328   std=0     p95=328   p99=328   p99.9=328   p99.99=328   min=328   max=328  
[ping_task] 1: avg=274   std=0     p95=274   p99=274   p99.9=274   p99.99=274   min=274   max=274  
[ping_task] 3: avg=150   std=0     p95=150   p99=150   p99.9=150   p99.99=150   min=150   max=150  
[ping_task] 6: avg=278   std=0     p95=278   p99=278   p99.9=278   p99.99=278   min=278   max=278  
[ping_task] 5: avg=382   std=0     p95=382   p99=382   p99.9=382   p99.99=382   min=382   max=382  
[ping_task] 9: avg=222   std=0     p95=222   p99=222   p99.9=222   p99.99=222   min=222   max=222  
[ping_task] 8: avg=146   std=0     p95=146   p99=146   p99.9=146   p99.99=146   min=146   max=146  
[ping_task] 4: avg=270   std=0     p95=270   p99=270   p99.9=270   p99.99=270   min=270   max=270  
[ping_task] 7: avg=142   std=0     p95=142   p99=142   p99.9=142   p99.99=142   min=142   max=142  
[ping_task] 2: avg=214   std=0     p95=214   p99=214   p99.9=214   p99.99=214   min=214   max=214  
[ping_task] 11: avg=328   std=0     p95=328   p99=328   p99.9=328   p99.99=328   min=328   max=328  
[ping_task] 1: avg=274   std=0     p95=274   p99=274   p99.9=274   p99.99=274   min=274   max=274  
[ping_task] 3: avg=150   std=0     p95=150   p99=150   p99.9=150   p99.99=150   min=150   max=150  
[ping_task] 6: avg=278   std=0     p95=278   p99=278   p99.9=278   p99.99=278   min=278   max=278  
[ping_task] 5: avg=382   std=0     p95=382   p99=382   p99.9=382   p99.99=382   min=382   max=382  
[ping_task] 9: avg=222   std=0     p95=222   p99=222   p99.9=222   p99.99=222   min=222   max=222  
[ping_task] 8: avg=146   std=0     p95=146   p99=146   p99.9=146   p99.99=146   min=146   max=146  
[ping_task] 4: avg=270   std=0     p95=270   p99=270   p99.9=270   p99.99=270   min=270   max=270  
[ping_task] 7: avg=142   std=0     p95=142   p99=142   p99.9=142   p99.99=142   min=142   max=142  
[ping_task] 2: avg=214   std=0     p95=214   p99=214   p99.9=214   p99.99=214   min=214   max=214  
[ping_task] 11: avg=328   std=0     p95=328   p99=328   p99.9=328   p99.99=328   min=328   max=328  
[ping_task] 1: avg=274   std=0     p95=274   p99=274   p99.9=274   p99.99=274   min=274   max=274  
[ping_task] 3: avg=150   std=0     p95=150   p99=150   p99.9=150   p99.99=150   min=150   max=150  
[ping_task] 6: avg=278   std=0     p95=278   p99=278   p99.9=278   p99.99=278   min=278   max=278  
[ping_task] 5: avg=382   std=0     p95=382   p99=382   p99.9=382   p99.99=382   min=382   max=382  
[ping_task] 9: avg=222   std=0     p95=222   p99=222   p99.9=222   p99.99=222   min=222   max=222  
[ping_task] 8: avg=146   std=0     p95=146   p99=146   p99.9=146   p99.99=146   min=146   max=146  
[ping_task] 4: avg=270   std=0     p95=270   p99=270   p99.9=270   p99.99=270   min=270   max=270  
[ping_task] 7: avg=142   std=0     p95=142   p99=142   p99.9=142   p99.99=142   min=142   max=142  
[ping_task] 2: avg=214   std=0     p95=214   p99=214   p99.9=214   p99.99=214   min=214   max=214  
[ping_task] 11: avg=328   std=0     p95=328   p99=328   p99.9=328   p99.99=328   min=328   max=328  
[ping_task] 1: avg=274   std=0     p95=274   p99=274   p99.9=274   p99.99=274   min=274   max=274  
[ping_task] 3: avg=150   std=0     p95=150   p99=150   p99.9=150   p99.99=150   min=150   max=150  
[ping_task] 6: avg=278   std=0     p95=278   p99=278   p99.9=278   p99.99=278   min=278   max=278  
[ping_task] 5: avg=382   std=0     p95=382   p99=382   p99.9=382   p99.99=382   min=382   max=382  
[ping_task] 9: avg=222   std=0     p95=222   p99=222   p99.9=222   p99.99=222   min=222   max=222  
[ping_task] 8: avg=146   std=0     p95=146   p99=146   p99.9=146   p99.99=146   min=146   max=146  
[ping_task] 4: avg=270   std=0     p95=270   p99=270   p99.9=270   p99.99=270   min=270   max=270  
[ping_task] 7: avg=142   std=0     p95=142   p99=142   p99.9=142   p99.99=142   min=142   max=142  
[ping_task] 2: avg=214   std=0     p95=214   p99=214   p99.9=214   p99.99=214   min=214   max=214  
[ping_task] 11: avg=328   std=0     p95=328   p99=328   p99.9=328   p99.99=328   min=328   max=328  
[ping_task] 1: avg=274   std=0     p95=274   p99=274   p99.9=274   p99.99=274   min=274   max=274  
[ping_task] 3: avg=150   std=0     p95=150   p99=150   p99.9=150   p99.99=150   min=150   max=150  
[ping_task] 6: avg=278   std=0     p95=278   p99=278   p99.9=278   p99.99=278   min=278   max=278  
[ping_task] 5: avg=382   std=0     p95=382   p99=382   p99.9=382   p99.99=382   min=382   max=382  
[ping_task] 9: avg=222   std=0     p95=222   p99=222   p99.9=222   p99.99=222   min=222   max=222  
[ping_task] 8: avg=146   std=0     p95=146   p99=146   p99.9=146   p99.99=146   min=146   max=146  
[ping_task] 4: avg=270   std=0     p95=270   p99=270   p99.9=270   p99.99=270   min=270   max=270  
[ping_task] 7: avg=142   std=0     p95=142   p99=142   p99.9=142   p99.99=142   min=142   max=142  
[ping_task] 2: avg=214   std=0     p95=214   p99=214   p99.9=214   p99.99=214   min=214   max=214  
[ping_task] 11: avg=328   std=0     p95=328   p99=328   p99.9=328   p99.99=328   min=328   max=328  
[ping_task] 1: avg=274   std=0     p95=274   p99=274   p99.9=274   p99.99=274   min=274   max=274  
[ping_task] 3: avg=150   std=0     p95=150   p99=150   p99.9=150   p99.99=150   min=150   max=150  
[ping_task] 6: avg=278   std=0     p95=278   p99=278   p99.9=278   p99.99=278   min=278   max=278  
[ping_task] 5: avg=382   std=0     p95=382   p99=382   p99.9=382   p99.99=382   min=382   max=382  
[ping_task] 9: avg=222   std=0     p95=222   p99=222   p99.9=222   p99.99=222   min=222   max=222  
[ping_task] 8: avg=146   std=0     p95=146   p99=146   p99.9=146   p99.99=146   min=146   max=146  
[ping_task] 4: avg=270   std=0     p95=270   p99=270   p99.9=270   p99.99=270   min=270   max=270  
[ping_task] 7: avg=142   std=0     p95=142   p99=142   p99.9=142   p99.99=142   min=142   max=142  
[ping_task] 2: avg=214   std=0     p95=214   p99=214   p99.9=214   p99.99=214   min=214   max=214  
[ping_task] 11: avg=328   std=0     p95=328   p99=328   p99.9=328   p99.99=328   min=328   max=328  
[ping_task] 1: avg=274   std=0     p95=274   p99=274   p99.9=274   p99.99=274   min=274   max=274  
[ping_task] 3: avg=150   std=0     p95=150   p99=150   p99.9=150   p99.99=150   min=150   max=150  
[ping_task] 6: avg=278   std=0     p95=278   p99=278   p99.9=278   p99.99=278   min=278   max=278  
[ping_task] 5: avg=382   std=0     p95=382   p99=382   p99.9=382   p99.99=382   min=382   max=382  
[ping_task] 9: avg=222   std=0     p95=222   p99=222   p99.9=222   p99.99=222   min=222   max=222  
[ping_task] 8: avg=146   std=0     p95=146   p99=146   p99.9=146   p99.99=146   min=146   max=146  
[ping_task] 4: avg=270   std=0     p95=270   p99=270   p99.9=270   p99.99=270   min=270   max=270  
[ping_task] 7: avg=142   std=0     p95=142   p99=142   p99.9=142   p99.99=142   min=142   max=142  
[ping_task] 2: avg=214   std=0     p95=214   p99=214   p99.9=214   p99.99=214   min=214   max=214  
[ping_task] 11: avg=328   std=0     p95=328   p99=328   p99.9=328   p99.99=328   min=328   max=328  
[ping_task] 1: avg=274   std=0     p95=274   p99=274   p99.9=274   p99.99=274   min=274   max=274  
[ping_task] 3: avg=150   std=0     p95=150   p99=150   p99.9=150   p99.99=150   min=150   max=150  
[ping_task] 6: avg=278   std=0     p95=278   p99=278   p99.9=278   p99.99=278   min=278   max=278  
[ping_task] 5: avg=382   std=0     p95=382   p99=382   p99.9=382   p99.99=382   min=382   max=382  
[ping_task] 9: avg=222   std=0     p95=222   p99=222   p99.9=222   p99.99=222   min=222   max=222  
[ping_task] 8: avg=146   std=0     p95=146   p99=146   p99.9=146   p99.99=146   min=146   max=146  
[ping_task] 4: avg=270   std=0     p95=270   p99=270   p99.9=270   p99.99=270   min=270   max=270  
[ping_task] 7: avg=142   std=0     p95=142   p99=142   p99.9=142   p99.99=142   min=142   max=142  
[ping_task] 2: avg=214   std=0     p95=214   p99=214   p99.9=214   p99.99=214   min=214   max=214  
[ping_task] 11: avg=328   std=0     p95=328   p99=328   p99.9=328   p99.99=328   min=328   max=328  
[ping_task] 1: avg=274   std=0     p95=274   p99=274   p99.9=274   p99.99=274   min=274   max=274  
[ping_task] 3: avg=150   std=0     p95=150   p99=150   p99.9=150   p99.99=150   min=150   max=150  
[ping_task] 6: avg=278   std=0     p95=278   p99=278   p99.9=278   p99.99=278   min=278   max=278  
[ping_task] 5: avg=382   std=0     p95=382   p99=382   p99.9=382   p99.99=382   min=382   max=382  
[ping_task] 9: avg=222   std=0     p95=222   p99=222   p99.9=222   p99.99=222   min=222   max=222  
[ping_task] 8: avg=146   std=0     p95=146   p99=146   p99.9=146   p99.99=146   min=146   max=146  
[ping_task] 4: avg=270   std=0     p95=270   p99=270   p99.9=270   p99.99=270   min=270   max=270  
[ping_task] 7: avg=142   std=0     p95=142   p99=142   p99.9=142   p99.99=142   min=142   max=142  
[ping_task] 2: avg=214   std=0     p95=214   p99=214   p99.9=214   p99.99=214   min=214   max=214  
[ping_task] 11: avg=328   std=0     p95=328   p99=328   p99.9=328   p99.99=328   min=328   max=328  
[client_server] client disconnected.
[client_server] client disconnected.
[client_server] client disconnected.
[client_server] client disconnected.
[client_server] client disconnected.
[client_server] client disconnected.
[client_server] client disconnected.
[client_server] client disconnected.
[client_server] client disconnected.
[client_server] client disconnected.
[client_server] client disconnected.
[client_server] client disconnected.
[client_server] client disconnected.
[client_server] client disconnected.
[ping_task] 1: avg=274   std=0     p95=274   p99=274   p99.9=274   p99.99=274   min=274   max=274  
[ping_task] 3: avg=150   std=0     p95=150   p99=150   p99.9=150   p99.99=150   min=150   max=150  
[ping_task] 6: avg=278   std=0     p95=278   p99=278   p99.9=278   p99.99=278   min=278   max=278  
[ping_task] 5: avg=382   std=0     p95=382   p99=382   p99.9=382   p99.99=382   min=382   max=382  
[ping_task] 9: avg=222   std=0     p95=222   p99=222   p99.9=222   p99.99=222   min=222   max=222  
[ping_task] 8: avg=146   std=0     p95=146   p99=146   p99.9=146   p99.99=146   min=146   max=146  
[ping_task] 4: avg=270   std=0     p95=270   p99=270   p99.9=270   p99.99=270   min=270   max=270  
[ping_task] 7: avg=142   std=0     p95=142   p99=142   p99.9=142   p99.99=142   min=142   max=142  
[ping_task] 2: avg=214   std=0     p95=214   p99=214   p99.9=214   p99.99=214   min=214   max=214  
[ping_task] 11: avg=328   std=0     p95=328   p99=328   p99.9=328   p99.99=328   min=328   max=328  
[client_server] client disconnected.
[client_server] client disconnected.
