process id: 7
sorted processes: None
ip: 0.0.0.0
port: 3007
client port: 4007
addresses: [("10.10.1.15:3008", Some(3ms)), ("10.10.1.17:3009", Some(44ms)), ("10.10.1.19:3010", Some(71ms)), ("10.10.1.21:3011", Some(97ms)), ("10.10.1.1:3001", Some(68ms)), ("10.10.1.3:3002", Some(38ms)), ("10.10.1.5:3003", Some(5ms)), ("10.10.1.7:3004", Some(72ms)), ("10.10.1.9:3005", Some(104ms)), ("10.10.1.11:3006", Some(61ms))]
config: Config { n: 11, f: 3, shard_count: 1, execute_at_commit: false, executor_cleanup_interval: 10ms, executor_executed_notification_interval: 50ms, executor_monitor_pending_interval: None, executor_monitor_execution_order: false, gc_interval: Some(50ms), leader: None, nfr: false, tempo_tiny_quorums: false, tempo_clock_bump_interval: None, tempo_detached_send_interval: Some(5ms), caesar_wait_condition: true, skip_fast_ack: false }
tcp_nodelay: true
tcp buffer size: 16777216
tcp flush interval: Some(5ms)
process channel buffer size: 100000000
client channel buffer size: 10000
workers: 16
executors: 16
multiplexing: 16
execution log: None
ping_interval: Some(500ms)
metrics file: Some("server_7.metrics")
stack size: 33554432
cpus: 8 of 16
failed to connect to "10.10.1.15:3008": Connection refused (os error 111)
will try again in 1 second (1 out of 100)
[metrics_logger] started with log server_7.metrics
process 7 started
[ping_task] 8: avg=6     std=0     p95=6     p99=6     p99.9=6     p99.99=6     min=6     max=6    
[ping_task] 2: avg=76    std=0     p95=76    p99=76    p99.9=76    p99.99=76    min=76    max=76   
[ping_task] 6: avg=122   std=0     p95=122   p99=122   p99.9=122   p99.99=122   min=122   max=122  
[ping_task] 4: avg=144   std=0     p95=144   p99=144   p99.9=144   p99.99=144   min=144   max=144  
[ping_task] 9: avg=88    std=0     p95=88    p99=88    p99.9=88    p99.99=88    min=88    max=88   
[ping_task] 1: avg=136   std=0     p95=136   p99=136   p99.9=136   p99.99=136   min=136   max=136  
[ping_task] 5: avg=208   std=0     p95=208   p99=208   p99.9=208   p99.99=208   min=208   max=208  
[ping_task] 10: avg=142   std=0     p95=142   p99=142   p99.9=142   p99.99=142   min=142   max=142  
[ping_task] 11: avg=194   std=0     p95=194   p99=194   p99.9=194   p99.99=194   min=194   max=194  
[ping_task] 3: avg=10    std=0     p95=10    p99=10    p99.9=10    p99.99=10    min=10    max=10   
[ping_task] 8: avg=6     std=0     p95=6     p99=6     p99.9=6     p99.99=6     min=6     max=6    
[ping_task] 2: avg=76    std=0     p95=76    p99=76    p99.9=76    p99.99=76    min=76    max=76   
[ping_task] 6: avg=122   std=0     p95=122   p99=122   p99.9=122   p99.99=122   min=122   max=122  
[ping_task] 4: avg=144   std=0     p95=144   p99=144   p99.9=144   p99.99=144   min=144   max=144  
[ping_task] 9: avg=88    std=0     p95=88    p99=88    p99.9=88    p99.99=88    min=88    max=88   
[ping_task] 1: avg=136   std=0     p95=136   p99=136   p99.9=136   p99.99=136   min=136   max=136  
[ping_task] 5: avg=208   std=0     p95=208   p99=208   p99.9=208   p99.99=208   min=208   max=208  
[ping_task] 10: avg=142   std=0     p95=142   p99=142   p99.9=142   p99.99=142   min=142   max=142  
[ping_task] 11: avg=194   std=0     p95=194   p99=194   p99.9=194   p99.99=194   min=194   max=194  
[ping_task] 3: avg=10    std=0     p95=10    p99=10    p99.9=10    p99.99=10    min=10    max=10   
[ping_task] 8: avg=6     std=0     p95=6     p99=6     p99.9=6     p99.99=6     min=6     max=6    
[ping_task] 2: avg=76    std=0     p95=76    p99=76    p99.9=76    p99.99=76    min=76    max=76   
[ping_task] 6: avg=122   std=0     p95=122   p99=122   p99.9=122   p99.99=122   min=122   max=122  
[ping_task] 4: avg=144   std=0     p95=144   p99=144   p99.9=144   p99.99=144   min=144   max=144  
[ping_task] 9: avg=88    std=0     p95=88    p99=88    p99.9=88    p99.99=88    min=88    max=88   
[ping_task] 1: avg=136   std=0     p95=136   p99=136   p99.9=136   p99.99=136   min=136   max=136  
[ping_task] 5: avg=208   std=0     p95=208   p99=208   p99.9=208   p99.99=208   min=208   max=208  
[ping_task] 10: avg=142   std=0     p95=142   p99=142   p99.9=142   p99.99=142   min=142   max=142  
[ping_task] 11: avg=194   std=0     p95=194   p99=194   p99.9=194   p99.99=194   min=194   max=194  
[ping_task] 3: avg=10    std=0     p95=10    p99=10    p99.9=10    p99.99=10    min=10    max=10   
[ping_task] 8: avg=6     std=0     p95=6     p99=6     p99.9=6     p99.99=6     min=6     max=6    
[ping_task] 2: avg=76    std=0     p95=76    p99=76    p99.9=76    p99.99=76    min=76    max=76   
[ping_task] 6: avg=122   std=0     p95=122   p99=122   p99.9=122   p99.99=122   min=122   max=122  
[ping_task] 4: avg=144   std=0     p95=144   p99=144   p99.9=144   p99.99=144   min=144   max=144  
[ping_task] 9: avg=88    std=0     p95=88    p99=88    p99.9=88    p99.99=88    min=88    max=88   
[ping_task] 1: avg=136   std=0     p95=136   p99=136   p99.9=136   p99.99=136   min=136   max=136  
[ping_task] 5: avg=208   std=0     p95=208   p99=208   p99.9=208   p99.99=208   min=208   max=208  
[ping_task] 10: avg=142   std=0     p95=142   p99=142   p99.9=142   p99.99=142   min=142   max=142  
[ping_task] 11: avg=194   std=0     p95=194   p99=194   p99.9=194   p99.99=194   min=194   max=194  
[ping_task] 3: avg=10    std=0     p95=10    p99=10    p99.9=10    p99.99=10    min=10    max=10   
[ping_task] 8: avg=6     std=0     p95=6     p99=6     p99.9=6     p99.99=6     min=6     max=6    
[ping_task] 2: avg=76    std=0     p95=76    p99=76    p99.9=76    p99.99=76    min=76    max=76   
[ping_task] 6: avg=122   std=0     p95=122   p99=122   p99.9=122   p99.99=122   min=122   max=122  
[ping_task] 4: avg=144   std=0     p95=144   p99=144   p99.9=144   p99.99=144   min=144   max=144  
[ping_task] 9: avg=88    std=0     p95=88    p99=88    p99.9=88    p99.99=88    min=88    max=88   
[ping_task] 1: avg=136   std=0     p95=136   p99=136   p99.9=136   p99.99=136   min=136   max=136  
[ping_task] 5: avg=208   std=0     p95=208   p99=208   p99.9=208   p99.99=208   min=208   max=208  
[ping_task] 10: avg=142   std=0     p95=142   p99=142   p99.9=142   p99.99=142   min=142   max=142  
[ping_task] 11: avg=194   std=0     p95=194   p99=194   p99.9=194   p99.99=194   min=194   max=194  
[ping_task] 3: avg=10    std=0     p95=10    p99=10    p99.9=10    p99.99=10    min=10    max=10   
[ping_task] 8: avg=6     std=0     p95=6     p99=6     p99.9=6     p99.99=6     min=6     max=6    
[ping_task] 2: avg=76    std=0     p95=76    p99=76    p99.9=76    p99.99=76    min=76    max=76   
[ping_task] 6: avg=122   std=0     p95=122   p99=122   p99.9=122   p99.99=122   min=122   max=122  
[ping_task] 4: avg=144   std=0     p95=144   p99=144   p99.9=144   p99.99=144   min=144   max=144  
[ping_task] 9: avg=88    std=0     p95=88    p99=88    p99.9=88    p99.99=88    min=88    max=88   
[ping_task] 1: avg=136   std=0     p95=136   p99=136   p99.9=136   p99.99=136   min=136   max=136  
[ping_task] 5: avg=208   std=0     p95=208   p99=208   p99.9=208   p99.99=208   min=208   max=208  
[ping_task] 10: avg=142   std=0     p95=142   p99=142   p99.9=142   p99.99=142   min=142   max=142  
[ping_task] 11: avg=194   std=0     p95=194   p99=194   p99.9=194   p99.99=194   min=194   max=194  
[ping_task] 3: avg=10    std=0     p95=10    p99=10    p99.9=10    p99.99=10    min=10    max=10   
[ping_task] 8: avg=6     std=0     p95=6     p99=6     p99.9=6     p99.99=6     min=6     max=6    
[ping_task] 2: avg=76    std=0     p95=76    p99=76    p99.9=76    p99.99=76    min=76    max=76   
[ping_task] 6: avg=122   std=0     p95=122   p99=122   p99.9=122   p99.99=122   min=122   max=122  
[ping_task] 4: avg=144   std=0     p95=144   p99=144   p99.9=144   p99.99=144   min=144   max=144  
[ping_task] 9: avg=88    std=0     p95=88    p99=88    p99.9=88    p99.99=88    min=88    max=88   
[ping_task] 1: avg=136   std=0     p95=136   p99=136   p99.9=136   p99.99=136   min=136   max=136  
[ping_task] 5: avg=208   std=0     p95=208   p99=208   p99.9=208   p99.99=208   min=208   max=208  
[ping_task] 10: avg=142   std=0     p95=142   p99=142   p99.9=142   p99.99=142   min=142   max=142  
[ping_task] 11: avg=194   std=0     p95=194   p99=194   p99.9=194   p99.99=194   min=194   max=194  
[ping_task] 3: avg=10    std=0     p95=10    p99=10    p99.9=10    p99.99=10    min=10    max=10   
[ping_task] 8: avg=6     std=0     p95=6     p99=6     p99.9=6     p99.99=6     min=6     max=6    
[ping_task] 2: avg=76    std=0     p95=76    p99=76    p99.9=76    p99.99=76    min=76    max=76   
[ping_task] 6: avg=122   std=0     p95=122   p99=122   p99.9=122   p99.99=122   min=122   max=122  
[ping_task] 4: avg=144   std=0     p95=144   p99=144   p99.9=144   p99.99=144   min=144   max=144  
[ping_task] 9: avg=88    std=0     p95=88    p99=88    p99.9=88    p99.99=88    min=88    max=88   
[ping_task] 1: avg=136   std=0     p95=136   p99=136   p99.9=136   p99.99=136   min=136   max=136  
[ping_task] 5: avg=208   std=0     p95=208   p99=208   p99.9=208   p99.99=208   min=208   max=208  
[ping_task] 10: avg=142   std=0     p95=142   p99=142   p99.9=142   p99.99=142   min=142   max=142  
[ping_task] 11: avg=194   std=0     p95=194   p99=194   p99.9=194   p99.99=194   min=194   max=194  
[ping_task] 3: avg=10    std=0     p95=10    p99=10    p99.9=10    p99.99=10    min=10    max=10   
[ping_task] 8: avg=6     std=0     p95=6     p99=6     p99.9=6     p99.99=6     min=6     max=6    
[ping_task] 2: avg=76    std=0     p95=76    p99=76    p99.9=76    p99.99=76    min=76    max=76   
[ping_task] 6: avg=122   std=0     p95=122   p99=122   p99.9=122   p99.99=122   min=122   max=122  
[ping_task] 4: avg=144   std=0     p95=144   p99=144   p99.9=144   p99.99=144   min=144   max=144  
[ping_task] 9: avg=88    std=0     p95=88    p99=88    p99.9=88    p99.99=88    min=88    max=88   
[ping_task] 1: avg=136   std=0     p95=136   p99=136   p99.9=136   p99.99=136   min=136   max=136  
[ping_task] 5: avg=208   std=0     p95=208   p99=208   p99.9=208   p99.99=208   min=208   max=208  
[ping_task] 10: avg=142   std=0     p95=142   p99=142   p99.9=142   p99.99=142   min=142   max=142  
[ping_task] 11: avg=194   std=0     p95=194   p99=194   p99.9=194   p99.99=194   min=194   max=194  
[ping_task] 3: avg=10    std=0     p95=10    p99=10    p99.9=10    p99.99=10    min=10    max=10   
[ping_task] 8: avg=6     std=0     p95=6     p99=6     p99.9=6     p99.99=6     min=6     max=6    
[ping_task] 2: avg=76    std=0     p95=76    p99=76    p99.9=76    p99.99=76    min=76    max=76   
[ping_task] 6: avg=122   std=0     p95=122   p99=122   p99.9=122   p99.99=122   min=122   max=122  
[ping_task] 4: avg=144   std=0     p95=144   p99=144   p99.9=144   p99.99=144   min=144   max=144  
[ping_task] 9: avg=88    std=0     p95=88    p99=88    p99.9=88    p99.99=88    min=88    max=88   
[ping_task] 1: avg=136   std=0     p95=136   p99=136   p99.9=136   p99.99=136   min=136   max=136  
[ping_task] 5: avg=208   std=0     p95=208   p99=208   p99.9=208   p99.99=208   min=208   max=208  
[ping_task] 10: avg=142   std=0     p95=142   p99=142   p99.9=142   p99.99=142   min=142   max=142  
[ping_task] 11: avg=194   std=0     p95=194   p99=194   p99.9=194   p99.99=194   min=194   max=194  
[ping_task] 3: avg=10    std=0     p95=10    p99=10    p99.9=10    p99.99=10    min=10    max=10   
[ping_task] 8: avg=6     std=0     p95=6     p99=6     p99.9=6     p99.99=6     min=6     max=6    
[ping_task] 2: avg=76    std=0     p95=76    p99=76    p99.9=76    p99.99=76    min=76    max=76   
[ping_task] 6: avg=122   std=0     p95=122   p99=122   p99.9=122   p99.99=122   min=122   max=122  
[ping_task] 4: avg=144   std=0     p95=144   p99=144   p99.9=144   p99.99=144   min=144   max=144  
[ping_task] 9: avg=88    std=0     p95=88    p99=88    p99.9=88    p99.99=88    min=88    max=88   
[ping_task] 1: avg=136   std=0     p95=136   p99=136   p99.9=136   p99.99=136   min=136   max=136  
[ping_task] 5: avg=208   std=0     p95=208   p99=208   p99.9=208   p99.99=208   min=208   max=208  
[ping_task] 10: avg=142   std=0     p95=142   p99=142   p99.9=142   p99.99=142   min=142   max=142  
[ping_task] 11: avg=194   std=0     p95=194   p99=194   p99.9=194   p99.99=194   min=194   max=194  
[ping_task] 3: avg=10    std=0     p95=10    p99=10    p99.9=10    p99.99=10    min=10    max=10   
[ping_task] 8: avg=6     std=0     p95=6     p99=6     p99.9=6     p99.99=6     min=6     max=6    
[ping_task] 2: avg=76    std=0     p95=76    p99=76    p99.9=76    p99.99=76    min=76    max=76   
[ping_task] 6: avg=122   std=0     p95=122   p99=122   p99.9=122   p99.99=122   min=122   max=122  
[ping_task] 4: avg=144   std=0     p95=144   p99=144   p99.9=144   p99.99=144   min=144   max=144  
[ping_task] 9: avg=88    std=0     p95=88    p99=88    p99.9=88    p99.99=88    min=88    max=88   
[ping_task] 1: avg=136   std=0     p95=136   p99=136   p99.9=136   p99.99=136   min=136   max=136  
[ping_task] 5: avg=208   std=0     p95=208   p99=208   p99.9=208   p99.99=208   min=208   max=208  
[ping_task] 10: avg=142   std=0     p95=142   p99=142   p99.9=142   p99.99=142   min=142   max=142  
[ping_task] 11: avg=194   std=0     p95=194   p99=194   p99.9=194   p99.99=194   min=194   max=194  
[ping_task] 3: avg=10    std=0     p95=10    p99=10    p99.9=10    p99.99=10    min=10    max=10   
[ping_task] 8: avg=6     std=0     p95=6     p99=6     p99.9=6     p99.99=6     min=6     max=6    
[ping_task] 2: avg=76    std=0     p95=76    p99=76    p99.9=76    p99.99=76    min=76    max=76   
[ping_task] 6: avg=122   std=0     p95=122   p99=122   p99.9=122   p99.99=122   min=122   max=122  
[ping_task] 4: avg=144   std=0     p95=144   p99=144   p99.9=144   p99.99=144   min=144   max=144  
[ping_task] 9: avg=88    std=0     p95=88    p99=88    p99.9=88    p99.99=88    min=88    max=88   
[ping_task] 1: avg=136   std=0     p95=136   p99=136   p99.9=136   p99.99=136   min=136   max=136  
[ping_task] 5: avg=208   std=0     p95=208   p99=208   p99.9=208   p99.99=208   min=208   max=208  
[ping_task] 10: avg=142   std=0     p95=142   p99=142   p99.9=142   p99.99=142   min=142   max=142  
[ping_task] 11: avg=194   std=0     p95=194   p99=194   p99.9=194   p99.99=194   min=194   max=194  
[ping_task] 3: avg=10    std=0     p95=10    p99=10    p99.9=10    p99.99=10    min=10    max=10   
[ping_task] 8: avg=6     std=0     p95=6     p99=6     p99.9=6     p99.99=6     min=6     max=6    
[ping_task] 2: avg=76    std=0     p95=76    p99=76    p99.9=76    p99.99=76    min=76    max=76   
[ping_task] 6: avg=122   std=0     p95=122   p99=122   p99.9=122   p99.99=122   min=122   max=122  
[ping_task] 4: avg=144   std=0     p95=144   p99=144   p99.9=144   p99.99=144   min=144   max=144  
[ping_task] 9: avg=88    std=0     p95=88    p99=88    p99.9=88    p99.99=88    min=88    max=88   
[ping_task] 1: avg=136   std=0     p95=136   p99=136   p99.9=136   p99.99=136   min=136   max=136  
[ping_task] 5: avg=208   std=0     p95=208   p99=208   p99.9=208   p99.99=208   min=208   max=208  
[ping_task] 10: avg=142   std=0     p95=142   p99=142   p99.9=142   p99.99=142   min=142   max=142  
[ping_task] 11: avg=194   std=0     p95=194   p99=194   p99.9=194   p99.99=194   min=194   max=194  
[ping_task] 3: avg=10    std=0     p95=10    p99=10    p99.9=10    p99.99=10    min=10    max=10   
[ping_task] 8: avg=6     std=0     p95=6     p99=6     p99.9=6     p99.99=6     min=6     max=6    
[ping_task] 2: avg=76    std=0     p95=76    p99=76    p99.9=76    p99.99=76    min=76    max=76   
[ping_task] 6: avg=122   std=0     p95=122   p99=122   p99.9=122   p99.99=122   min=122   max=122  
[ping_task] 4: avg=144   std=0     p95=144   p99=144   p99.9=144   p99.99=144   min=144   max=144  
[ping_task] 9: avg=88    std=0     p95=88    p99=88    p99.9=88    p99.99=88    min=88    max=88   
[ping_task] 1: avg=136   std=0     p95=136   p99=136   p99.9=136   p99.99=136   min=136   max=136  
[ping_task] 5: avg=208   std=0     p95=208   p99=208   p99.9=208   p99.99=208   min=208   max=208  
[ping_task] 10: avg=142   std=0     p95=142   p99=142   p99.9=142   p99.99=142   min=142   max=142  
[ping_task] 11: avg=194   std=0     p95=194   p99=194   p99.9=194   p99.99=194   min=194   max=194  
[ping_task] 3: avg=10    std=0     p95=10    p99=10    p99.9=10    p99.99=10    min=10    max=10   
[ping_task] 8: avg=6     std=0     p95=6     p99=6     p99.9=6     p99.99=6     min=6     max=6    
[ping_task] 2: avg=76    std=0     p95=76    p99=76    p99.9=76    p99.99=76    min=76    max=76   
[ping_task] 6: avg=122   std=0     p95=122   p99=122   p99.9=122   p99.99=122   min=122   max=122  
[ping_task] 4: avg=144   std=0     p95=144   p99=144   p99.9=144   p99.99=144   min=144   max=144  
[ping_task] 9: avg=88    std=0     p95=88    p99=88    p99.9=88    p99.99=88    min=88    max=88   
[ping_task] 1: avg=136   std=0     p95=136   p99=136   p99.9=136   p99.99=136   min=136   max=136  
[ping_task] 5: avg=208   std=0     p95=208   p99=208   p99.9=208   p99.99=208   min=208   max=208  
[ping_task] 10: avg=142   std=0     p95=142   p99=142   p99.9=142   p99.99=142   min=142   max=142  
[ping_task] 11: avg=194   std=0     p95=194   p99=194   p99.9=194   p99.99=194   min=194   max=194  
[ping_task] 3: avg=10    std=0     p95=10    p99=10    p99.9=10    p99.99=10    min=10    max=10   
[client_server] client disconnected.
[client_server] client disconnected.
[client_server] client disconnected.
[client_server] client disconnected.
[client_server] client disconnected.
[client_server] client disconnected.
[client_server] client disconnected.
[client_server] client disconnected.
[client_server] client disconnected.
[client_server] client disconnected.
[client_server] client disconnected.
[client_server] client disconnected.
[client_server] client disconnected.
[client_server] client disconnected.
[client_server] client disconnected.
[client_server] client disconnected.
[ping_task] 8: avg=6     std=0     p95=6     p99=6     p99.9=6     p99.99=6     min=6     max=6    
[ping_task] 2: avg=76    std=0     p95=76    p99=76    p99.9=76    p99.99=76    min=76    max=76   
[ping_task] 6: avg=122   std=0     p95=122   p99=122   p99.9=122   p99.99=122   min=122   max=122  
[ping_task] 4: avg=144   std=0     p95=144   p99=144   p99.9=144   p99.99=144   min=144   max=144  
[ping_task] 9: avg=88    std=0     p95=88    p99=88    p99.9=88    p99.99=88    min=88    max=88   
[ping_task] 1: avg=136   std=0     p95=136   p99=136   p99.9=136   p99.99=136   min=136   max=136  
[ping_task] 5: avg=208   std=0     p95=208   p99=208   p99.9=208   p99.99=208   min=208   max=208  
[ping_task] 10: avg=142   std=0     p95=142   p99=142   p99.9=142   p99.99=142   min=142   max=142  
[ping_task] 11: avg=194   std=0     p95=194   p99=194   p99.9=194   p99.99=194   min=194   max=194  
[ping_task] 3: avg=10    std=0     p95=10    p99=10    p99.9=10    p99.99=10    min=10    max=10   
[ping_task] 8: avg=6     std=0     p95=6     p99=6     p99.9=6     p99.99=6     min=6     max=6    
[ping_task] 2: avg=76    std=0     p95=76    p99=76    p99.9=76    p99.99=76    min=76    max=76   
[ping_task] 6: avg=122   std=0     p95=122   p99=122   p99.9=122   p99.99=122   min=122   max=122  
[ping_task] 4: avg=144   std=0     p95=144   p99=144   p99.9=144   p99.99=144   min=144   max=144  
[ping_task] 9: avg=88    std=0     p95=88    p99=88    p99.9=88    p99.99=88    min=88    max=88   
[ping_task] 1: avg=136   std=0     p95=136   p99=136   p99.9=136   p99.99=136   min=136   max=136  
[ping_task] 5: avg=208   std=0     p95=208   p99=208   p99.9=208   p99.99=208   min=208   max=208  
[ping_task] 10: avg=142   std=0     p95=142   p99=142   p99.9=142   p99.99=142   min=142   max=142  
[ping_task] 11: avg=194   std=0     p95=194   p99=194   p99.9=194   p99.99=194   min=194   max=194  
[ping_task] 3: avg=10    std=0     p95=10    p99=10    p99.9=10    p99.99=10    min=10    max=10   
[ping_task] 8: avg=6     std=0     p95=6     p99=6     p99.9=6     p99.99=6     min=6     max=6    
[ping_task] 2: avg=76    std=0     p95=76    p99=76    p99.9=76    p99.99=76    min=76    max=76   
[ping_task] 6: avg=122   std=0     p95=122   p99=122   p99.9=122   p99.99=122   min=122   max=122  
[ping_task] 4: avg=144   std=0     p95=144   p99=144   p99.9=144   p99.99=144   min=144   max=144  
[ping_task] 9: avg=88    std=0     p95=88    p99=88    p99.9=88    p99.99=88    min=88    max=88   
[ping_task] 1: avg=136   std=0     p95=136   p99=136   p99.9=136   p99.99=136   min=136   max=136  
[ping_task] 5: avg=208   std=0     p95=208   p99=208   p99.9=208   p99.99=208   min=208   max=208  
[ping_task] 10: avg=142   std=0     p95=142   p99=142   p99.9=142   p99.99=142   min=142   max=142  
[ping_task] 11: avg=194   std=0     p95=194   p99=194   p99.9=194   p99.99=194   min=194   max=194  
[ping_task] 3: avg=10    std=0     p95=10    p99=10    p99.9=10    p99.99=10    min=10    max=10   
[ping_task] 8: avg=6     std=0     p95=6     p99=6     p99.9=6     p99.99=6     min=6     max=6    
[ping_task] 2: avg=76    std=0     p95=76    p99=76    p99.9=76    p99.99=76    min=76    max=76   
[ping_task] 6: avg=122   std=0     p95=122   p99=122   p99.9=122   p99.99=122   min=122   max=122  
[ping_task] 4: avg=144   std=0     p95=144   p99=144   p99.9=144   p99.99=144   min=144   max=144  
[ping_task] 9: avg=88    std=0     p95=88    p99=88    p99.9=88    p99.99=88    min=88    max=88   
[ping_task] 1: avg=136   std=0     p95=136   p99=136   p99.9=136   p99.99=136   min=136   max=136  
[ping_task] 5: avg=208   std=0     p95=208   p99=208   p99.9=208   p99.99=208   min=208   max=208  
[ping_task] 10: avg=142   std=0     p95=142   p99=142   p99.9=142   p99.99=142   min=142   max=142  
[ping_task] 11: avg=194   std=0     p95=194   p99=194   p99.9=194   p99.99=194   min=194   max=194  
[ping_task] 3: avg=10    std=0     p95=10    p99=10    p99.9=10    p99.99=10    min=10    max=10   
[ping_task] 8: avg=6     std=0     p95=6     p99=6     p99.9=6     p99.99=6     min=6     max=6    
[ping_task] 2: avg=76    std=0     p95=76    p99=76    p99.9=76    p99.99=76    min=76    max=76   
[ping_task] 6: avg=122   std=0     p95=122   p99=122   p99.9=122   p99.99=122   min=122   max=122  
[ping_task] 4: avg=144   std=0     p95=144   p99=144   p99.9=144   p99.99=144   min=144   max=144  
[ping_task] 9: avg=88    std=0     p95=88    p99=88    p99.9=88    p99.99=88    min=88    max=88   
[ping_task] 1: avg=136   std=0     p95=136   p99=136   p99.9=136   p99.99=136   min=136   max=136  
[ping_task] 5: avg=208   std=0     p95=208   p99=208   p99.9=208   p99.99=208   min=208   max=208  
[ping_task] 10: avg=142   std=0     p95=142   p99=142   p99.9=142   p99.99=142   min=142   max=142  
[ping_task] 11: avg=194   std=0     p95=194   p99=194   p99.9=194   p99.99=194   min=194   max=194  
[ping_task] 3: avg=10    std=0     p95=10    p99=10    p99.9=10    p99.99=10    min=10    max=10   
[ping_task] 8: avg=6     std=0     p95=6     p99=6     p99.9=6     p99.99=6     min=6     max=6    
[ping_task] 2: avg=76    std=0     p95=76    p99=76    p99.9=76    p99.99=76    min=76    max=76   
[ping_task] 6: avg=122   std=0     p95=122   p99=122   p99.9=122   p99.99=122   min=122   max=122  
[ping_task] 4: avg=144   std=0     p95=144   p99=144   p99.9=144   p99.99=144   min=144   max=144  
[ping_task] 9: avg=88    std=0     p95=88    p99=88    p99.9=88    p99.99=88    min=88    max=88   
[ping_task] 1: avg=136   std=0     p95=136   p99=136   p99.9=136   p99.99=136   min=136   max=136  
[ping_task] 5: avg=208   std=0     p95=208   p99=208   p99.9=208   p99.99=208   min=208   max=208  
[ping_task] 10: avg=142   std=0     p95=142   p99=142   p99.9=142   p99.99=142   min=142   max=142  
[ping_task] 11: avg=194   std=0     p95=194   p99=194   p99.9=194   p99.99=194   min=194   max=194  
[ping_task] 3: avg=10    std=0     p95=10    p99=10    p99.9=10    p99.99=10    min=10    max=10   
[ping_task] 8: avg=6     std=0     p95=6     p99=6     p99.9=6     p99.99=6     min=6     max=6    
[ping_task] 2: avg=76    std=0     p95=76    p99=76    p99.9=76    p99.99=76    min=76    max=76   
[ping_task] 6: avg=122   std=0     p95=122   p99=122   p99.9=122   p99.99=122   min=122   max=122  
[ping_task] 4: avg=144   std=0     p95=144   p99=144   p99.9=144   p99.99=144   min=144   max=144  
[ping_task] 9: avg=88    std=0     p95=88    p99=88    p99.9=88    p99.99=88    min=88    max=88   
[ping_task] 1: avg=136   std=0     p95=136   p99=136   p99.9=136   p99.99=136   min=136   max=136  
[ping_task] 5: avg=208   std=0     p95=208   p99=208   p99.9=208   p99.99=208   min=208   max=208  
[ping_task] 10: avg=142   std=0     p95=142   p99=142   p99.9=142   p99.99=142   min=142   max=142  
[ping_task] 11: avg=194   std=0     p95=194   p99=194   p99.9=194   p99.99=194   min=194   max=194  
[ping_task] 3: avg=10    std=0     p95=10    p99=10    p99.9=10    p99.99=10    min=10    max=10   
[ping_task] 8: avg=6     std=0     p95=6     p99=6     p99.9=6     p99.99=6     min=6     max=6    
[ping_task] 2: avg=76    std=0     p95=76    p99=76    p99.9=76    p99.99=76    min=76    max=76   
[ping_task] 6: avg=122   std=0     p95=122   p99=122   p99.9=122   p99.99=122   min=122   max=122  
[ping_task] 4: avg=144   std=0     p95=144   p99=144   p99.9=144   p99.99=144   min=144   max=144  
[ping_task] 9: avg=88    std=0     p95=88    p99=88    p99.9=88    p99.99=88    min=88    max=88   
[ping_task] 1: avg=136   std=0     p95=136   p99=136   p99.9=136   p99.99=136   min=136   max=136  
[ping_task] 5: avg=208   std=0     p95=208   p99=208   p99.9=208   p99.99=208   min=208   max=208  
[ping_task] 10: avg=142   std=0     p95=142   p99=142   p99.9=142   p99.99=142   min=142   max=142  
[ping_task] 11: avg=194   std=0     p95=194   p99=194   p99.9=194   p99.99=194   min=194   max=194  
[ping_task] 3: avg=10    std=0     p95=10    p99=10    p99.9=10    p99.99=10    min=10    max=10   
[ping_task] 8: avg=6     std=0     p95=6     p99=6     p99.9=6     p99.99=6     min=6     max=6    
[ping_task] 2: avg=76    std=0     p95=76    p99=76    p99.9=76    p99.99=76    min=76    max=76   
[ping_task] 6: avg=122   std=0     p95=122   p99=122   p99.9=122   p99.99=122   min=122   max=122  
[ping_task] 4: avg=144   std=0     p95=144   p99=144   p99.9=144   p99.99=144   min=144   max=144  
[ping_task] 9: avg=88    std=0     p95=88    p99=88    p99.9=88    p99.99=88    min=88    max=88   
[ping_task] 1: avg=136   std=0     p95=136   p99=136   p99.9=136   p99.99=136   min=136   max=136  
[ping_task] 5: avg=208   std=0     p95=208   p99=208   p99.9=208   p99.99=208   min=208   max=208  
[ping_task] 10: avg=142   std=0     p95=142   p99=142   p99.9=142   p99.99=142   min=142   max=142  
[ping_task] 11: avg=194   std=0     p95=194   p99=194   p99.9=194   p99.99=194   min=194   max=194  
[ping_task] 3: avg=10    std=0     p95=10    p99=10    p99.9=10    p99.99=10    min=10    max=10   
[ping_task] 8: avg=6     std=0     p95=6     p99=6     p99.9=6     p99.99=6     min=6     max=6    
[ping_task] 2: avg=76    std=0     p95=76    p99=76    p99.9=76    p99.99=76    min=76    max=76   
[ping_task] 6: avg=122   std=0     p95=122   p99=122   p99.9=122   p99.99=122   min=122   max=122  
[ping_task] 4: avg=144   std=0     p95=144   p99=144   p99.9=144   p99.99=144   min=144   max=144  
[ping_task] 9: avg=88    std=0     p95=88    p99=88    p99.9=88    p99.99=88    min=88    max=88   
[ping_task] 1: avg=136   std=0     p95=136   p99=136   p99.9=136   p99.99=136   min=136   max=136  
[ping_task] 5: avg=208   std=0     p95=208   p99=208   p99.9=208   p99.99=208   min=208   max=208  
[ping_task] 10: avg=142   std=0     p95=142   p99=142   p99.9=142   p99.99=142   min=142   max=142  
[ping_task] 11: avg=194   std=0     p95=194   p99=194   p99.9=194   p99.99=194   min=194   max=194  
[ping_task] 3: avg=10    std=0     p95=10    p99=10    p99.9=10    p99.99=10    min=10    max=10   
[ping_task] 8: avg=6     std=0     p95=6     p99=6     p99.9=6     p99.99=6     min=6     max=6    
[ping_task] 2: avg=76    std=0     p95=76    p99=76    p99.9=76    p99.99=76    min=76    max=76   
[ping_task] 6: avg=122   std=0     p95=122   p99=122   p99.9=122   p99.99=122   min=122   max=122  
[ping_task] 4: avg=144   std=0     p95=144   p99=144   p99.9=144   p99.99=144   min=144   max=144  
[ping_task] 9: avg=88    std=0     p95=88    p99=88    p99.9=88    p99.99=88    min=88    max=88   
[ping_task] 1: avg=136   std=0     p95=136   p99=136   p99.9=136   p99.99=136   min=136   max=136  
[ping_task] 5: avg=208   std=0     p95=208   p99=208   p99.9=208   p99.99=208   min=208   max=208  
[ping_task] 10: avg=142   std=0     p95=142   p99=142   p99.9=142   p99.99=142   min=142   max=142  
[ping_task] 11: avg=194   std=0     p95=194   p99=194   p99.9=194   p99.99=194   min=194   max=194  
[ping_task] 3: avg=10    std=0     p95=10    p99=10    p99.9=10    p99.99=10    min=10    max=10   
[ping_task] 8: avg=6     std=0     p95=6     p99=6     p99.9=6     p99.99=6     min=6     max=6    
[ping_task] 2: avg=76    std=0     p95=76    p99=76    p99.9=76    p99.99=76    min=76    max=76   
[ping_task] 6: avg=122   std=0     p95=122   p99=122   p99.9=122   p99.99=122   min=122   max=122  
[ping_task] 4: avg=144   std=0     p95=144   p99=144   p99.9=144   p99.99=144   min=144   max=144  
[ping_task] 9: avg=88    std=0     p95=88    p99=88    p99.9=88    p99.99=88    min=88    max=88   
[ping_task] 1: avg=136   std=0     p95=136   p99=136   p99.9=136   p99.99=136   min=136   max=136  
[ping_task] 5: avg=208   std=0     p95=208   p99=208   p99.9=208   p99.99=208   min=208   max=208  
[ping_task] 10: avg=142   std=0     p95=142   p99=142   p99.9=142   p99.99=142   min=142   max=142  
[ping_task] 11: avg=194   std=0     p95=194   p99=194   p99.9=194   p99.99=194   min=194   max=194  
[ping_task] 3: avg=10    std=0     p95=10    p99=10    p99.9=10    p99.99=10    min=10    max=10   
[ping_task] 8: avg=6     std=0     p95=6     p99=6     p99.9=6     p99.99=6     min=6     max=6    
[ping_task] 2: avg=76    std=0     p95=76    p99=76    p99.9=76    p99.99=76    min=76    max=76   
[ping_task] 6: avg=122   std=0     p95=122   p99=122   p99.9=122   p99.99=122   min=122   max=122  
[ping_task] 4: avg=144   std=0     p95=144   p99=144   p99.9=144   p99.99=144   min=144   max=144  
[ping_task] 9: avg=88    std=0     p95=88    p99=88    p99.9=88    p99.99=88    min=88    max=88   
[ping_task] 1: avg=136   std=0     p95=136   p99=136   p99.9=136   p99.99=136   min=136   max=136  
[ping_task] 5: avg=208   std=0     p95=208   p99=208   p99.9=208   p99.99=208   min=208   max=208  
[ping_task] 10: avg=142   std=0     p95=142   p99=142   p99.9=142   p99.99=142   min=142   max=142  
[ping_task] 11: avg=194   std=0     p95=194   p99=194   p99.9=194   p99.99=194   min=194   max=194  
[ping_task] 3: avg=10    std=0     p95=10    p99=10    p99.9=10    p99.99=10    min=10    max=10   
[ping_task] 8: avg=6     std=0     p95=6     p99=6     p99.9=6     p99.99=6     min=6     max=6    
[ping_task] 2: avg=76    std=0     p95=76    p99=76    p99.9=76    p99.99=76    min=76    max=76   
[ping_task] 6: avg=122   std=0     p95=122   p99=122   p99.9=122   p99.99=122   min=122   max=122  
[ping_task] 4: avg=144   std=0     p95=144   p99=144   p99.9=144   p99.99=144   min=144   max=144  
[ping_task] 9: avg=88    std=0     p95=88    p99=88    p99.9=88    p99.99=88    min=88    max=88   
[ping_task] 1: avg=136   std=0     p95=136   p99=136   p99.9=136   p99.99=136   min=136   max=136  
[ping_task] 5: avg=208   std=0     p95=208   p99=208   p99.9=208   p99.99=208   min=208   max=208  
[ping_task] 10: avg=142   std=0     p95=142   p99=142   p99.9=142   p99.99=142   min=142   max=142  
[ping_task] 11: avg=194   std=0     p95=194   p99=194   p99.9=194   p99.99=194   min=194   max=194  
[ping_task] 3: avg=10    std=0     p95=10    p99=10    p99.9=10    p99.99=10    min=10    max=10   
