process id: 4
sorted processes: None
ip: 0.0.0.0
port: 3004
client port: 4004
addresses: [("10.10.1.9:3005", Some(60ms)), ("10.10.1.11:3006", Some(129ms)), ("10.10.1.13:3007", Some(72ms)), ("10.10.1.15:3008", Some(75ms)), ("10.10.1.17:3009", Some(32ms)), ("10.10.1.19:3010", Some(135ms)), ("10.10.1.21:3011", Some(90ms)), ("10.10.1.1:3001", Some(29ms)), ("10.10.1.3:3002", Some(46ms)), ("10.10.1.5:3003", Some(72ms))]
config: Config { n: 11, f: 3, shard_count: 1, execute_at_commit: false, executor_cleanup_interval: 10ms, executor_executed_notification_interval: 50ms, executor_monitor_pending_interval: None, executor_monitor_execution_order: false, gc_interval: Some(50ms), leader: None, nfr: false, tempo_tiny_quorums: false, tempo_clock_bump_interval: None, tempo_detached_send_interval: Some(5ms), caesar_wait_condition: true, skip_fast_ack: false }
tcp_nodelay: true
tcp buffer size: 16777216
tcp flush interval: Some(5ms)
process channel buffer size: 100000000
client channel buffer size: 10000
workers: 16
executors: 16
multiplexing: 16
execution log: None
ping_interval: Some(500ms)
metrics file: Some("server_4.metrics")
stack size: 33554432
cpus: 8 of 16
failed to connect to "10.10.1.9:3005": Connection refused (os error 111)
will try again in 1 second (1 out of 100)
[ping_task] 3: avg=144   std=0     p95=144   p99=144   p99.9=144   p99.99=144   min=144   max=144  
[ping_task] 8: avg=150   std=0     p95=150   p99=150   p99.9=150   p99.99=150   min=150   max=150  
[ping_task] 6: avg=258   std=0     p95=258   p99=258   p99.9=258   p99.99=258   min=258   max=258  
[ping_task] 10: avg=270   std=0     p95=270   p99=270   p99.9=270   p99.99=270   min=270   max=270  
[ping_task] 5: avg=120   std=0     p95=120   p99=120   p99.9=120   p99.99=120   min=120   max=120  
[ping_task] 7: avg=144   std=0     p95=144   p99=144   p99.9=144   p99.99=144   min=144   max=144  
[ping_task] 2: avg=92    std=0     p95=92    p99=92    p99.9=92    p99.99=92    min=92    max=92   
[ping_task] 9: avg=64    std=0     p95=64    p99=64    p99.9=64    p99.99=64    min=64    max=64   
[ping_task] 1: avg=58    std=0     p95=58    p99=58    p99.9=58    p99.99=58    min=58    max=58   
[ping_task] 11: avg=180   std=0     p95=180   p99=180   p99.9=180   p99.99=180   min=180   max=180  
[metrics_logger] started with log server_4.metrics
process 4 started
[ping_task] 3: avg=144   std=0     p95=144   p99=144   p99.9=144   p99.99=144   min=144   max=144  
[ping_task] 8: avg=150   std=0     p95=150   p99=150   p99.9=150   p99.99=150   min=150   max=150  
[ping_task] 6: avg=258   std=0     p95=258   p99=258   p99.9=258   p99.99=258   min=258   max=258  
[ping_task] 10: avg=270   std=0     p95=270   p99=270   p99.9=270   p99.99=270   min=270   max=270  
[ping_task] 5: avg=120   std=0     p95=120   p99=120   p99.9=120   p99.99=120   min=120   max=120  
[ping_task] 7: avg=144   std=0     p95=144   p99=144   p99.9=144   p99.99=144   min=144   max=144  
[ping_task] 2: avg=92    std=0     p95=92    p99=92    p99.9=92    p99.99=92    min=92    max=92   
[ping_task] 9: avg=64    std=0     p95=64    p99=64    p99.9=64    p99.99=64    min=64    max=64   
[ping_task] 1: avg=58    std=0     p95=58    p99=58    p99.9=58    p99.99=58    min=58    max=58   
[ping_task] 11: avg=180   std=0     p95=180   p99=180   p99.9=180   p99.99=180   min=180   max=180  
[ping_task] 3: avg=144   std=0     p95=144   p99=144   p99.9=144   p99.99=144   min=144   max=144  
[ping_task] 8: avg=150   std=0     p95=150   p99=150   p99.9=150   p99.99=150   min=150   max=150  
[ping_task] 6: avg=258   std=0     p95=258   p99=258   p99.9=258   p99.99=258   min=258   max=258  
[ping_task] 10: avg=270   std=0     p95=270   p99=270   p99.9=270   p99.99=270   min=270   max=270  
[ping_task] 5: avg=120   std=0     p95=120   p99=120   p99.9=120   p99.99=120   min=120   max=120  
[ping_task] 7: avg=144   std=0     p95=144   p99=144   p99.9=144   p99.99=144   min=144   max=144  
[ping_task] 2: avg=92    std=0     p95=92    p99=92    p99.9=92    p99.99=92    min=92    max=92   
[ping_task] 9: avg=64    std=0     p95=64    p99=64    p99.9=64    p99.99=64    min=64    max=64   
[ping_task] 1: avg=58    std=0     p95=58    p99=58    p99.9=58    p99.99=58    min=58    max=58   
[ping_task] 11: avg=180   std=0     p95=180   p99=180   p99.9=180   p99.99=180   min=180   max=180  
[ping_task] 3: avg=144   std=0     p95=144   p99=144   p99.9=144   p99.99=144   min=144   max=144  
[ping_task] 8: avg=150   std=0     p95=150   p99=150   p99.9=150   p99.99=150   min=150   max=150  
[ping_task] 6: avg=258   std=0     p95=258   p99=258   p99.9=258   p99.99=258   min=258   max=258  
[ping_task] 10: avg=270   std=0     p95=270   p99=270   p99.9=270   p99.99=270   min=270   max=270  
[ping_task] 5: avg=120   std=0     p95=120   p99=120   p99.9=120   p99.99=120   min=120   max=120  
[ping_task] 7: avg=144   std=0     p95=144   p99=144   p99.9=144   p99.99=144   min=144   max=144  
[ping_task] 2: avg=92    std=0     p95=92    p99=92    p99.9=92    p99.99=92    min=92    max=92   
[ping_task] 9: avg=64    std=0     p95=64    p99=64    p99.9=64    p99.99=64    min=64    max=64   
[ping_task] 1: avg=58    std=0     p95=58    p99=58    p99.9=58    p99.99=58    min=58    max=58   
[ping_task] 11: avg=180   std=0     p95=180   p99=180   p99.9=180   p99.99=180   min=180   max=180  
[ping_task] 3: avg=144   std=0     p95=144   p99=144   p99.9=144   p99.99=144   min=144   max=144  
[ping_task] 8: avg=150   std=0     p95=150   p99=150   p99.9=150   p99.99=150   min=150   max=150  
[ping_task] 6: avg=258   std=0     p95=258   p99=258   p99.9=258   p99.99=258   min=258   max=258  
[ping_task] 10: avg=270   std=0     p95=270   p99=270   p99.9=270   p99.99=270   min=270   max=270  
[ping_task] 5: avg=120   std=0     p95=120   p99=120   p99.9=120   p99.99=120   min=120   max=120  
[ping_task] 7: avg=144   std=0     p95=144   p99=144   p99.9=144   p99.99=144   min=144   max=144  
[ping_task] 2: avg=92    std=0     p95=92    p99=92    p99.9=92    p99.99=92    min=92    max=92   
[ping_task] 9: avg=64    std=0     p95=64    p99=64    p99.9=64    p99.99=64    min=64    max=64   
[ping_task] 1: avg=58    std=0     p95=58    p99=58    p99.9=58    p99.99=58    min=58    max=58   
[ping_task] 11: avg=180   std=0     p95=180   p99=180   p99.9=180   p99.99=180   min=180   max=180  
[ping_task] 3: avg=144   std=0     p95=144   p99=144   p99.9=144   p99.99=144   min=144   max=144  
[ping_task] 8: avg=150   std=0     p95=150   p99=150   p99.9=150   p99.99=150   min=150   max=150  
[ping_task] 6: avg=258   std=0     p95=258   p99=258   p99.9=258   p99.99=258   min=258   max=258  
[ping_task] 10: avg=270   std=0     p95=270   p99=270   p99.9=270   p99.99=270   min=270   max=270  
[ping_task] 5: avg=120   std=0     p95=120   p99=120   p99.9=120   p99.99=120   min=120   max=120  
[ping_task] 7: avg=144   std=0     p95=144   p99=144   p99.9=144   p99.99=144   min=144   max=144  
[ping_task] 2: avg=92    std=0     p95=92    p99=92    p99.9=92    p99.99=92    min=92    max=92   
[ping_task] 9: avg=64    std=0     p95=64    p99=64    p99.9=64    p99.99=64    min=64    max=64   
[ping_task] 1: avg=58    std=0     p95=58    p99=58    p99.9=58    p99.99=58    min=58    max=58   
[ping_task] 11: avg=180   std=0     p95=180   p99=180   p99.9=180   p99.99=180   min=180   max=180  
[ping_task] 3: avg=144   std=0     p95=144   p99=144   p99.9=144   p99.99=144   min=144   max=144  
[ping_task] 8: avg=150   std=0     p95=150   p99=150   p99.9=150   p99.99=150   min=150   max=150  
[ping_task] 6: avg=258   std=0     p95=258   p99=258   p99.9=258   p99.99=258   min=258   max=258  
[ping_task] 10: avg=270   std=0     p95=270   p99=270   p99.9=270   p99.99=270   min=270   max=270  
[ping_task] 5: avg=120   std=0     p95=120   p99=120   p99.9=120   p99.99=120   min=120   max=120  
[ping_task] 7: avg=144   std=0     p95=144   p99=144   p99.9=144   p99.99=144   min=144   max=144  
[ping_task] 2: avg=92    std=0     p95=92    p99=92    p99.9=92    p99.99=92    min=92    max=92   
[ping_task] 9: avg=64    std=0     p95=64    p99=64    p99.9=64    p99.99=64    min=64    max=64   
[ping_task] 1: avg=58    std=0     p95=58    p99=58    p99.9=58    p99.99=58    min=58    max=58   
[ping_task] 11: avg=180   std=0     p95=180   p99=180   p99.9=180   p99.99=180   min=180   max=180  
[ping_task] 3: avg=144   std=0     p95=144   p99=144   p99.9=144   p99.99=144   min=144   max=144  
[ping_task] 8: avg=150   std=0     p95=150   p99=150   p99.9=150   p99.99=150   min=150   max=150  
[ping_task] 6: avg=258   std=0     p95=258   p99=258   p99.9=258   p99.99=258   min=258   max=258  
[ping_task] 10: avg=270   std=0     p95=270   p99=270   p99.9=270   p99.99=270   min=270   max=270  
[ping_task] 5: avg=120   std=0     p95=120   p99=120   p99.9=120   p99.99=120   min=120   max=120  
[ping_task] 7: avg=144   std=0     p95=144   p99=144   p99.9=144   p99.99=144   min=144   max=144  
[ping_task] 2: avg=92    std=0     p95=92    p99=92    p99.9=92    p99.99=92    min=92    max=92   
[ping_task] 9: avg=64    std=0     p95=64    p99=64    p99.9=64    p99.99=64    min=64    max=64   
[ping_task] 1: avg=58    std=0     p95=58    p99=58    p99.9=58    p99.99=58    min=58    max=58   
[ping_task] 11: avg=180   std=0     p95=180   p99=180   p99.9=180   p99.99=180   min=180   max=180  
[ping_task] 3: avg=144   std=0     p95=144   p99=144   p99.9=144   p99.99=144   min=144   max=144  
[ping_task] 8: avg=150   std=0     p95=150   p99=150   p99.9=150   p99.99=150   min=150   max=150  
[ping_task] 6: avg=258   std=0     p95=258   p99=258   p99.9=258   p99.99=258   min=258   max=258  
[ping_task] 10: avg=270   std=0     p95=270   p99=270   p99.9=270   p99.99=270   min=270   max=270  
[ping_task] 5: avg=120   std=0     p95=120   p99=120   p99.9=120   p99.99=120   min=120   max=120  
[ping_task] 7: avg=144   std=0     p95=144   p99=144   p99.9=144   p99.99=144   min=144   max=144  
[ping_task] 2: avg=92    std=0     p95=92    p99=92    p99.9=92    p99.99=92    min=92    max=92   
[ping_task] 9: avg=64    std=0     p95=64    p99=64    p99.9=64    p99.99=64    min=64    max=64   
[ping_task] 1: avg=58    std=0     p95=58    p99=58    p99.9=58    p99.99=58    min=58    max=58   
[ping_task] 11: avg=180   std=0     p95=180   p99=180   p99.9=180   p99.99=180   min=180   max=180  
[ping_task] 3: avg=144   std=0     p95=144   p99=144   p99.9=144   p99.99=144   min=144   max=144  
[ping_task] 8: avg=150   std=0     p95=150   p99=150   p99.9=150   p99.99=150   min=150   max=150  
[ping_task] 6: avg=258   std=0     p95=258   p99=258   p99.9=258   p99.99=258   min=258   max=258  
[ping_task] 10: avg=270   std=0     p95=270   p99=270   p99.9=270   p99.99=270   min=270   max=270  
[ping_task] 5: avg=120   std=0     p95=120   p99=120   p99.9=120   p99.99=120   min=120   max=120  
[ping_task] 7: avg=144   std=0     p95=144   p99=144   p99.9=144   p99.99=144   min=144   max=144  
[ping_task] 2: avg=92    std=0     p95=92    p99=92    p99.9=92    p99.99=92    min=92    max=92   
[ping_task] 9: avg=64    std=0     p95=64    p99=64    p99.9=64    p99.99=64    min=64    max=64   
[ping_task] 1: avg=58    std=0     p95=58    p99=58    p99.9=58    p99.99=58    min=58    max=58   
[ping_task] 11: avg=180   std=0     p95=180   p99=180   p99.9=180   p99.99=180   min=180   max=180  
[ping_task] 3: avg=144   std=0     p95=144   p99=144   p99.9=144   p99.99=144   min=144   max=144  
[ping_task] 8: avg=150   std=0     p95=150   p99=150   p99.9=150   p99.99=150   min=150   max=150  
[ping_task] 6: avg=258   std=0     p95=258   p99=258   p99.9=258   p99.99=258   min=258   max=258  
[ping_task] 10: avg=270   std=0     p95=270   p99=270   p99.9=270   p99.99=270   min=270   max=270  
[ping_task] 5: avg=120   std=0     p95=120   p99=120   p99.9=120   p99.99=120   min=120   max=120  
[ping_task] 7: avg=144   std=0     p95=144   p99=144   p99.9=144   p99.99=144   min=144   max=144  
[ping_task] 2: avg=92    std=0     p95=92    p99=92    p99.9=92    p99.99=92    min=92    max=92   
[ping_task] 9: avg=64    std=0     p95=64    p99=64    p99.9=64    p99.99=64    min=64    max=64   
[ping_task] 1: avg=58    std=0     p95=58    p99=58    p99.9=58    p99.99=58    min=58    max=58   
[ping_task] 11: avg=180   std=0     p95=180   p99=180   p99.9=180   p99.99=180   min=180   max=180  
[ping_task] 3: avg=144   std=0     p95=144   p99=144   p99.9=144   p99.99=144   min=144   max=144  
[ping_task] 8: avg=150   std=0     p95=150   p99=150   p99.9=150   p99.99=150   min=150   max=150  
[ping_task] 6: avg=258   std=0     p95=258   p99=258   p99.9=258   p99.99=258   min=258   max=258  
[ping_task] 10: avg=270   std=0     p95=270   p99=270   p99.9=270   p99.99=270   min=270   max=270  
[ping_task] 5: avg=120   std=0     p95=120   p99=120   p99.9=120   p99.99=120   min=120   max=120  
[ping_task] 7: avg=144   std=0     p95=144   p99=144   p99.9=144   p99.99=144   min=144   max=144  
[ping_task] 2: avg=92    std=0     p95=92    p99=92    p99.9=92    p99.99=92    min=92    max=92   
[ping_task] 9: avg=64    std=0     p95=64    p99=64    p99.9=64    p99.99=64    min=64    max=64   
[ping_task] 1: avg=58    std=0     p95=58    p99=58    p99.9=58    p99.99=58    min=58    max=58   
[ping_task] 11: avg=180   std=0     p95=180   p99=180   p99.9=180   p99.99=180   min=180   max=180  
[ping_task] 3: avg=144   std=0     p95=144   p99=144   p99.9=144   p99.99=144   min=144   max=144  
[ping_task] 8: avg=150   std=0     p95=150   p99=150   p99.9=150   p99.99=150   min=150   max=150  
[ping_task] 6: avg=258   std=0     p95=258   p99=258   p99.9=258   p99.99=258   min=258   max=258  
[ping_task] 10: avg=270   std=0     p95=270   p99=270   p99.9=270   p99.99=270   min=270   max=270  
[ping_task] 5: avg=120   std=0     p95=120   p99=120   p99.9=120   p99.99=120   min=120   max=120  
[ping_task] 7: avg=144   std=0     p95=144   p99=144   p99.9=144   p99.99=144   min=144   max=144  
[ping_task] 2: avg=92    std=0     p95=92    p99=92    p99.9=92    p99.99=92    min=92    max=92   
[ping_task] 9: avg=64    std=0     p95=64    p99=64    p99.9=64    p99.99=64    min=64    max=64   
[ping_task] 1: avg=58    std=0     p95=58    p99=58    p99.9=58    p99.99=58    min=58    max=58   
[ping_task] 11: avg=180   std=0     p95=180   p99=180   p99.9=180   p99.99=180   min=180   max=180  
[ping_task] 3: avg=144   std=0     p95=144   p99=144   p99.9=144   p99.99=144   min=144   max=144  
[ping_task] 8: avg=150   std=0     p95=150   p99=150   p99.9=150   p99.99=150   min=150   max=150  
[ping_task] 6: avg=258   std=0     p95=258   p99=258   p99.9=258   p99.99=258   min=258   max=258  
[ping_task] 10: avg=270   std=0     p95=270   p99=270   p99.9=270   p99.99=270   min=270   max=270  
[ping_task] 5: avg=120   std=0     p95=120   p99=120   p99.9=120   p99.99=120   min=120   max=120  
[ping_task] 7: avg=144   std=0     p95=144   p99=144   p99.9=144   p99.99=144   min=144   max=144  
[ping_task] 2: avg=92    std=0     p95=92    p99=92    p99.9=92    p99.99=92    min=92    max=92   
[ping_task] 9: avg=64    std=0     p95=64    p99=64    p99.9=64    p99.99=64    min=64    max=64   
[ping_task] 1: avg=58    std=0     p95=58    p99=58    p99.9=58    p99.99=58    min=58    max=58   
[ping_task] 11: avg=180   std=0     p95=180   p99=180   p99.9=180   p99.99=180   min=180   max=180  
[ping_task] 3: avg=144   std=0     p95=144   p99=144   p99.9=144   p99.99=144   min=144   max=144  
[ping_task] 8: avg=150   std=0     p95=150   p99=150   p99.9=150   p99.99=150   min=150   max=150  
[ping_task] 6: avg=258   std=0     p95=258   p99=258   p99.9=258   p99.99=258   min=258   max=258  
[ping_task] 10: avg=270   std=0     p95=270   p99=270   p99.9=270   p99.99=270   min=270   max=270  
[ping_task] 5: avg=120   std=0     p95=120   p99=120   p99.9=120   p99.99=120   min=120   max=120  
[ping_task] 7: avg=144   std=0     p95=144   p99=144   p99.9=144   p99.99=144   min=144   max=144  
[ping_task] 2: avg=92    std=0     p95=92    p99=92    p99.9=92    p99.99=92    min=92    max=92   
[ping_task] 9: avg=64    std=0     p95=64    p99=64    p99.9=64    p99.99=64    min=64    max=64   
[ping_task] 1: avg=58    std=0     p95=58    p99=58    p99.9=58    p99.99=58    min=58    max=58   
[ping_task] 11: avg=180   std=0     p95=180   p99=180   p99.9=180   p99.99=180   min=180   max=180  
[ping_task] 3: avg=144   std=0     p95=144   p99=144   p99.9=144   p99.99=144   min=144   max=144  
[ping_task] 8: avg=150   std=0     p95=150   p99=150   p99.9=150   p99.99=150   min=150   max=150  
[ping_task] 6: avg=258   std=0     p95=258   p99=258   p99.9=258   p99.99=258   min=258   max=258  
[ping_task] 10: avg=270   std=0     p95=270   p99=270   p99.9=270   p99.99=270   min=270   max=270  
[ping_task] 5: avg=120   std=0     p95=120   p99=120   p99.9=120   p99.99=120   min=120   max=120  
[ping_task] 7: avg=144   std=0     p95=144   p99=144   p99.9=144   p99.99=144   min=144   max=144  
[ping_task] 2: avg=92    std=0     p95=92    p99=92    p99.9=92    p99.99=92    min=92    max=92   
[ping_task] 9: avg=64    std=0     p95=64    p99=64    p99.9=64    p99.99=64    min=64    max=64   
[ping_task] 1: avg=58    std=0     p95=58    p99=58    p99.9=58    p99.99=58    min=58    max=58   
[ping_task] 11: avg=180   std=0     p95=180   p99=180   p99.9=180   p99.99=180   min=180   max=180  
[ping_task] 3: avg=144   std=0     p95=144   p99=144   p99.9=144   p99.99=144   min=144   max=144  
[ping_task] 8: avg=150   std=0     p95=150   p99=150   p99.9=150   p99.99=150   min=150   max=150  
[ping_task] 6: avg=258   std=0     p95=258   p99=258   p99.9=258   p99.99=258   min=258   max=258  
[ping_task] 10: avg=270   std=0     p95=270   p99=270   p99.9=270   p99.99=270   min=270   max=270  
[ping_task] 5: avg=120   std=0     p95=120   p99=120   p99.9=120   p99.99=120   min=120   max=120  
[ping_task] 7: avg=144   std=0     p95=144   p99=144   p99.9=144   p99.99=144   min=144   max=144  
[ping_task] 2: avg=92    std=0     p95=92    p99=92    p99.9=92    p99.99=92    min=92    max=92   
[ping_task] 9: avg=64    std=0     p95=64    p99=64    p99.9=64    p99.99=64    min=64    max=64   
[ping_task] 1: avg=58    std=0     p95=58    p99=58    p99.9=58    p99.99=58    min=58    max=58   
[ping_task] 11: avg=180   std=0     p95=180   p99=180   p99.9=180   p99.99=180   min=180   max=180  
[client_server] client disconnected.
[client_server] client disconnected.
[client_server] client disconnected.
[client_server] client disconnected.
[client_server] client disconnected.
[client_server] client disconnected.
[client_server] client disconnected.
[client_server] client disconnected.
[client_server] client disconnected.
[client_server] client disconnected.
[client_server] client disconnected.
[client_server] client disconnected.
[client_server] client disconnected.
[client_server] client disconnected.
[client_server] client disconnected.
[client_server] client disconnected.
[ping_task] 3: avg=144   std=0     p95=144   p99=144   p99.9=144   p99.99=144   min=144   max=144  
[ping_task] 8: avg=150   std=0     p95=150   p99=150   p99.9=150   p99.99=150   min=150   max=150  
[ping_task] 6: avg=258   std=0     p95=258   p99=258   p99.9=258   p99.99=258   min=258   max=258  
[ping_task] 10: avg=270   std=0     p95=270   p99=270   p99.9=270   p99.99=270   min=270   max=270  
[ping_task] 5: avg=120   std=0     p95=120   p99=120   p99.9=120   p99.99=120   min=120   max=120  
[ping_task] 7: avg=144   std=0     p95=144   p99=144   p99.9=144   p99.99=144   min=144   max=144  
[ping_task] 2: avg=92    std=0     p95=92    p99=92    p99.9=92    p99.99=92    min=92    max=92   
[ping_task] 9: avg=64    std=0     p95=64    p99=64    p99.9=64    p99.99=64    min=64    max=64   
[ping_task] 1: avg=58    std=0     p95=58    p99=58    p99.9=58    p99.99=58    min=58    max=58   
[ping_task] 11: avg=180   std=0     p95=180   p99=180   p99.9=180   p99.99=180   min=180   max=180  
[ping_task] 3: avg=144   std=0     p95=144   p99=144   p99.9=144   p99.99=144   min=144   max=144  
[ping_task] 8: avg=150   std=0     p95=150   p99=150   p99.9=150   p99.99=150   min=150   max=150  
[ping_task] 6: avg=258   std=0     p95=258   p99=258   p99.9=258   p99.99=258   min=258   max=258  
[ping_task] 10: avg=270   std=0     p95=270   p99=270   p99.9=270   p99.99=270   min=270   max=270  
[ping_task] 5: avg=120   std=0     p95=120   p99=120   p99.9=120   p99.99=120   min=120   max=120  
[ping_task] 7: avg=144   std=0     p95=144   p99=144   p99.9=144   p99.99=144   min=144   max=144  
[ping_task] 2: avg=92    std=0     p95=92    p99=92    p99.9=92    p99.99=92    min=92    max=92   
[ping_task] 9: avg=64    std=0     p95=64    p99=64    p99.9=64    p99.99=64    min=64    max=64   
[ping_task] 1: avg=58    std=0     p95=58    p99=58    p99.9=58    p99.99=58    min=58    max=58   
[ping_task] 11: avg=180   std=0     p95=180   p99=180   p99.9=180   p99.99=180   min=180   max=180  
[ping_task] 3: avg=144   std=0     p95=144   p99=144   p99.9=144   p99.99=144   min=144   max=144  
[ping_task] 8: avg=150   std=0     p95=150   p99=150   p99.9=150   p99.99=150   min=150   max=150  
[ping_task] 6: avg=258   std=0     p95=258   p99=258   p99.9=258   p99.99=258   min=258   max=258  
[ping_task] 10: avg=270   std=0     p95=270   p99=270   p99.9=270   p99.99=270   min=270   max=270  
[ping_task] 5: avg=120   std=0     p95=120   p99=120   p99.9=120   p99.99=120   min=120   max=120  
[ping_task] 7: avg=144   std=0     p95=144   p99=144   p99.9=144   p99.99=144   min=144   max=144  
[ping_task] 2: avg=92    std=0     p95=92    p99=92    p99.9=92    p99.99=92    min=92    max=92   
[ping_task] 9: avg=64    std=0     p95=64    p99=64    p99.9=64    p99.99=64    min=64    max=64   
[ping_task] 1: avg=58    std=0     p95=58    p99=58    p99.9=58    p99.99=58    min=58    max=58   
[ping_task] 11: avg=180   std=0     p95=180   p99=180   p99.9=180   p99.99=180   min=180   max=180  
[ping_task] 3: avg=144   std=0     p95=144   p99=144   p99.9=144   p99.99=144   min=144   max=144  
[ping_task] 8: avg=150   std=0     p95=150   p99=150   p99.9=150   p99.99=150   min=150   max=150  
[ping_task] 6: avg=258   std=0     p95=258   p99=258   p99.9=258   p99.99=258   min=258   max=258  
[ping_task] 10: avg=270   std=0     p95=270   p99=270   p99.9=270   p99.99=270   min=270   max=270  
[ping_task] 5: avg=120   std=0     p95=120   p99=120   p99.9=120   p99.99=120   min=120   max=120  
[ping_task] 7: avg=144   std=0     p95=144   p99=144   p99.9=144   p99.99=144   min=144   max=144  
[ping_task] 2: avg=92    std=0     p95=92    p99=92    p99.9=92    p99.99=92    min=92    max=92   
[ping_task] 9: avg=64    std=0     p95=64    p99=64    p99.9=64    p99.99=64    min=64    max=64   
[ping_task] 1: avg=58    std=0     p95=58    p99=58    p99.9=58    p99.99=58    min=58    max=58   
[ping_task] 11: avg=180   std=0     p95=180   p99=180   p99.9=180   p99.99=180   min=180   max=180  
[ping_task] 3: avg=144   std=0     p95=144   p99=144   p99.9=144   p99.99=144   min=144   max=144  
[ping_task] 8: avg=150   std=0     p95=150   p99=150   p99.9=150   p99.99=150   min=150   max=150  
[ping_task] 6: avg=258   std=0     p95=258   p99=258   p99.9=258   p99.99=258   min=258   max=258  
[ping_task] 10: avg=270   std=0     p95=270   p99=270   p99.9=270   p99.99=270   min=270   max=270  
[ping_task] 5: avg=120   std=0     p95=120   p99=120   p99.9=120   p99.99=120   min=120   max=120  
[ping_task] 7: avg=144   std=0     p95=144   p99=144   p99.9=144   p99.99=144   min=144   max=144  
[ping_task] 2: avg=92    std=0     p95=92    p99=92    p99.9=92    p99.99=92    min=92    max=92   
[ping_task] 9: avg=64    std=0     p95=64    p99=64    p99.9=64    p99.99=64    min=64    max=64   
[ping_task] 1: avg=58    std=0     p95=58    p99=58    p99.9=58    p99.99=58    min=58    max=58   
[ping_task] 11: avg=180   std=0     p95=180   p99=180   p99.9=180   p99.99=180   min=180   max=180  
[ping_task] 3: avg=144   std=0     p95=144   p99=144   p99.9=144   p99.99=144   min=144   max=144  
[ping_task] 8: avg=150   std=0     p95=150   p99=150   p99.9=150   p99.99=150   min=150   max=150  
[ping_task] 6: avg=258   std=0     p95=258   p99=258   p99.9=258   p99.99=258   min=258   max=258  
[ping_task] 10: avg=270   std=0     p95=270   p99=270   p99.9=270   p99.99=270   min=270   max=270  
[ping_task] 5: avg=120   std=0     p95=120   p99=120   p99.9=120   p99.99=120   min=120   max=120  
[ping_task] 7: avg=144   std=0     p95=144   p99=144   p99.9=144   p99.99=144   min=144   max=144  
[ping_task] 2: avg=92    std=0     p95=92    p99=92    p99.9=92    p99.99=92    min=92    max=92   
[ping_task] 9: avg=64    std=0     p95=64    p99=64    p99.9=64    p99.99=64    min=64    max=64   
[ping_task] 1: avg=58    std=0     p95=58    p99=58    p99.9=58    p99.99=58    min=58    max=58   
[ping_task] 11: avg=180   std=0     p95=180   p99=180   p99.9=180   p99.99=180   min=180   max=180  
[ping_task] 3: avg=144   std=0     p95=144   p99=144   p99.9=144   p99.99=144   min=144   max=144  
[ping_task] 8: avg=150   std=0     p95=150   p99=150   p99.9=150   p99.99=150   min=150   max=150  
[ping_task] 6: avg=258   std=0     p95=258   p99=258   p99.9=258   p99.99=258   min=258   max=258  
[ping_task] 10: avg=270   std=0     p95=270   p99=270   p99.9=270   p99.99=270   min=270   max=270  
[ping_task] 5: avg=120   std=0     p95=120   p99=120   p99.9=120   p99.99=120   min=120   max=120  
[ping_task] 7: avg=144   std=0     p95=144   p99=144   p99.9=144   p99.99=144   min=144   max=144  
[ping_task] 2: avg=92    std=0     p95=92    p99=92    p99.9=92    p99.99=92    min=92    max=92   
[ping_task] 9: avg=64    std=0     p95=64    p99=64    p99.9=64    p99.99=64    min=64    max=64   
[ping_task] 1: avg=58    std=0     p95=58    p99=58    p99.9=58    p99.99=58    min=58    max=58   
[ping_task] 11: avg=180   std=0     p95=180   p99=180   p99.9=180   p99.99=180   min=180   max=180  
[ping_task] 3: avg=144   std=0     p95=144   p99=144   p99.9=144   p99.99=144   min=144   max=144  
[ping_task] 8: avg=150   std=0     p95=150   p99=150   p99.9=150   p99.99=150   min=150   max=150  
[ping_task] 6: avg=258   std=0     p95=258   p99=258   p99.9=258   p99.99=258   min=258   max=258  
[ping_task] 10: avg=270   std=0     p95=270   p99=270   p99.9=270   p99.99=270   min=270   max=270  
[ping_task] 5: avg=120   std=0     p95=120   p99=120   p99.9=120   p99.99=120   min=120   max=120  
[ping_task] 7: avg=144   std=0     p95=144   p99=144   p99.9=144   p99.99=144   min=144   max=144  
[ping_task] 2: avg=92    std=0     p95=92    p99=92    p99.9=92    p99.99=92    min=92    max=92   
[ping_task] 9: avg=64    std=0     p95=64    p99=64    p99.9=64    p99.99=64    min=64    max=64   
[ping_task] 1: avg=58    std=0     p95=58    p99=58    p99.9=58    p99.99=58    min=58    max=58   
[ping_task] 11: avg=180   std=0     p95=180   p99=180   p99.9=180   p99.99=180   min=180   max=180  
[ping_task] 3: avg=144   std=0     p95=144   p99=144   p99.9=144   p99.99=144   min=144   max=144  
[ping_task] 8: avg=150   std=0     p95=150   p99=150   p99.9=150   p99.99=150   min=150   max=150  
[ping_task] 6: avg=258   std=0     p95=258   p99=258   p99.9=258   p99.99=258   min=258   max=258  
[ping_task] 10: avg=270   std=0     p95=270   p99=270   p99.9=270   p99.99=270   min=270   max=270  
[ping_task] 5: avg=120   std=0     p95=120   p99=120   p99.9=120   p99.99=120   min=120   max=120  
[ping_task] 7: avg=144   std=0     p95=144   p99=144   p99.9=144   p99.99=144   min=144   max=144  
[ping_task] 2: avg=92    std=0     p95=92    p99=92    p99.9=92    p99.99=92    min=92    max=92   
[ping_task] 9: avg=64    std=0     p95=64    p99=64    p99.9=64    p99.99=64    min=64    max=64   
[ping_task] 1: avg=58    std=0     p95=58    p99=58    p99.9=58    p99.99=58    min=58    max=58   
[ping_task] 11: avg=180   std=0     p95=180   p99=180   p99.9=180   p99.99=180   min=180   max=180  
[ping_task] 3: avg=144   std=0     p95=144   p99=144   p99.9=144   p99.99=144   min=144   max=144  
[ping_task] 8: avg=150   std=0     p95=150   p99=150   p99.9=150   p99.99=150   min=150   max=150  
[ping_task] 6: avg=258   std=0     p95=258   p99=258   p99.9=258   p99.99=258   min=258   max=258  
[ping_task] 10: avg=270   std=0     p95=270   p99=270   p99.9=270   p99.99=270   min=270   max=270  
[ping_task] 5: avg=120   std=0     p95=120   p99=120   p99.9=120   p99.99=120   min=120   max=120  
[ping_task] 7: avg=144   std=0     p95=144   p99=144   p99.9=144   p99.99=144   min=144   max=144  
[ping_task] 2: avg=92    std=0     p95=92    p99=92    p99.9=92    p99.99=92    min=92    max=92   
[ping_task] 9: avg=64    std=0     p95=64    p99=64    p99.9=64    p99.99=64    min=64    max=64   
[ping_task] 1: avg=58    std=0     p95=58    p99=58    p99.9=58    p99.99=58    min=58    max=58   
[ping_task] 11: avg=180   std=0     p95=180   p99=180   p99.9=180   p99.99=180   min=180   max=180  
[ping_task] 3: avg=144   std=0     p95=144   p99=144   p99.9=144   p99.99=144   min=144   max=144  
[ping_task] 8: avg=150   std=0     p95=150   p99=150   p99.9=150   p99.99=150   min=150   max=150  
[ping_task] 6: avg=258   std=0     p95=258   p99=258   p99.9=258   p99.99=258   min=258   max=258  
[ping_task] 10: avg=270   std=0     p95=270   p99=270   p99.9=270   p99.99=270   min=270   max=270  
[ping_task] 5: avg=120   std=0     p95=120   p99=120   p99.9=120   p99.99=120   min=120   max=120  
[ping_task] 7: avg=144   std=0     p95=144   p99=144   p99.9=144   p99.99=144   min=144   max=144  
[ping_task] 2: avg=92    std=0     p95=92    p99=92    p99.9=92    p99.99=92    min=92    max=92   
[ping_task] 9: avg=64    std=0     p95=64    p99=64    p99.9=64    p99.99=64    min=64    max=64   
[ping_task] 1: avg=58    std=0     p95=58    p99=58    p99.9=58    p99.99=58    min=58    max=58   
[ping_task] 11: avg=180   std=0     p95=180   p99=180   p99.9=180   p99.99=180   min=180   max=180  
[ping_task] 3: avg=144   std=0     p95=144   p99=144   p99.9=144   p99.99=144   min=144   max=144  
[ping_task] 8: avg=150   std=0     p95=150   p99=150   p99.9=150   p99.99=150   min=150   max=150  
[ping_task] 6: avg=258   std=0     p95=258   p99=258   p99.9=258   p99.99=258   min=258   max=258  
[ping_task] 10: avg=270   std=0     p95=270   p99=270   p99.9=270   p99.99=270   min=270   max=270  
[ping_task] 5: avg=120   std=0     p95=120   p99=120   p99.9=120   p99.99=120   min=120   max=120  
[ping_task] 7: avg=144   std=0     p95=144   p99=144   p99.9=144   p99.99=144   min=144   max=144  
[ping_task] 2: avg=92    std=0     p95=92    p99=92    p99.9=92    p99.99=92    min=92    max=92   
[ping_task] 9: avg=64    std=0     p95=64    p99=64    p99.9=64    p99.99=64    min=64    max=64   
[ping_task] 1: avg=58    std=0     p95=58    p99=58    p99.9=58    p99.99=58    min=58    max=58   
[ping_task] 11: avg=180   std=0     p95=180   p99=180   p99.9=180   p99.99=180   min=180   max=180  
[ping_task] 3: avg=144   std=0     p95=144   p99=144   p99.9=144   p99.99=144   min=144   max=144  
[ping_task] 8: avg=150   std=0     p95=150   p99=150   p99.9=150   p99.99=150   min=150   max=150  
[ping_task] 6: avg=258   std=0     p95=258   p99=258   p99.9=258   p99.99=258   min=258   max=258  
[ping_task] 10: avg=270   std=0     p95=270   p99=270   p99.9=270   p99.99=270   min=270   max=270  
[ping_task] 5: avg=120   std=0     p95=120   p99=120   p99.9=120   p99.99=120   min=120   max=120  
[ping_task] 7: avg=144   std=0     p95=144   p99=144   p99.9=144   p99.99=144   min=144   max=144  
[ping_task] 2: avg=92    std=0     p95=92    p99=92    p99.9=92    p99.99=92    min=92    max=92   
[ping_task] 9: avg=64    std=0     p95=64    p99=64    p99.9=64    p99.99=64    min=64    max=64   
[ping_task] 1: avg=58    std=0     p95=58    p99=58    p99.9=58    p99.99=58    min=58    max=58   
[ping_task] 11: avg=180   std=0     p95=180   p99=180   p99.9=180   p99.99=180   min=180   max=180  
