process id: 3
sorted processes: None
ip: 0.0.0.0
port: 3003
client port: 4003
addresses: [("10.10.1.1:3001", Some(75ms)), ("10.10.1.3:3002", Some(44ms))]
config: Config { n: 3, f: 1, shard_count: 1, execute_at_commit: false, executor_cleanup_interval: 10ms, executor_executed_notification_interval: 50ms, executor_monitor_pending_interval: None, executor_monitor_execution_order: false, gc_interval: Some(50ms), leader: None, nfr: false, tempo_tiny_quorums: false, tempo_clock_bump_interval: None, tempo_detached_send_interval: Some(5ms), caesar_wait_condition: true, skip_fast_ack: false }
tcp_nodelay: true
tcp buffer size: 16777216
tcp flush interval: Some(5ms)
process channel buffer size: 100000000
client channel buffer size: 10000
workers: 16
executors: 16
multiplexing: 16
execution log: None
ping_interval: Some(500ms)
metrics file: Some("server_3.metrics")
stack size: 33554432
cpus: 8 of 16
[metrics_logger] started with log server_3.metrics
process 3 started
[ping_task] 1: avg=150   std=0     p95=150   p99=150   p99.9=150   p99.99=150   min=150   max=150  
[ping_task] 2: avg=88    std=0     p95=88    p99=88    p99.9=88    p99.99=88    min=88    max=88   
[ping_task] 1: avg=150   std=0     p95=150   p99=150   p99.9=150   p99.99=150   min=150   max=150  
[ping_task] 2: avg=88    std=0     p95=88    p99=88    p99.9=88    p99.99=88    min=88    max=88   
[ping_task] 1: avg=150   std=0     p95=150   p99=150   p99.9=150   p99.99=150   min=150   max=150  
[ping_task] 2: avg=88    std=0     p95=88    p99=88    p99.9=88    p99.99=88    min=88    max=88   
[ping_task] 1: avg=150   std=0     p95=150   p99=150   p99.9=150   p99.99=150   min=150   max=150  
[ping_task] 2: avg=88    std=0     p95=88    p99=88    p99.9=88    p99.99=88    min=88    max=88   
[ping_task] 1: avg=150   std=0     p95=150   p99=150   p99.9=150   p99.99=150   min=150   max=150  
[ping_task] 2: avg=88    std=0     p95=88    p99=88    p99.9=88    p99.99=88    min=88    max=88   
[ping_task] 1: avg=150   std=0     p95=150   p99=150   p99.9=150   p99.99=150   min=150   max=150  
[ping_task] 2: avg=88    std=0     p95=88    p99=88    p99.9=88    p99.99=88    min=88    max=88   
[ping_task] 1: avg=150   std=0     p95=150   p99=150   p99.9=150   p99.99=150   min=150   max=150  
[ping_task] 2: avg=88    std=0     p95=88    p99=88    p99.9=88    p99.99=88    min=88    max=88   
[ping_task] 1: avg=150   std=0     p95=150   p99=150   p99.9=150   p99.99=150   min=150   max=150  
[ping_task] 2: avg=88    std=0     p95=88    p99=88    p99.9=88    p99.99=88    min=88    max=88   
[ping_task] 1: avg=150   std=0     p95=150   p99=150   p99.9=150   p99.99=150   min=150   max=150  
[ping_task] 2: avg=88    std=0     p95=88    p99=88    p99.9=88    p99.99=88    min=88    max=88   
[ping_task] 1: avg=150   std=0     p95=150   p99=150   p99.9=150   p99.99=150   min=150   max=150  
[ping_task] 2: avg=88    std=0     p95=88    p99=88    p99.9=88    p99.99=88    min=88    max=88   
[ping_task] 1: avg=150   std=0     p95=150   p99=150   p99.9=150   p99.99=150   min=150   max=150  
[ping_task] 2: avg=88    std=0     p95=88    p99=88    p99.9=88    p99.99=88    min=88    max=88   
[client_server] client disconnected.
[client_server] client disconnected.
[client_server] client disconnected.
[client_server] client disconnected.
[client_server] client disconnected.
[client_server] client disconnected.
[client_server] client disconnected.
[client_server] client disconnected.
[client_server] client disconnected.
[client_server] client disconnected.
[client_server] client disconnected.
[client_server] client disconnected.
[client_server] client disconnected.
[client_server] client disconnected.
[client_server] client disconnected.
[client_server] client disconnected.
