process id: 1
sorted processes: None
ip: 0.0.0.0
port: 3001
client port: 4001
addresses: [("10.10.1.3:3002", Some(36ms)), ("10.10.1.5:3003", Some(75ms)), ("10.10.1.7:3004", Some(29ms)), ("10.10.1.9:3005", Some(56ms)), ("10.10.1.11:3006", Some(126ms)), ("10.10.1.13:3007", Some(68ms))]
config: Config { n: 7, f: 2, shard_count: 1, execute_at_commit: false, executor_cleanup_interval: 10ms, executor_executed_notification_interval: 50ms, executor_monitor_pending_interval: None, executor_monitor_execution_order: false, gc_interval: Some(50ms), leader: None, nfr: false, tempo_tiny_quorums: false, tempo_clock_bump_interval: None, tempo_detached_send_interval: Some(5ms), caesar_wait_condition: true, skip_fast_ack: false }
tcp_nodelay: true
tcp buffer size: 16777216
tcp flush interval: Some(5ms)
process channel buffer size: 100000000
client channel buffer size: 10000
workers: 16
executors: 16
multiplexing: 16
execution log: None
ping_interval: Some(500ms)
metrics file: Some("server_1.metrics")
stack size: 33554432
cpus: 8 of 16
failed to connect to "10.10.1.3:3002": Connection refused (os error 111)
will try again in 1 second (1 out of 100)
[metrics_logger] started with log server_1.metrics
process 1 started
[ping_task] 2: avg=72    std=0     p95=72    p99=72    p99.9=72    p99.99=72    min=72    max=72   
[ping_task] 4: avg=58    std=0     p95=58    p99=58    p99.9=58    p99.99=58    min=58    max=58   
[ping_task] 6: avg=252   std=0     p95=252   p99=252   p99.9=252   p99.99=252   min=252   max=252  
[ping_task] 7: avg=136   std=0     p95=136   p99=136   p99.9=136   p99.99=136   min=136   max=136  
[ping_task] 5: avg=112   std=0     p95=112   p99=112   p99.9=112   p99.99=112   min=112   max=112  
[ping_task] 3: avg=150   std=0     p95=150   p99=150   p99.9=150   p99.99=150   min=150   max=150  
[ping_task] 2: avg=72    std=0     p95=72    p99=72    p99.9=72    p99.99=72    min=72    max=72   
[ping_task] 4: avg=58    std=0     p95=58    p99=58    p99.9=58    p99.99=58    min=58    max=58   
[ping_task] 6: avg=252   std=0     p95=252   p99=252   p99.9=252   p99.99=252   min=252   max=252  
[ping_task] 7: avg=136   std=0     p95=136   p99=136   p99.9=136   p99.99=136   min=136   max=136  
[ping_task] 5: avg=112   std=0     p95=112   p99=112   p99.9=112   p99.99=112   min=112   max=112  
[ping_task] 3: avg=150   std=0     p95=150   p99=150   p99.9=150   p99.99=150   min=150   max=150  
[ping_task] 2: avg=72    std=0     p95=72    p99=72    p99.9=72    p99.99=72    min=72    max=72   
[ping_task] 4: avg=58    std=0     p95=58    p99=58    p99.9=58    p99.99=58    min=58    max=58   
[ping_task] 6: avg=252   std=0     p95=252   p99=252   p99.9=252   p99.99=252   min=252   max=252  
[ping_task] 7: avg=136   std=0     p95=136   p99=136   p99.9=136   p99.99=136   min=136   max=136  
[ping_task] 5: avg=112   std=0     p95=112   p99=112   p99.9=112   p99.99=112   min=112   max=112  
[ping_task] 3: avg=150   std=0     p95=150   p99=150   p99.9=150   p99.99=150   min=150   max=150  
[ping_task] 2: avg=72    std=0     p95=72    p99=72    p99.9=72    p99.99=72    min=72    max=72   
[ping_task] 4: avg=58    std=0     p95=58    p99=58    p99.9=58    p99.99=58    min=58    max=58   
[ping_task] 6: avg=252   std=0     p95=252   p99=252   p99.9=252   p99.99=252   min=252   max=252  
[ping_task] 7: avg=136   std=0     p95=136   p99=136   p99.9=136   p99.99=136   min=136   max=136  
[ping_task] 5: avg=112   std=0     p95=112   p99=112   p99.9=112   p99.99=112   min=112   max=112  
[ping_task] 3: avg=150   std=0     p95=150   p99=150   p99.9=150   p99.99=150   min=150   max=150  
[ping_task] 2: avg=72    std=0     p95=72    p99=72    p99.9=72    p99.99=72    min=72    max=72   
[ping_task] 4: avg=58    std=0     p95=58    p99=58    p99.9=58    p99.99=58    min=58    max=58   
[ping_task] 6: avg=252   std=0     p95=252   p99=252   p99.9=252   p99.99=252   min=252   max=252  
[ping_task] 7: avg=136   std=0     p95=136   p99=136   p99.9=136   p99.99=136   min=136   max=136  
[ping_task] 5: avg=112   std=0     p95=112   p99=112   p99.9=112   p99.99=112   min=112   max=112  
[ping_task] 3: avg=150   std=0     p95=150   p99=150   p99.9=150   p99.99=150   min=150   max=150  
[ping_task] 2: avg=72    std=0     p95=72    p99=72    p99.9=72    p99.99=72    min=72    max=72   
[ping_task] 4: avg=58    std=0     p95=58    p99=58    p99.9=58    p99.99=58    min=58    max=58   
[ping_task] 6: avg=252   std=0     p95=252   p99=252   p99.9=252   p99.99=252   min=252   max=252  
[ping_task] 7: avg=136   std=0     p95=136   p99=136   p99.9=136   p99.99=136   min=136   max=136  
[ping_task] 5: avg=112   std=0     p95=112   p99=112   p99.9=112   p99.99=112   min=112   max=112  
[ping_task] 3: avg=150   std=0     p95=150   p99=150   p99.9=150   p99.99=150   min=150   max=150  
[ping_task] 2: avg=72    std=0     p95=72    p99=72    p99.9=72    p99.99=72    min=72    max=72   
[ping_task] 4: avg=58    std=0     p95=58    p99=58    p99.9=58    p99.99=58    min=58    max=58   
[ping_task] 6: avg=252   std=0     p95=252   p99=252   p99.9=252   p99.99=252   min=252   max=252  
[ping_task] 7: avg=136   std=0     p95=136   p99=136   p99.9=136   p99.99=136   min=136   max=136  
[ping_task] 5: avg=112   std=0     p95=112   p99=112   p99.9=112   p99.99=112   min=112   max=112  
[ping_task] 3: avg=150   std=0     p95=150   p99=150   p99.9=150   p99.99=150   min=150   max=150  
[ping_task] 2: avg=72    std=0     p95=72    p99=72    p99.9=72    p99.99=72    min=72    max=72   
[ping_task] 4: avg=58    std=0     p95=58    p99=58    p99.9=58    p99.99=58    min=58    max=58   
[ping_task] 6: avg=252   std=0     p95=252   p99=252   p99.9=252   p99.99=252   min=252   max=252  
[ping_task] 7: avg=136   std=0     p95=136   p99=136   p99.9=136   p99.99=136   min=136   max=136  
[ping_task] 5: avg=112   std=0     p95=112   p99=112   p99.9=112   p99.99=112   min=112   max=112  
[ping_task] 3: avg=150   std=0     p95=150   p99=150   p99.9=150   p99.99=150   min=150   max=150  
[ping_task] 2: avg=72    std=0     p95=72    p99=72    p99.9=72    p99.99=72    min=72    max=72   
[ping_task] 4: avg=58    std=0     p95=58    p99=58    p99.9=58    p99.99=58    min=58    max=58   
[ping_task] 6: avg=252   std=0     p95=252   p99=252   p99.9=252   p99.99=252   min=252   max=252  
[ping_task] 7: avg=136   std=0     p95=136   p99=136   p99.9=136   p99.99=136   min=136   max=136  
[ping_task] 5: avg=112   std=0     p95=112   p99=112   p99.9=112   p99.99=112   min=112   max=112  
[ping_task] 3: avg=150   std=0     p95=150   p99=150   p99.9=150   p99.99=150   min=150   max=150  
[ping_task] 2: avg=72    std=0     p95=72    p99=72    p99.9=72    p99.99=72    min=72    max=72   
[ping_task] 4: avg=58    std=0     p95=58    p99=58    p99.9=58    p99.99=58    min=58    max=58   
[ping_task] 6: avg=252   std=0     p95=252   p99=252   p99.9=252   p99.99=252   min=252   max=252  
[ping_task] 7: avg=136   std=0     p95=136   p99=136   p99.9=136   p99.99=136   min=136   max=136  
[ping_task] 5: avg=112   std=0     p95=112   p99=112   p99.9=112   p99.99=112   min=112   max=112  
[ping_task] 3: avg=150   std=0     p95=150   p99=150   p99.9=150   p99.99=150   min=150   max=150  
[ping_task] 2: avg=72    std=0     p95=72    p99=72    p99.9=72    p99.99=72    min=72    max=72   
[ping_task] 4: avg=58    std=0     p95=58    p99=58    p99.9=58    p99.99=58    min=58    max=58   
[ping_task] 6: avg=252   std=0     p95=252   p99=252   p99.9=252   p99.99=252   min=252   max=252  
[ping_task] 7: avg=136   std=0     p95=136   p99=136   p99.9=136   p99.99=136   min=136   max=136  
[ping_task] 5: avg=112   std=0     p95=112   p99=112   p99.9=112   p99.99=112   min=112   max=112  
[ping_task] 3: avg=150   std=0     p95=150   p99=150   p99.9=150   p99.99=150   min=150   max=150  
[ping_task] 2: avg=72    std=0     p95=72    p99=72    p99.9=72    p99.99=72    min=72    max=72   
[ping_task] 4: avg=58    std=0     p95=58    p99=58    p99.9=58    p99.99=58    min=58    max=58   
[ping_task] 6: avg=252   std=0     p95=252   p99=252   p99.9=252   p99.99=252   min=252   max=252  
[ping_task] 7: avg=136   std=0     p95=136   p99=136   p99.9=136   p99.99=136   min=136   max=136  
[ping_task] 5: avg=112   std=0     p95=112   p99=112   p99.9=112   p99.99=112   min=112   max=112  
[ping_task] 3: avg=150   std=0     p95=150   p99=150   p99.9=150   p99.99=150   min=150   max=150  
[ping_task] 2: avg=72    std=0     p95=72    p99=72    p99.9=72    p99.99=72    min=72    max=72   
[ping_task] 4: avg=58    std=0     p95=58    p99=58    p99.9=58    p99.99=58    min=58    max=58   
[ping_task] 6: avg=252   std=0     p95=252   p99=252   p99.9=252   p99.99=252   min=252   max=252  
[ping_task] 7: avg=136   std=0     p95=136   p99=136   p99.9=136   p99.99=136   min=136   max=136  
[ping_task] 5: avg=112   std=0     p95=112   p99=112   p99.9=112   p99.99=112   min=112   max=112  
[ping_task] 3: avg=150   std=0     p95=150   p99=150   p99.9=150   p99.99=150   min=150   max=150  
[ping_task] 2: avg=72    std=0     p95=72    p99=72    p99.9=72    p99.99=72    min=72    max=72   
[ping_task] 4: avg=58    std=0     p95=58    p99=58    p99.9=58    p99.99=58    min=58    max=58   
[ping_task] 6: avg=252   std=0     p95=252   p99=252   p99.9=252   p99.99=252   min=252   max=252  
[ping_task] 7: avg=136   std=0     p95=136   p99=136   p99.9=136   p99.99=136   min=136   max=136  
[ping_task] 5: avg=112   std=0     p95=112   p99=112   p99.9=112   p99.99=112   min=112   max=112  
[ping_task] 3: avg=150   std=0     p95=150   p99=150   p99.9=150   p99.99=150   min=150   max=150  
[ping_task] 2: avg=72    std=0     p95=72    p99=72    p99.9=72    p99.99=72    min=72    max=72   
[ping_task] 4: avg=58    std=0     p95=58    p99=58    p99.9=58    p99.99=58    min=58    max=58   
[ping_task] 6: avg=252   std=0     p95=252   p99=252   p99.9=252   p99.99=252   min=252   max=252  
[ping_task] 7: avg=136   std=0     p95=136   p99=136   p99.9=136   p99.99=136   min=136   max=136  
[ping_task] 5: avg=112   std=0     p95=112   p99=112   p99.9=112   p99.99=112   min=112   max=112  
[ping_task] 3: avg=150   std=0     p95=150   p99=150   p99.9=150   p99.99=150   min=150   max=150  
[client_server] client disconnected.
[client_server] client disconnected.
[client_server] client disconnected.
[client_server] client disconnected.
[client_server] client disconnected.
[client_server] client disconnected.
[client_server] client disconnected.
[client_server] client disconnected.
[client_server] client disconnected.
[client_server] client disconnected.
[client_server] client disconnected.
[client_server] client disconnected.
[client_server] client disconnected.
[client_server] client disconnected.
[ping_task] 2: avg=72    std=0     p95=72    p99=72    p99.9=72    p99.99=72    min=72    max=72   
[ping_task] 4: avg=58    std=0     p95=58    p99=58    p99.9=58    p99.99=58    min=58    max=58   
[ping_task] 6: avg=252   std=0     p95=252   p99=252   p99.9=252   p99.99=252   min=252   max=252  
[ping_task] 7: avg=136   std=0     p95=136   p99=136   p99.9=136   p99.99=136   min=136   max=136  
[ping_task] 5: avg=112   std=0     p95=112   p99=112   p99.9=112   p99.99=112   min=112   max=112  
[ping_task] 3: avg=150   std=0     p95=150   p99=150   p99.9=150   p99.99=150   min=150   max=150  
[client_server] client disconnected.
[client_server] client disconnected.
[ping_task] 2: avg=72    std=0     p95=72    p99=72    p99.9=72    p99.99=72    min=72    max=72   
[ping_task] 4: avg=58    std=0     p95=58    p99=58    p99.9=58    p99.99=58    min=58    max=58   
[ping_task] 6: avg=252   std=0     p95=252   p99=252   p99.9=252   p99.99=252   min=252   max=252  
[ping_task] 7: avg=136   std=0     p95=136   p99=136   p99.9=136   p99.99=136   min=136   max=136  
[ping_task] 5: avg=112   std=0     p95=112   p99=112   p99.9=112   p99.99=112   min=112   max=112  
[ping_task] 3: avg=150   std=0     p95=150   p99=150   p99.9=150   p99.99=150   min=150   max=150  
[ping_task] 2: avg=72    std=0     p95=72    p99=72    p99.9=72    p99.99=72    min=72    max=72   
[ping_task] 4: avg=58    std=0     p95=58    p99=58    p99.9=58    p99.99=58    min=58    max=58   
[ping_task] 6: avg=252   std=0     p95=252   p99=252   p99.9=252   p99.99=252   min=252   max=252  
[ping_task] 7: avg=136   std=0     p95=136   p99=136   p99.9=136   p99.99=136   min=136   max=136  
[ping_task] 5: avg=112   std=0     p95=112   p99=112   p99.9=112   p99.99=112   min=112   max=112  
[ping_task] 3: avg=150   std=0     p95=150   p99=150   p99.9=150   p99.99=150   min=150   max=150  
[ping_task] 2: avg=72    std=0     p95=72    p99=72    p99.9=72    p99.99=72    min=72    max=72   
[ping_task] 4: avg=58    std=0     p95=58    p99=58    p99.9=58    p99.99=58    min=58    max=58   
[ping_task] 6: avg=252   std=0     p95=252   p99=252   p99.9=252   p99.99=252   min=252   max=252  
[ping_task] 7: avg=136   std=0     p95=136   p99=136   p99.9=136   p99.99=136   min=136   max=136  
[ping_task] 5: avg=112   std=0     p95=112   p99=112   p99.9=112   p99.99=112   min=112   max=112  
[ping_task] 3: avg=150   std=0     p95=150   p99=150   p99.9=150   p99.99=150   min=150   max=150  
[ping_task] 2: avg=72    std=0     p95=72    p99=72    p99.9=72    p99.99=72    min=72    max=72   
[ping_task] 4: avg=58    std=0     p95=58    p99=58    p99.9=58    p99.99=58    min=58    max=58   
[ping_task] 6: avg=252   std=0     p95=252   p99=252   p99.9=252   p99.99=252   min=252   max=252  
[ping_task] 7: avg=136   std=0     p95=136   p99=136   p99.9=136   p99.99=136   min=136   max=136  
[ping_task] 5: avg=112   std=0     p95=112   p99=112   p99.9=112   p99.99=112   min=112   max=112  
[ping_task] 3: avg=150   std=0     p95=150   p99=150   p99.9=150   p99.99=150   min=150   max=150  
[ping_task] 2: avg=72    std=0     p95=72    p99=72    p99.9=72    p99.99=72    min=72    max=72   
[ping_task] 4: avg=58    std=0     p95=58    p99=58    p99.9=58    p99.99=58    min=58    max=58   
[ping_task] 6: avg=252   std=0     p95=252   p99=252   p99.9=252   p99.99=252   min=252   max=252  
[ping_task] 7: avg=136   std=0     p95=136   p99=136   p99.9=136   p99.99=136   min=136   max=136  
[ping_task] 5: avg=112   std=0     p95=112   p99=112   p99.9=112   p99.99=112   min=112   max=112  
[ping_task] 3: avg=150   std=0     p95=150   p99=150   p99.9=150   p99.99=150   min=150   max=150  
[ping_task] 2: avg=72    std=0     p95=72    p99=72    p99.9=72    p99.99=72    min=72    max=72   
[ping_task] 4: avg=58    std=0     p95=58    p99=58    p99.9=58    p99.99=58    min=58    max=58   
[ping_task] 6: avg=252   std=0     p95=252   p99=252   p99.9=252   p99.99=252   min=252   max=252  
[ping_task] 7: avg=136   std=0     p95=136   p99=136   p99.9=136   p99.99=136   min=136   max=136  
[ping_task] 5: avg=112   std=0     p95=112   p99=112   p99.9=112   p99.99=112   min=112   max=112  
[ping_task] 3: avg=150   std=0     p95=150   p99=150   p99.9=150   p99.99=150   min=150   max=150  
