process id: 3
sorted processes: None
ip: 0.0.0.0
port: 3003
client port: 4003
addresses: [("10.10.1.7:3004", Some(110ms)), ("10.10.1.9:3005", Some(169ms)), ("10.10.1.1:3001", Some(93ms)), ("10.10.1.3:3002", Some(90ms))]
config: Config { n: 5, f: 1, shard_count: 1, execute_at_commit: false, executor_cleanup_interval: 10ms, executor_executed_notification_interval: 50ms, executor_monitor_pending_interval: None, executor_monitor_execution_order: false, gc_interval: Some(50ms), leader: None, nfr: false, tempo_tiny_quorums: false, tempo_clock_bump_interval: None, tempo_detached_send_interval: Some(5ms), caesar_wait_condition: true, skip_fast_ack: false }
tcp_nodelay: true
tcp buffer size: 16777216
tcp flush interval: Some(5ms)
process channel buffer size: 100000000
client channel buffer size: 10000
workers: 16
executors: 16
multiplexing: 16
execution log: None
ping_interval: Some(500ms)
metrics file: Some("server_3.metrics")
stack size: 33554432
cpus: 8 of 16
[ping_task] 1: avg=186   std=0     p95=186   p99=186   p99.9=186   p99.99=186   min=186   max=186  
[ping_task] 2: avg=180   std=0     p95=180   p99=180   p99.9=180   p99.99=180   min=180   max=180  
[ping_task] 5: avg=338   std=0     p95=338   p99=338   p99.9=338   p99.99=338   min=338   max=338  
[ping_task] 4: avg=220   std=0     p95=220   p99=220   p99.9=220   p99.99=220   min=220   max=220  
[metrics_logger] started with log server_3.metrics
process 3 started
[ping_task] 1: avg=186   std=0     p95=186   p99=186   p99.9=186   p99.99=186   min=186   max=186  
[ping_task] 2: avg=180   std=0     p95=180   p99=180   p99.9=180   p99.99=180   min=180   max=180  
[ping_task] 5: avg=338   std=0     p95=338   p99=338   p99.9=338   p99.99=338   min=338   max=338  
[ping_task] 4: avg=220   std=0     p95=220   p99=220   p99.9=220   p99.99=220   min=220   max=220  
[ping_task] 1: avg=186   std=0     p95=186   p99=186   p99.9=186   p99.99=186   min=186   max=186  
[ping_task] 2: avg=180   std=0     p95=180   p99=180   p99.9=180   p99.99=180   min=180   max=180  
[ping_task] 5: avg=338   std=0     p95=338   p99=338   p99.9=338   p99.99=338   min=338   max=338  
[ping_task] 4: avg=220   std=0     p95=220   p99=220   p99.9=220   p99.99=220   min=220   max=220  
[ping_task] 1: avg=186   std=0     p95=186   p99=186   p99.9=186   p99.99=186   min=186   max=186  
[ping_task] 2: avg=180   std=0     p95=180   p99=180   p99.9=180   p99.99=180   min=180   max=180  
[ping_task] 5: avg=338   std=0     p95=338   p99=338   p99.9=338   p99.99=338   min=338   max=338  
[ping_task] 4: avg=220   std=0     p95=220   p99=220   p99.9=220   p99.99=220   min=220   max=220  
[ping_task] 1: avg=186   std=0     p95=186   p99=186   p99.9=186   p99.99=186   min=186   max=186  
[ping_task] 2: avg=180   std=0     p95=180   p99=180   p99.9=180   p99.99=180   min=180   max=180  
[ping_task] 5: avg=338   std=0     p95=338   p99=338   p99.9=338   p99.99=338   min=338   max=338  
[ping_task] 4: avg=220   std=0     p95=220   p99=220   p99.9=220   p99.99=220   min=220   max=220  
[ping_task] 1: avg=186   std=0     p95=186   p99=186   p99.9=186   p99.99=186   min=186   max=186  
[ping_task] 2: avg=180   std=0     p95=180   p99=180   p99.9=180   p99.99=180   min=180   max=180  
[ping_task] 5: avg=338   std=0     p95=338   p99=338   p99.9=338   p99.99=338   min=338   max=338  
[ping_task] 4: avg=220   std=0     p95=220   p99=220   p99.9=220   p99.99=220   min=220   max=220  
[ping_task] 1: avg=186   std=0     p95=186   p99=186   p99.9=186   p99.99=186   min=186   max=186  
[ping_task] 2: avg=180   std=0     p95=180   p99=180   p99.9=180   p99.99=180   min=180   max=180  
[ping_task] 5: avg=338   std=0     p95=338   p99=338   p99.9=338   p99.99=338   min=338   max=338  
[ping_task] 4: avg=220   std=0     p95=220   p99=220   p99.9=220   p99.99=220   min=220   max=220  
[ping_task] 1: avg=186   std=0     p95=186   p99=186   p99.9=186   p99.99=186   min=186   max=186  
[ping_task] 2: avg=180   std=0     p95=180   p99=180   p99.9=180   p99.99=180   min=180   max=180  
[ping_task] 5: avg=338   std=0     p95=338   p99=338   p99.9=338   p99.99=338   min=338   max=338  
[ping_task] 4: avg=220   std=0     p95=220   p99=220   p99.9=220   p99.99=220   min=220   max=220  
[ping_task] 1: avg=186   std=0     p95=186   p99=186   p99.9=186   p99.99=186   min=186   max=186  
[ping_task] 2: avg=180   std=0     p95=180   p99=180   p99.9=180   p99.99=180   min=180   max=180  
[ping_task] 5: avg=338   std=0     p95=338   p99=338   p99.9=338   p99.99=338   min=338   max=338  
[ping_task] 4: avg=220   std=0     p95=220   p99=220   p99.9=220   p99.99=220   min=220   max=220  
[ping_task] 1: avg=186   std=0     p95=186   p99=186   p99.9=186   p99.99=186   min=186   max=186  
[ping_task] 2: avg=180   std=0     p95=180   p99=180   p99.9=180   p99.99=180   min=180   max=180  
[ping_task] 5: avg=338   std=0     p95=338   p99=338   p99.9=338   p99.99=338   min=338   max=338  
[ping_task] 4: avg=220   std=0     p95=220   p99=220   p99.9=220   p99.99=220   min=220   max=220  
[ping_task] 1: avg=186   std=0     p95=186   p99=186   p99.9=186   p99.99=186   min=186   max=186  
[ping_task] 2: avg=180   std=0     p95=180   p99=180   p99.9=180   p99.99=180   min=180   max=180  
[ping_task] 5: avg=338   std=0     p95=338   p99=338   p99.9=338   p99.99=338   min=338   max=338  
[ping_task] 4: avg=220   std=0     p95=220   p99=220   p99.9=220   p99.99=220   min=220   max=220  
[ping_task] 1: avg=186   std=0     p95=186   p99=186   p99.9=186   p99.99=186   min=186   max=186  
[ping_task] 2: avg=180   std=0     p95=180   p99=180   p99.9=180   p99.99=180   min=180   max=180  
[ping_task] 5: avg=338   std=0     p95=338   p99=338   p99.9=338   p99.99=338   min=338   max=338  
[ping_task] 4: avg=220   std=0     p95=220   p99=220   p99.9=220   p99.99=220   min=220   max=220  
[ping_task] 1: avg=186   std=0     p95=186   p99=186   p99.9=186   p99.99=186   min=186   max=186  
[ping_task] 2: avg=180   std=0     p95=180   p99=180   p99.9=180   p99.99=180   min=180   max=180  
[ping_task] 5: avg=338   std=0     p95=338   p99=338   p99.9=338   p99.99=338   min=338   max=338  
[ping_task] 4: avg=220   std=0     p95=220   p99=220   p99.9=220   p99.99=220   min=220   max=220  
[ping_task] 1: avg=186   std=0     p95=186   p99=186   p99.9=186   p99.99=186   min=186   max=186  
[ping_task] 2: avg=180   std=0     p95=180   p99=180   p99.9=180   p99.99=180   min=180   max=180  
[ping_task] 5: avg=338   std=0     p95=338   p99=338   p99.9=338   p99.99=338   min=338   max=338  
[ping_task] 4: avg=220   std=0     p95=220   p99=220   p99.9=220   p99.99=220   min=220   max=220  
[ping_task] 1: avg=186   std=0     p95=186   p99=186   p99.9=186   p99.99=186   min=186   max=186  
[ping_task] 2: avg=180   std=0     p95=180   p99=180   p99.9=180   p99.99=180   min=180   max=180  
[ping_task] 5: avg=338   std=0     p95=338   p99=338   p99.9=338   p99.99=338   min=338   max=338  
[ping_task] 4: avg=220   std=0     p95=220   p99=220   p99.9=220   p99.99=220   min=220   max=220  
[ping_task] 1: avg=186   std=0     p95=186   p99=186   p99.9=186   p99.99=186   min=186   max=186  
[ping_task] 2: avg=180   std=0     p95=180   p99=180   p99.9=180   p99.99=180   min=180   max=180  
[ping_task] 5: avg=338   std=0     p95=338   p99=338   p99.9=338   p99.99=338   min=338   max=338  
[ping_task] 4: avg=220   std=0     p95=220   p99=220   p99.9=220   p99.99=220   min=220   max=220  
[ping_task] 1: avg=186   std=0     p95=186   p99=186   p99.9=186   p99.99=186   min=186   max=186  
[ping_task] 2: avg=180   std=0     p95=180   p99=180   p99.9=180   p99.99=180   min=180   max=180  
[ping_task] 5: avg=338   std=0     p95=338   p99=338   p99.9=338   p99.99=338   min=338   max=338  
[ping_task] 4: avg=220   std=0     p95=220   p99=220   p99.9=220   p99.99=220   min=220   max=220  
[ping_task] 1: avg=186   std=0     p95=186   p99=186   p99.9=186   p99.99=186   min=186   max=186  
[ping_task] 2: avg=180   std=0     p95=180   p99=180   p99.9=180   p99.99=180   min=180   max=180  
[ping_task] 5: avg=338   std=0     p95=338   p99=338   p99.9=338   p99.99=338   min=338   max=338  
[ping_task] 4: avg=220   std=0     p95=220   p99=220   p99.9=220   p99.99=220   min=220   max=220  
[ping_task] 1: avg=186   std=0     p95=186   p99=186   p99.9=186   p99.99=186   min=186   max=186  
[ping_task] 2: avg=180   std=0     p95=180   p99=180   p99.9=180   p99.99=180   min=180   max=180  
[ping_task] 5: avg=338   std=0     p95=338   p99=338   p99.9=338   p99.99=338   min=338   max=338  
[ping_task] 4: avg=220   std=0     p95=220   p99=220   p99.9=220   p99.99=220   min=220   max=220  
[ping_task] 1: avg=186   std=0     p95=186   p99=186   p99.9=186   p99.99=186   min=186   max=186  
[ping_task] 2: avg=180   std=0     p95=180   p99=180   p99.9=180   p99.99=180   min=180   max=180  
[ping_task] 5: avg=338   std=0     p95=338   p99=338   p99.9=338   p99.99=338   min=338   max=338  
[ping_task] 4: avg=220   std=0     p95=220   p99=220   p99.9=220   p99.99=220   min=220   max=220  
[client_server] client disconnected.
[client_server] client disconnected.
[client_server] client disconnected.
[client_server] client disconnected.
[client_server] client disconnected.
[client_server] client disconnected.
[client_server] client disconnected.
[client_server] client disconnected.
[client_server] client disconnected.
[client_server] client disconnected.
[client_server] client disconnected.
[client_server] client disconnected.
[client_server] client disconnected.
[client_server] client disconnected.
[client_server] client disconnected.
[client_server] client disconnected.
[ping_task] 1: avg=186   std=0     p95=186   p99=186   p99.9=186   p99.99=186   min=186   max=186  
[ping_task] 2: avg=180   std=0     p95=180   p99=180   p99.9=180   p99.99=180   min=180   max=180  
[ping_task] 5: avg=338   std=0     p95=338   p99=338   p99.9=338   p99.99=338   min=338   max=338  
[ping_task] 4: avg=220   std=0     p95=220   p99=220   p99.9=220   p99.99=220   min=220   max=220  
[ping_task] 1: avg=186   std=0     p95=186   p99=186   p99.9=186   p99.99=186   min=186   max=186  
[ping_task] 2: avg=180   std=0     p95=180   p99=180   p99.9=180   p99.99=180   min=180   max=180  
[ping_task] 5: avg=338   std=0     p95=338   p99=338   p99.9=338   p99.99=338   min=338   max=338  
[ping_task] 4: avg=220   std=0     p95=220   p99=220   p99.9=220   p99.99=220   min=220   max=220  
