process id: 5
sorted processes: None
ip: 0.0.0.0
port: 3005
client port: 4005
addresses: [("10.10.1.1:3001", Some(91ms)), ("10.10.1.3:3002", Some(95ms)), ("10.10.1.5:3003", Some(169ms)), ("10.10.1.7:3004", Some(61ms))]
config: Config { n: 5, f: 1, shard_count: 1, execute_at_commit: false, executor_cleanup_interval: 10ms, executor_executed_notification_interval: 50ms, executor_monitor_pending_interval: None, executor_monitor_execution_order: false, gc_interval: Some(50ms), leader: None, nfr: false, tempo_tiny_quorums: false, tempo_clock_bump_interval: None, tempo_detached_send_interval: Some(5ms), caesar_wait_condition: true, skip_fast_ack: false }
tcp_nodelay: true
tcp buffer size: 16777216
tcp flush interval: Some(5ms)
process channel buffer size: 100000000
client channel buffer size: 10000
workers: 16
executors: 16
multiplexing: 16
execution log: None
ping_interval: Some(500ms)
metrics file: Some("server_5.metrics")
stack size: 33554432
cpus: 8 of 16
failed to connect to "10.10.1.3:3002": Connection refused (os error 111)
will try again in 1 second (1 out of 100)
[metrics_logger] started with log server_5.metrics
process 5 started
[ping_task] 1: avg=182   std=0     p95=182   p99=182   p99.9=182   p99.99=182   min=182   max=182  
[ping_task] 2: avg=190   std=0     p95=190   p99=190   p99.9=190   p99.99=190   min=190   max=190  
[ping_task] 3: avg=338   std=0     p95=338   p99=338   p99.9=338   p99.99=338   min=338   max=338  
[ping_task] 4: avg=122   std=0     p95=122   p99=122   p99.9=122   p99.99=122   min=122   max=122  
[ping_task] 1: avg=182   std=0     p95=182   p99=182   p99.9=182   p99.99=182   min=182   max=182  
[ping_task] 2: avg=190   std=0     p95=190   p99=190   p99.9=190   p99.99=190   min=190   max=190  
[ping_task] 3: avg=338   std=0     p95=338   p99=338   p99.9=338   p99.99=338   min=338   max=338  
[ping_task] 4: avg=122   std=0     p95=122   p99=122   p99.9=122   p99.99=122   min=122   max=122  
[ping_task] 1: avg=182   std=0     p95=182   p99=182   p99.9=182   p99.99=182   min=182   max=182  
[ping_task] 2: avg=190   std=0     p95=190   p99=190   p99.9=190   p99.99=190   min=190   max=190  
[ping_task] 3: avg=338   std=0     p95=338   p99=338   p99.9=338   p99.99=338   min=338   max=338  
[ping_task] 4: avg=122   std=0     p95=122   p99=122   p99.9=122   p99.99=122   min=122   max=122  
[ping_task] 1: avg=182   std=0     p95=182   p99=182   p99.9=182   p99.99=182   min=182   max=182  
[ping_task] 2: avg=190   std=0     p95=190   p99=190   p99.9=190   p99.99=190   min=190   max=190  
[ping_task] 3: avg=338   std=0     p95=338   p99=338   p99.9=338   p99.99=338   min=338   max=338  
[ping_task] 4: avg=122   std=0     p95=122   p99=122   p99.9=122   p99.99=122   min=122   max=122  
[ping_task] 1: avg=182   std=0     p95=182   p99=182   p99.9=182   p99.99=182   min=182   max=182  
[ping_task] 2: avg=190   std=0     p95=190   p99=190   p99.9=190   p99.99=190   min=190   max=190  
[ping_task] 3: avg=338   std=0     p95=338   p99=338   p99.9=338   p99.99=338   min=338   max=338  
[ping_task] 4: avg=122   std=0     p95=122   p99=122   p99.9=122   p99.99=122   min=122   max=122  
[ping_task] 1: avg=182   std=0     p95=182   p99=182   p99.9=182   p99.99=182   min=182   max=182  
[ping_task] 2: avg=190   std=0     p95=190   p99=190   p99.9=190   p99.99=190   min=190   max=190  
[ping_task] 3: avg=338   std=0     p95=338   p99=338   p99.9=338   p99.99=338   min=338   max=338  
[ping_task] 4: avg=122   std=0     p95=122   p99=122   p99.9=122   p99.99=122   min=122   max=122  
[ping_task] 1: avg=182   std=0     p95=182   p99=182   p99.9=182   p99.99=182   min=182   max=182  
[ping_task] 2: avg=190   std=0     p95=190   p99=190   p99.9=190   p99.99=190   min=190   max=190  
[ping_task] 3: avg=338   std=0     p95=338   p99=338   p99.9=338   p99.99=338   min=338   max=338  
[ping_task] 4: avg=122   std=0     p95=122   p99=122   p99.9=122   p99.99=122   min=122   max=122  
[ping_task] 1: avg=182   std=0     p95=182   p99=182   p99.9=182   p99.99=182   min=182   max=182  
[ping_task] 2: avg=190   std=0     p95=190   p99=190   p99.9=190   p99.99=190   min=190   max=190  
[ping_task] 3: avg=338   std=0     p95=338   p99=338   p99.9=338   p99.99=338   min=338   max=338  
[ping_task] 4: avg=122   std=0     p95=122   p99=122   p99.9=122   p99.99=122   min=122   max=122  
[ping_task] 1: avg=182   std=0     p95=182   p99=182   p99.9=182   p99.99=182   min=182   max=182  
[ping_task] 2: avg=190   std=0     p95=190   p99=190   p99.9=190   p99.99=190   min=190   max=190  
[ping_task] 3: avg=338   std=0     p95=338   p99=338   p99.9=338   p99.99=338   min=338   max=338  
[ping_task] 4: avg=122   std=0     p95=122   p99=122   p99.9=122   p99.99=122   min=122   max=122  
[ping_task] 1: avg=182   std=0     p95=182   p99=182   p99.9=182   p99.99=182   min=182   max=182  
[ping_task] 2: avg=190   std=0     p95=190   p99=190   p99.9=190   p99.99=190   min=190   max=190  
[ping_task] 3: avg=338   std=0     p95=338   p99=338   p99.9=338   p99.99=338   min=338   max=338  
[ping_task] 4: avg=122   std=0     p95=122   p99=122   p99.9=122   p99.99=122   min=122   max=122  
[ping_task] 1: avg=182   std=0     p95=182   p99=182   p99.9=182   p99.99=182   min=182   max=182  
[ping_task] 2: avg=190   std=0     p95=190   p99=190   p99.9=190   p99.99=190   min=190   max=190  
[ping_task] 3: avg=338   std=0     p95=338   p99=338   p99.9=338   p99.99=338   min=338   max=338  
[ping_task] 4: avg=122   std=0     p95=122   p99=122   p99.9=122   p99.99=122   min=122   max=122  
[ping_task] 1: avg=182   std=0     p95=182   p99=182   p99.9=182   p99.99=182   min=182   max=182  
[ping_task] 2: avg=190   std=0     p95=190   p99=190   p99.9=190   p99.99=190   min=190   max=190  
[ping_task] 3: avg=338   std=0     p95=338   p99=338   p99.9=338   p99.99=338   min=338   max=338  
[ping_task] 4: avg=122   std=0     p95=122   p99=122   p99.9=122   p99.99=122   min=122   max=122  
[ping_task] 1: avg=182   std=0     p95=182   p99=182   p99.9=182   p99.99=182   min=182   max=182  
[ping_task] 2: avg=190   std=0     p95=190   p99=190   p99.9=190   p99.99=190   min=190   max=190  
[ping_task] 3: avg=338   std=0     p95=338   p99=338   p99.9=338   p99.99=338   min=338   max=338  
[ping_task] 4: avg=122   std=0     p95=122   p99=122   p99.9=122   p99.99=122   min=122   max=122  
[ping_task] 1: avg=182   std=0     p95=182   p99=182   p99.9=182   p99.99=182   min=182   max=182  
[ping_task] 2: avg=190   std=0     p95=190   p99=190   p99.9=190   p99.99=190   min=190   max=190  
[ping_task] 3: avg=338   std=0     p95=338   p99=338   p99.9=338   p99.99=338   min=338   max=338  
[ping_task] 4: avg=122   std=0     p95=122   p99=122   p99.9=122   p99.99=122   min=122   max=122  
[ping_task] 1: avg=182   std=0     p95=182   p99=182   p99.9=182   p99.99=182   min=182   max=182  
[ping_task] 2: avg=190   std=0     p95=190   p99=190   p99.9=190   p99.99=190   min=190   max=190  
[ping_task] 3: avg=338   std=0     p95=338   p99=338   p99.9=338   p99.99=338   min=338   max=338  
[ping_task] 4: avg=122   std=0     p95=122   p99=122   p99.9=122   p99.99=122   min=122   max=122  
[ping_task] 1: avg=182   std=0     p95=182   p99=182   p99.9=182   p99.99=182   min=182   max=182  
[ping_task] 2: avg=190   std=0     p95=190   p99=190   p99.9=190   p99.99=190   min=190   max=190  
[ping_task] 3: avg=338   std=0     p95=338   p99=338   p99.9=338   p99.99=338   min=338   max=338  
[ping_task] 4: avg=122   std=0     p95=122   p99=122   p99.9=122   p99.99=122   min=122   max=122  
[ping_task] 1: avg=182   std=0     p95=182   p99=182   p99.9=182   p99.99=182   min=182   max=182  
[ping_task] 2: avg=190   std=0     p95=190   p99=190   p99.9=190   p99.99=190   min=190   max=190  
[ping_task] 3: avg=338   std=0     p95=338   p99=338   p99.9=338   p99.99=338   min=338   max=338  
[ping_task] 4: avg=122   std=0     p95=122   p99=122   p99.9=122   p99.99=122   min=122   max=122  
[ping_task] 1: avg=182   std=0     p95=182   p99=182   p99.9=182   p99.99=182   min=182   max=182  
[ping_task] 2: avg=190   std=0     p95=190   p99=190   p99.9=190   p99.99=190   min=190   max=190  
[ping_task] 3: avg=338   std=0     p95=338   p99=338   p99.9=338   p99.99=338   min=338   max=338  
[ping_task] 4: avg=122   std=0     p95=122   p99=122   p99.9=122   p99.99=122   min=122   max=122  
[ping_task] 1: avg=182   std=0     p95=182   p99=182   p99.9=182   p99.99=182   min=182   max=182  
[ping_task] 2: avg=190   std=0     p95=190   p99=190   p99.9=190   p99.99=190   min=190   max=190  
[ping_task] 3: avg=338   std=0     p95=338   p99=338   p99.9=338   p99.99=338   min=338   max=338  
[ping_task] 4: avg=122   std=0     p95=122   p99=122   p99.9=122   p99.99=122   min=122   max=122  
[ping_task] 1: avg=182   std=0     p95=182   p99=182   p99.9=182   p99.99=182   min=182   max=182  
[ping_task] 2: avg=190   std=0     p95=190   p99=190   p99.9=190   p99.99=190   min=190   max=190  
[ping_task] 3: avg=338   std=0     p95=338   p99=338   p99.9=338   p99.99=338   min=338   max=338  
[ping_task] 4: avg=122   std=0     p95=122   p99=122   p99.9=122   p99.99=122   min=122   max=122  
[client_server] client disconnected.
[client_server] client disconnected.
[client_server] client disconnected.
[client_server] client disconnected.
[client_server] client disconnected.
[client_server] client disconnected.
[client_server] client disconnected.
[client_server] client disconnected.
[client_server] client disconnected.
[client_server] client disconnected.
[client_server] client disconnected.
[client_server] client disconnected.
[client_server] client disconnected.
[client_server] client disconnected.
[client_server] client disconnected.
[client_server] client disconnected.
[ping_task] 1: avg=182   std=0     p95=182   p99=182   p99.9=182   p99.99=182   min=182   max=182  
[ping_task] 2: avg=190   std=0     p95=190   p99=190   p99.9=190   p99.99=190   min=190   max=190  
[ping_task] 3: avg=338   std=0     p95=338   p99=338   p99.9=338   p99.99=338   min=338   max=338  
[ping_task] 4: avg=122   std=0     p95=122   p99=122   p99.9=122   p99.99=122   min=122   max=122  
[ping_task] 1: avg=182   std=0     p95=182   p99=182   p99.9=182   p99.99=182   min=182   max=182  
[ping_task] 2: avg=190   std=0     p95=190   p99=190   p99.9=190   p99.99=190   min=190   max=190  
[ping_task] 3: avg=338   std=0     p95=338   p99=338   p99.9=338   p99.99=338   min=338   max=338  
[ping_task] 4: avg=122   std=0     p95=122   p99=122   p99.9=122   p99.99=122   min=122   max=122  
